15-Jul-2024 07:58:46.510 INFO [main] org.apache.catalina.startup.VersionLoggerListener.log Server version name:   Apache Tomcat/10.1.23
15-Jul-2024 07:58:46.526 INFO [main] org.apache.catalina.startup.VersionLoggerListener.log Server built:          Apr 16 2024 12:17:18 UTC
15-Jul-2024 07:58:46.528 INFO [main] org.apache.catalina.startup.VersionLoggerListener.log Server version number: 10.1.23.0
15-Jul-2024 07:58:46.529 INFO [main] org.apache.catalina.startup.VersionLoggerListener.log OS Name:               Windows 10
15-Jul-2024 07:58:46.529 INFO [main] org.apache.catalina.startup.VersionLoggerListener.log OS Version:            10.0
15-Jul-2024 07:58:46.529 INFO [main] org.apache.catalina.startup.VersionLoggerListener.log Architecture:          amd64
15-Jul-2024 07:58:46.530 INFO [main] org.apache.catalina.startup.VersionLoggerListener.log Java Home:             C:\Program Files\Java\jdk-17
15-Jul-2024 07:58:46.530 INFO [main] org.apache.catalina.startup.VersionLoggerListener.log JVM Version:           17.0.11+7-LTS-207
15-Jul-2024 07:58:46.530 INFO [main] org.apache.catalina.startup.VersionLoggerListener.log JVM Vendor:            Oracle Corporation
15-Jul-2024 07:58:46.531 INFO [main] org.apache.catalina.startup.VersionLoggerListener.log CATALINA_BASE:         D:\Programming\Java\Tomcat\apache-tomcat-10.1.23
15-Jul-2024 07:58:46.531 INFO [main] org.apache.catalina.startup.VersionLoggerListener.log CATALINA_HOME:         D:\Programming\Java\Tomcat\apache-tomcat-10.1.23
15-Jul-2024 07:58:46.549 INFO [main] org.apache.catalina.startup.VersionLoggerListener.log Command line argument: -Djava.util.logging.config.file=D:\Programming\Java\Tomcat\apache-tomcat-10.1.23\conf\logging.properties
15-Jul-2024 07:58:46.549 INFO [main] org.apache.catalina.startup.VersionLoggerListener.log Command line argument: -Djava.util.logging.manager=org.apache.juli.ClassLoaderLogManager
15-Jul-2024 07:58:46.549 INFO [main] org.apache.catalina.startup.VersionLoggerListener.log Command line argument: -Djdk.tls.ephemeralDHKeySize=2048
15-Jul-2024 07:58:46.549 INFO [main] org.apache.catalina.startup.VersionLoggerListener.log Command line argument: -Djava.protocol.handler.pkgs=org.apache.catalina.webresources
15-Jul-2024 07:58:46.549 INFO [main] org.apache.catalina.startup.VersionLoggerListener.log Command line argument: --add-opens=java.base/java.lang=ALL-UNNAMED
15-Jul-2024 07:58:46.549 INFO [main] org.apache.catalina.startup.VersionLoggerListener.log Command line argument: --add-opens=java.base/java.io=ALL-UNNAMED
15-Jul-2024 07:58:46.549 INFO [main] org.apache.catalina.startup.VersionLoggerListener.log Command line argument: --add-opens=java.base/java.util=ALL-UNNAMED
15-Jul-2024 07:58:46.549 INFO [main] org.apache.catalina.startup.VersionLoggerListener.log Command line argument: --add-opens=java.base/java.util.concurrent=ALL-UNNAMED
15-Jul-2024 07:58:46.549 INFO [main] org.apache.catalina.startup.VersionLoggerListener.log Command line argument: --add-opens=java.rmi/sun.rmi.transport=ALL-UNNAMED
15-Jul-2024 07:58:46.549 INFO [main] org.apache.catalina.startup.VersionLoggerListener.log Command line argument: -Dcatalina.base=D:\Programming\Java\Tomcat\apache-tomcat-10.1.23
15-Jul-2024 07:58:46.549 INFO [main] org.apache.catalina.startup.VersionLoggerListener.log Command line argument: -Dcatalina.home=D:\Programming\Java\Tomcat\apache-tomcat-10.1.23
15-Jul-2024 07:58:46.549 INFO [main] org.apache.catalina.startup.VersionLoggerListener.log Command line argument: -Djava.io.tmpdir=D:\Programming\Java\Tomcat\apache-tomcat-10.1.23\temp
15-Jul-2024 07:58:46.611 INFO [main] org.apache.catalina.core.AprLifecycleListener.lifecycleEvent Loaded Apache Tomcat Native library [2.0.7] using APR version [1.7.4].
15-Jul-2024 07:58:46.665 INFO [main] org.apache.catalina.core.AprLifecycleListener.initializeSSL OpenSSL successfully initialized [OpenSSL 3.0.13 30 Jan 2024]
15-Jul-2024 07:58:47.178 INFO [main] org.apache.coyote.AbstractProtocol.init Initializing ProtocolHandler ["http-nio-8080"]
15-Jul-2024 07:58:47.262 INFO [main] org.apache.catalina.startup.Catalina.load Server initialization in [1187] milliseconds
15-Jul-2024 07:58:47.369 INFO [main] org.apache.catalina.core.StandardService.startInternal Starting service [Catalina]
15-Jul-2024 07:58:47.369 INFO [main] org.apache.catalina.core.StandardEngine.startInternal Starting Servlet engine: [Apache Tomcat/10.1.23]
15-Jul-2024 07:58:47.387 INFO [main] org.apache.catalina.startup.HostConfig.deployDescriptor Deploying deployment descriptor [D:\Programming\Java\Tomcat\apache-tomcat-10.1.23\conf\Catalina\localhost\Assignment.xml]
15-Jul-2024 07:58:47.455 WARNING [main] org.apache.catalina.startup.HostConfig.deployDescriptor The path attribute with value [/Assignment] in deployment descriptor [D:\Programming\Java\Tomcat\apache-tomcat-10.1.23\conf\Catalina\localhost\Assignment.xml] has been ignored
15-Jul-2024 07:58:50.603 INFO [main] org.apache.jasper.servlet.TldScanner.scanJars At least one JAR was scanned for TLDs yet contained no TLDs. Enable debug logging for this logger for a complete list of JARs that were scanned but no TLDs were found in them. Skipping unneeded JARs during scanning can improve startup time and JSP compilation time.
15-Jul-2024 07:58:50.851 WARNING [main] org.apache.catalina.util.SessionIdGeneratorBase.createSecureRandom Creation of SecureRandom instance for session ID generation using [SHA1PRNG] took [109] milliseconds.
15-Jul-2024 07:58:50.915 INFO [main] org.apache.catalina.startup.HostConfig.deployDescriptor Deployment of deployment descriptor [D:\Programming\Java\Tomcat\apache-tomcat-10.1.23\conf\Catalina\localhost\Assignment.xml] has finished in [3,529] ms
15-Jul-2024 07:58:50.916 INFO [main] org.apache.catalina.startup.HostConfig.deployDescriptor Deploying deployment descriptor [D:\Programming\Java\Tomcat\apache-tomcat-10.1.23\conf\Catalina\localhost\CreateServletUltraSpeed.xml]
15-Jul-2024 07:58:50.922 WARNING [main] org.apache.catalina.startup.HostConfig.deployDescriptor The path attribute with value [/CreateServletUltraSpeed] in deployment descriptor [D:\Programming\Java\Tomcat\apache-tomcat-10.1.23\conf\Catalina\localhost\CreateServletUltraSpeed.xml] has been ignored
15-Jul-2024 07:58:51.007 INFO [main] org.apache.catalina.startup.HostConfig.deployDescriptor Deployment of deployment descriptor [D:\Programming\Java\Tomcat\apache-tomcat-10.1.23\conf\Catalina\localhost\CreateServletUltraSpeed.xml] has finished in [91] ms
15-Jul-2024 07:58:51.008 INFO [main] org.apache.catalina.startup.HostConfig.deployDescriptor Deploying deployment descriptor [D:\Programming\Java\Tomcat\apache-tomcat-10.1.23\conf\Catalina\localhost\CreateServletXML.xml]
15-Jul-2024 07:58:51.010 WARNING [main] org.apache.catalina.startup.HostConfig.deployDescriptor The path attribute with value [/CreateServletXML] in deployment descriptor [D:\Programming\Java\Tomcat\apache-tomcat-10.1.23\conf\Catalina\localhost\CreateServletXML.xml] has been ignored
15-Jul-2024 07:58:51.132 INFO [main] org.apache.catalina.startup.HostConfig.deployDescriptor Deployment of deployment descriptor [D:\Programming\Java\Tomcat\apache-tomcat-10.1.23\conf\Catalina\localhost\CreateServletXML.xml] has finished in [122] ms
15-Jul-2024 07:58:51.132 INFO [main] org.apache.catalina.startup.HostConfig.deployDescriptor Deploying deployment descriptor [D:\Programming\Java\Tomcat\apache-tomcat-10.1.23\conf\Catalina\localhost\CRUD_With_Collection.xml]
15-Jul-2024 07:58:51.134 WARNING [main] org.apache.catalina.startup.HostConfig.deployDescriptor The path attribute with value [/CRUD_With_Collection] in deployment descriptor [D:\Programming\Java\Tomcat\apache-tomcat-10.1.23\conf\Catalina\localhost\CRUD_With_Collection.xml] has been ignored
15-Jul-2024 07:58:52.424 INFO [main] org.apache.jasper.servlet.TldScanner.scanJars At least one JAR was scanned for TLDs yet contained no TLDs. Enable debug logging for this logger for a complete list of JARs that were scanned but no TLDs were found in them. Skipping unneeded JARs during scanning can improve startup time and JSP compilation time.
15-Jul-2024 07:58:52.506 INFO [main] org.apache.catalina.startup.HostConfig.deployDescriptor Deployment of deployment descriptor [D:\Programming\Java\Tomcat\apache-tomcat-10.1.23\conf\Catalina\localhost\CRUD_With_Collection.xml] has finished in [1,374] ms
15-Jul-2024 07:58:52.507 INFO [main] org.apache.catalina.startup.HostConfig.deployDescriptor Deploying deployment descriptor [D:\Programming\Java\Tomcat\apache-tomcat-10.1.23\conf\Catalina\localhost\CRUD_With_DB.xml]
15-Jul-2024 07:58:52.511 WARNING [main] org.apache.catalina.startup.HostConfig.deployDescriptor The path attribute with value [/CRUD_With_DB] in deployment descriptor [D:\Programming\Java\Tomcat\apache-tomcat-10.1.23\conf\Catalina\localhost\CRUD_With_DB.xml] has been ignored
15-Jul-2024 07:58:54.041 INFO [main] org.apache.jasper.servlet.TldScanner.scanJars At least one JAR was scanned for TLDs yet contained no TLDs. Enable debug logging for this logger for a complete list of JARs that were scanned but no TLDs were found in them. Skipping unneeded JARs during scanning can improve startup time and JSP compilation time.
15-Jul-2024 07:58:54.117 INFO [main] org.apache.catalina.startup.HostConfig.deployDescriptor Deployment of deployment descriptor [D:\Programming\Java\Tomcat\apache-tomcat-10.1.23\conf\Catalina\localhost\CRUD_With_DB.xml] has finished in [1,610] ms
15-Jul-2024 07:58:54.118 INFO [main] org.apache.catalina.startup.HostConfig.deployDescriptor Deploying deployment descriptor [D:\Programming\Java\Tomcat\apache-tomcat-10.1.23\conf\Catalina\localhost\Filter.xml]
15-Jul-2024 07:58:54.119 WARNING [main] org.apache.catalina.startup.HostConfig.deployDescriptor The path attribute with value [/Filter] in deployment descriptor [D:\Programming\Java\Tomcat\apache-tomcat-10.1.23\conf\Catalina\localhost\Filter.xml] has been ignored
15-Jul-2024 07:58:54.190 INFO [main] org.apache.catalina.startup.HostConfig.deployDescriptor Deployment of deployment descriptor [D:\Programming\Java\Tomcat\apache-tomcat-10.1.23\conf\Catalina\localhost\Filter.xml] has finished in [72] ms
15-Jul-2024 07:58:54.190 INFO [main] org.apache.catalina.startup.HostConfig.deployDescriptor Deploying deployment descriptor [D:\Programming\Java\Tomcat\apache-tomcat-10.1.23\conf\Catalina\localhost\FilterAuthentication.xml]
15-Jul-2024 07:58:54.192 WARNING [main] org.apache.catalina.startup.HostConfig.deployDescriptor The path attribute with value [/FilterAuthentication] in deployment descriptor [D:\Programming\Java\Tomcat\apache-tomcat-10.1.23\conf\Catalina\localhost\FilterAuthentication.xml] has been ignored
15-Jul-2024 07:58:54.266 INFO [main] org.apache.catalina.startup.HostConfig.deployDescriptor Deployment of deployment descriptor [D:\Programming\Java\Tomcat\apache-tomcat-10.1.23\conf\Catalina\localhost\FilterAuthentication.xml] has finished in [76] ms
15-Jul-2024 07:58:54.266 INFO [main] org.apache.catalina.startup.HostConfig.deployDescriptor Deploying deployment descriptor [D:\Programming\Java\Tomcat\apache-tomcat-10.1.23\conf\Catalina\localhost\FilterConfig.xml]
15-Jul-2024 07:58:54.268 WARNING [main] org.apache.catalina.startup.HostConfig.deployDescriptor The path attribute with value [/FilterConfig] in deployment descriptor [D:\Programming\Java\Tomcat\apache-tomcat-10.1.23\conf\Catalina\localhost\FilterConfig.xml] has been ignored
15-Jul-2024 07:58:54.359 INFO [main] org.apache.catalina.startup.HostConfig.deployDescriptor Deployment of deployment descriptor [D:\Programming\Java\Tomcat\apache-tomcat-10.1.23\conf\Catalina\localhost\FilterConfig.xml] has finished in [93] ms
15-Jul-2024 07:58:54.359 INFO [main] org.apache.catalina.startup.HostConfig.deployDescriptor Deploying deployment descriptor [D:\Programming\Java\Tomcat\apache-tomcat-10.1.23\conf\Catalina\localhost\FORUSER_Ex1.xml]
15-Jul-2024 07:58:54.359 WARNING [main] org.apache.catalina.startup.HostConfig.deployDescriptor The path attribute with value [/FORUSER_Ex1] in deployment descriptor [D:\Programming\Java\Tomcat\apache-tomcat-10.1.23\conf\Catalina\localhost\FORUSER_Ex1.xml] has been ignored
15-Jul-2024 07:58:54.436 INFO [main] org.apache.catalina.startup.HostConfig.deployDescriptor Deployment of deployment descriptor [D:\Programming\Java\Tomcat\apache-tomcat-10.1.23\conf\Catalina\localhost\FORUSER_Ex1.xml] has finished in [76] ms
15-Jul-2024 07:58:54.436 INFO [main] org.apache.catalina.startup.HostConfig.deployDescriptor Deploying deployment descriptor [D:\Programming\Java\Tomcat\apache-tomcat-10.1.23\conf\Catalina\localhost\FORUSER_Ex3.xml]
15-Jul-2024 07:58:54.438 WARNING [main] org.apache.catalina.startup.HostConfig.deployDescriptor The path attribute with value [/FORUSER_Ex3] in deployment descriptor [D:\Programming\Java\Tomcat\apache-tomcat-10.1.23\conf\Catalina\localhost\FORUSER_Ex3.xml] has been ignored
15-Jul-2024 07:58:54.519 INFO [main] org.apache.catalina.startup.HostConfig.deployDescriptor Deployment of deployment descriptor [D:\Programming\Java\Tomcat\apache-tomcat-10.1.23\conf\Catalina\localhost\FORUSER_Ex3.xml] has finished in [83] ms
15-Jul-2024 07:58:54.519 INFO [main] org.apache.catalina.startup.HostConfig.deployDescriptor Deploying deployment descriptor [D:\Programming\Java\Tomcat\apache-tomcat-10.1.23\conf\Catalina\localhost\FORUSER_Ex4.xml]
15-Jul-2024 07:58:54.519 WARNING [main] org.apache.catalina.startup.HostConfig.deployDescriptor The path attribute with value [/FORUSER_Ex4] in deployment descriptor [D:\Programming\Java\Tomcat\apache-tomcat-10.1.23\conf\Catalina\localhost\FORUSER_Ex4.xml] has been ignored
15-Jul-2024 07:58:54.608 INFO [main] org.apache.catalina.startup.HostConfig.deployDescriptor Deployment of deployment descriptor [D:\Programming\Java\Tomcat\apache-tomcat-10.1.23\conf\Catalina\localhost\FORUSER_Ex4.xml] has finished in [88] ms
15-Jul-2024 07:58:54.610 INFO [main] org.apache.catalina.startup.HostConfig.deployDescriptor Deploying deployment descriptor [D:\Programming\Java\Tomcat\apache-tomcat-10.1.23\conf\Catalina\localhost\FORUSER_Ex5.xml]
15-Jul-2024 07:58:54.613 WARNING [main] org.apache.catalina.startup.HostConfig.deployDescriptor The path attribute with value [/FORUSER_Ex5] in deployment descriptor [D:\Programming\Java\Tomcat\apache-tomcat-10.1.23\conf\Catalina\localhost\FORUSER_Ex5.xml] has been ignored
15-Jul-2024 07:58:54.699 INFO [main] org.apache.catalina.startup.HostConfig.deployDescriptor Deployment of deployment descriptor [D:\Programming\Java\Tomcat\apache-tomcat-10.1.23\conf\Catalina\localhost\FORUSER_Ex5.xml] has finished in [89] ms
15-Jul-2024 07:58:54.699 INFO [main] org.apache.catalina.startup.HostConfig.deployDescriptor Deploying deployment descriptor [D:\Programming\Java\Tomcat\apache-tomcat-10.1.23\conf\Catalina\localhost\Human.xml]
15-Jul-2024 07:58:54.699 WARNING [main] org.apache.catalina.startup.HostConfig.deployDescriptor The path attribute with value [/Human] in deployment descriptor [D:\Programming\Java\Tomcat\apache-tomcat-10.1.23\conf\Catalina\localhost\Human.xml] has been ignored
15-Jul-2024 07:58:54.954 INFO [main] org.apache.jasper.servlet.TldScanner.scanJars At least one JAR was scanned for TLDs yet contained no TLDs. Enable debug logging for this logger for a complete list of JARs that were scanned but no TLDs were found in them. Skipping unneeded JARs during scanning can improve startup time and JSP compilation time.
15-Jul-2024 07:58:54.959 INFO [main] org.apache.catalina.startup.HostConfig.deployDescriptor Deployment of deployment descriptor [D:\Programming\Java\Tomcat\apache-tomcat-10.1.23\conf\Catalina\localhost\Human.xml] has finished in [260] ms
15-Jul-2024 07:58:54.959 INFO [main] org.apache.catalina.startup.HostConfig.deployDescriptor Deploying deployment descriptor [D:\Programming\Java\Tomcat\apache-tomcat-10.1.23\conf\Catalina\localhost\InitParamAndContextParam.xml]
15-Jul-2024 07:58:54.961 WARNING [main] org.apache.catalina.startup.HostConfig.deployDescriptor The path attribute with value [/InitParamAndContextParam] in deployment descriptor [D:\Programming\Java\Tomcat\apache-tomcat-10.1.23\conf\Catalina\localhost\InitParamAndContextParam.xml] has been ignored
15-Jul-2024 07:58:54.999 INFO [main] org.apache.catalina.startup.HostConfig.deployDescriptor Deployment of deployment descriptor [D:\Programming\Java\Tomcat\apache-tomcat-10.1.23\conf\Catalina\localhost\InitParamAndContextParam.xml] has finished in [40] ms
15-Jul-2024 07:58:54.999 INFO [main] org.apache.catalina.startup.HostConfig.deployDescriptor Deploying deployment descriptor [D:\Programming\Java\Tomcat\apache-tomcat-10.1.23\conf\Catalina\localhost\JSP_Learning.xml]
15-Jul-2024 07:58:55.016 WARNING [main] org.apache.catalina.startup.HostConfig.deployDescriptor The path attribute with value [/JSP_Learning] in deployment descriptor [D:\Programming\Java\Tomcat\apache-tomcat-10.1.23\conf\Catalina\localhost\JSP_Learning.xml] has been ignored
15-Jul-2024 07:58:55.075 INFO [main] org.apache.catalina.startup.HostConfig.deployDescriptor Deployment of deployment descriptor [D:\Programming\Java\Tomcat\apache-tomcat-10.1.23\conf\Catalina\localhost\JSP_Learning.xml] has finished in [72] ms
15-Jul-2024 07:58:55.077 INFO [main] org.apache.catalina.startup.HostConfig.deployDescriptor Deploying deployment descriptor [D:\Programming\Java\Tomcat\apache-tomcat-10.1.23\conf\Catalina\localhost\Q1_HE172481.xml]
15-Jul-2024 07:58:55.079 WARNING [main] org.apache.catalina.startup.HostConfig.deployDescriptor The path attribute with value [/Q1_HE172481] in deployment descriptor [D:\Programming\Java\Tomcat\apache-tomcat-10.1.23\conf\Catalina\localhost\Q1_HE172481.xml] has been ignored
15-Jul-2024 07:58:55.152 INFO [main] org.apache.catalina.startup.HostConfig.deployDescriptor Deployment of deployment descriptor [D:\Programming\Java\Tomcat\apache-tomcat-10.1.23\conf\Catalina\localhost\Q1_HE172481.xml] has finished in [77] ms
15-Jul-2024 07:58:55.152 INFO [main] org.apache.catalina.startup.HostConfig.deployDescriptor Deploying deployment descriptor [D:\Programming\Java\Tomcat\apache-tomcat-10.1.23\conf\Catalina\localhost\Q1_HE173053.xml]
15-Jul-2024 07:58:55.154 WARNING [main] org.apache.catalina.startup.HostConfig.deployDescriptor The path attribute with value [/Q1_HE173053] in deployment descriptor [D:\Programming\Java\Tomcat\apache-tomcat-10.1.23\conf\Catalina\localhost\Q1_HE173053.xml] has been ignored
15-Jul-2024 07:58:55.258 INFO [main] org.apache.catalina.startup.HostConfig.deployDescriptor Deployment of deployment descriptor [D:\Programming\Java\Tomcat\apache-tomcat-10.1.23\conf\Catalina\localhost\Q1_HE173053.xml] has finished in [106] ms
15-Jul-2024 07:58:55.259 INFO [main] org.apache.catalina.startup.HostConfig.deployDescriptor Deploying deployment descriptor [D:\Programming\Java\Tomcat\apache-tomcat-10.1.23\conf\Catalina\localhost\Q2_HE172481.xml]
15-Jul-2024 07:58:55.262 WARNING [main] org.apache.catalina.startup.HostConfig.deployDescriptor The path attribute with value [/Q2_HE172481] in deployment descriptor [D:\Programming\Java\Tomcat\apache-tomcat-10.1.23\conf\Catalina\localhost\Q2_HE172481.xml] has been ignored
15-Jul-2024 07:58:56.057 INFO [main] org.apache.jasper.servlet.TldScanner.scanJars At least one JAR was scanned for TLDs yet contained no TLDs. Enable debug logging for this logger for a complete list of JARs that were scanned but no TLDs were found in them. Skipping unneeded JARs during scanning can improve startup time and JSP compilation time.
15-Jul-2024 07:58:56.088 INFO [main] org.apache.catalina.startup.HostConfig.deployDescriptor Deployment of deployment descriptor [D:\Programming\Java\Tomcat\apache-tomcat-10.1.23\conf\Catalina\localhost\Q2_HE172481.xml] has finished in [829] ms
15-Jul-2024 07:58:56.089 INFO [main] org.apache.catalina.startup.HostConfig.deployDescriptor Deploying deployment descriptor [D:\Programming\Java\Tomcat\apache-tomcat-10.1.23\conf\Catalina\localhost\Q2_HE173053.xml]
15-Jul-2024 07:58:56.090 WARNING [main] org.apache.catalina.startup.HostConfig.deployDescriptor The path attribute with value [/Q2_HE173053] in deployment descriptor [D:\Programming\Java\Tomcat\apache-tomcat-10.1.23\conf\Catalina\localhost\Q2_HE173053.xml] has been ignored
15-Jul-2024 07:58:56.998 INFO [main] org.apache.jasper.servlet.TldScanner.scanJars At least one JAR was scanned for TLDs yet contained no TLDs. Enable debug logging for this logger for a complete list of JARs that were scanned but no TLDs were found in them. Skipping unneeded JARs during scanning can improve startup time and JSP compilation time.
15-Jul-2024 07:58:57.037 INFO [main] org.apache.catalina.startup.HostConfig.deployDescriptor Deployment of deployment descriptor [D:\Programming\Java\Tomcat\apache-tomcat-10.1.23\conf\Catalina\localhost\Q2_HE173053.xml] has finished in [948] ms
15-Jul-2024 07:58:57.037 INFO [main] org.apache.catalina.startup.HostConfig.deployDescriptor Deploying deployment descriptor [D:\Programming\Java\Tomcat\apache-tomcat-10.1.23\conf\Catalina\localhost\Q3_HE172481.xml]
15-Jul-2024 07:58:57.037 WARNING [main] org.apache.catalina.startup.HostConfig.deployDescriptor The path attribute with value [/Q3_HE172481] in deployment descriptor [D:\Programming\Java\Tomcat\apache-tomcat-10.1.23\conf\Catalina\localhost\Q3_HE172481.xml] has been ignored
15-Jul-2024 07:58:58.045 INFO [main] org.apache.jasper.servlet.TldScanner.scanJars At least one JAR was scanned for TLDs yet contained no TLDs. Enable debug logging for this logger for a complete list of JARs that were scanned but no TLDs were found in them. Skipping unneeded JARs during scanning can improve startup time and JSP compilation time.
15-Jul-2024 07:58:58.084 INFO [main] org.apache.catalina.startup.HostConfig.deployDescriptor Deployment of deployment descriptor [D:\Programming\Java\Tomcat\apache-tomcat-10.1.23\conf\Catalina\localhost\Q3_HE172481.xml] has finished in [1,047] ms
15-Jul-2024 07:58:58.084 INFO [main] org.apache.catalina.startup.HostConfig.deployDescriptor Deploying deployment descriptor [D:\Programming\Java\Tomcat\apache-tomcat-10.1.23\conf\Catalina\localhost\Q3_HE173053.xml]
15-Jul-2024 07:58:58.107 WARNING [main] org.apache.catalina.startup.HostConfig.deployDescriptor The path attribute with value [/Q3_HE173053] in deployment descriptor [D:\Programming\Java\Tomcat\apache-tomcat-10.1.23\conf\Catalina\localhost\Q3_HE173053.xml] has been ignored
15-Jul-2024 07:58:59.374 INFO [main] org.apache.jasper.servlet.TldScanner.scanJars At least one JAR was scanned for TLDs yet contained no TLDs. Enable debug logging for this logger for a complete list of JARs that were scanned but no TLDs were found in them. Skipping unneeded JARs during scanning can improve startup time and JSP compilation time.
15-Jul-2024 07:58:59.434 INFO [main] org.apache.catalina.startup.HostConfig.deployDescriptor Deployment of deployment descriptor [D:\Programming\Java\Tomcat\apache-tomcat-10.1.23\conf\Catalina\localhost\Q3_HE173053.xml] has finished in [1,350] ms
15-Jul-2024 07:58:59.434 INFO [main] org.apache.catalina.startup.HostConfig.deployDescriptor Deploying deployment descriptor [D:\Programming\Java\Tomcat\apache-tomcat-10.1.23\conf\Catalina\localhost\SessionLoginLogout.xml]
15-Jul-2024 07:58:59.454 WARNING [main] org.apache.catalina.startup.HostConfig.deployDescriptor The path attribute with value [/SessionLoginLogout] in deployment descriptor [D:\Programming\Java\Tomcat\apache-tomcat-10.1.23\conf\Catalina\localhost\SessionLoginLogout.xml] has been ignored
15-Jul-2024 07:58:59.550 INFO [main] org.apache.catalina.startup.HostConfig.deployDescriptor Deployment of deployment descriptor [D:\Programming\Java\Tomcat\apache-tomcat-10.1.23\conf\Catalina\localhost\SessionLoginLogout.xml] has finished in [116] ms
15-Jul-2024 07:58:59.551 INFO [main] org.apache.catalina.startup.HostConfig.deployDescriptor Deploying deployment descriptor [D:\Programming\Java\Tomcat\apache-tomcat-10.1.23\conf\Catalina\localhost\WebApplication1.xml]
15-Jul-2024 07:58:59.552 WARNING [main] org.apache.catalina.startup.HostConfig.deployDescriptor The path attribute with value [/WebApplication1] in deployment descriptor [D:\Programming\Java\Tomcat\apache-tomcat-10.1.23\conf\Catalina\localhost\WebApplication1.xml] has been ignored
15-Jul-2024 07:58:59.761 INFO [main] org.apache.jasper.servlet.TldScanner.scanJars At least one JAR was scanned for TLDs yet contained no TLDs. Enable debug logging for this logger for a complete list of JARs that were scanned but no TLDs were found in them. Skipping unneeded JARs during scanning can improve startup time and JSP compilation time.
15-Jul-2024 07:58:59.764 INFO [main] org.apache.catalina.startup.HostConfig.deployDescriptor Deployment of deployment descriptor [D:\Programming\Java\Tomcat\apache-tomcat-10.1.23\conf\Catalina\localhost\WebApplication1.xml] has finished in [212] ms
15-Jul-2024 07:58:59.764 INFO [main] org.apache.catalina.startup.HostConfig.deployDescriptor Deploying deployment descriptor [D:\Programming\Java\Tomcat\apache-tomcat-10.1.23\conf\Catalina\localhost\Ws1_Cookie.xml]
15-Jul-2024 07:58:59.765 WARNING [main] org.apache.catalina.startup.HostConfig.deployDescriptor The path attribute with value [/Ws1_Cookie] in deployment descriptor [D:\Programming\Java\Tomcat\apache-tomcat-10.1.23\conf\Catalina\localhost\Ws1_Cookie.xml] has been ignored
15-Jul-2024 07:58:59.830 INFO [main] org.apache.catalina.startup.HostConfig.deployDescriptor Deployment of deployment descriptor [D:\Programming\Java\Tomcat\apache-tomcat-10.1.23\conf\Catalina\localhost\Ws1_Cookie.xml] has finished in [66] ms
15-Jul-2024 07:58:59.832 INFO [main] org.apache.catalina.startup.HostConfig.deployDirectory Deploying web application directory [D:\Programming\Java\Tomcat\apache-tomcat-10.1.23\webapps\docs]
15-Jul-2024 07:58:59.876 INFO [main] org.apache.catalina.startup.HostConfig.deployDirectory Deployment of web application directory [D:\Programming\Java\Tomcat\apache-tomcat-10.1.23\webapps\docs] has finished in [45] ms
15-Jul-2024 07:58:59.877 INFO [main] org.apache.catalina.startup.HostConfig.deployDirectory Deploying web application directory [D:\Programming\Java\Tomcat\apache-tomcat-10.1.23\webapps\examples]
15-Jul-2024 07:59:01.460 INFO [main] org.apache.catalina.startup.HostConfig.deployDirectory Deployment of web application directory [D:\Programming\Java\Tomcat\apache-tomcat-10.1.23\webapps\examples] has finished in [1,583] ms
15-Jul-2024 07:59:01.461 INFO [main] org.apache.catalina.startup.HostConfig.deployDirectory Deploying web application directory [D:\Programming\Java\Tomcat\apache-tomcat-10.1.23\webapps\host-manager]
15-Jul-2024 07:59:01.632 INFO [main] org.apache.catalina.startup.HostConfig.deployDirectory Deployment of web application directory [D:\Programming\Java\Tomcat\apache-tomcat-10.1.23\webapps\host-manager] has finished in [171] ms
15-Jul-2024 07:59:01.632 INFO [main] org.apache.catalina.startup.HostConfig.deployDirectory Deploying web application directory [D:\Programming\Java\Tomcat\apache-tomcat-10.1.23\webapps\manager]
15-Jul-2024 07:59:01.715 INFO [main] org.apache.catalina.startup.HostConfig.deployDirectory Deployment of web application directory [D:\Programming\Java\Tomcat\apache-tomcat-10.1.23\webapps\manager] has finished in [82] ms
15-Jul-2024 07:59:01.715 INFO [main] org.apache.catalina.startup.HostConfig.deployDirectory Deploying web application directory [D:\Programming\Java\Tomcat\apache-tomcat-10.1.23\webapps\ROOT]
15-Jul-2024 07:59:01.811 INFO [main] org.apache.catalina.startup.HostConfig.deployDirectory Deployment of web application directory [D:\Programming\Java\Tomcat\apache-tomcat-10.1.23\webapps\ROOT] has finished in [95] ms
15-Jul-2024 07:59:01.820 INFO [main] org.apache.coyote.AbstractProtocol.start Starting ProtocolHandler ["http-nio-8080"]
15-Jul-2024 07:59:01.996 INFO [main] org.apache.catalina.startup.Catalina.start Server startup in [14732] milliseconds
15-Jul-2024 07:59:04.937 INFO [http-nio-8080-exec-1] org.apache.catalina.core.StandardContext.reload Reloading Context with name [/Assignment] has started
15-Jul-2024 07:59:06.874 INFO [http-nio-8080-exec-1] org.apache.jasper.servlet.TldScanner.scanJars At least one JAR was scanned for TLDs yet contained no TLDs. Enable debug logging for this logger for a complete list of JARs that were scanned but no TLDs were found in them. Skipping unneeded JARs during scanning can improve startup time and JSP compilation time.
15-Jul-2024 07:59:06.980 INFO [http-nio-8080-exec-1] org.apache.catalina.core.StandardContext.reload Reloading Context with name [/Assignment] is completed
15-Jul-2024 08:14:02.384 INFO [http-nio-8080-exec-16] org.apache.catalina.core.StandardContext.reload Reloading Context with name [/Assignment] has started
15-Jul-2024 08:14:02.394 WARNING [http-nio-8080-exec-16] org.apache.catalina.loader.WebappClassLoaderBase.clearReferencesJdbc The web application [Assignment] registered the JDBC driver [com.microsoft.sqlserver.jdbc.SQLServerDriver] but failed to unregister it when the web application was stopped. To prevent a memory leak, the JDBC Driver has been forcibly unregistered.
15-Jul-2024 08:14:02.395 SEVERE [http-nio-8080-exec-16] org.apache.catalina.loader.WebappClassLoaderBase.checkThreadLocalMapForLeaks The web application [Assignment] created a ThreadLocal with key of type [com.microsoft.sqlserver.jdbc.ActivityCorrelator$1] (value [com.microsoft.sqlserver.jdbc.ActivityCorrelator$1@40dc0d9a]) and a value of type [com.microsoft.sqlserver.jdbc.ActivityId] (value [0ccdf267-6112-430d-974f-bcbf84de68d3-2]) but failed to remove it when the web application was stopped. Threads are going to be renewed over time to try and avoid a probable memory leak.
15-Jul-2024 08:14:02.397 SEVERE [http-nio-8080-exec-16] org.apache.catalina.loader.WebappClassLoaderBase.checkThreadLocalMapForLeaks The web application [Assignment] created a ThreadLocal with key of type [com.microsoft.sqlserver.jdbc.ActivityCorrelator$1] (value [com.microsoft.sqlserver.jdbc.ActivityCorrelator$1@40dc0d9a]) and a value of type [com.microsoft.sqlserver.jdbc.ActivityId] (value [ee20ce5c-3aa1-402e-924e-69577b609238-1]) but failed to remove it when the web application was stopped. Threads are going to be renewed over time to try and avoid a probable memory leak.
15-Jul-2024 08:14:02.398 SEVERE [http-nio-8080-exec-16] org.apache.catalina.loader.WebappClassLoaderBase.checkThreadLocalMapForLeaks The web application [Assignment] created a ThreadLocal with key of type [com.microsoft.sqlserver.jdbc.ActivityCorrelator$1] (value [com.microsoft.sqlserver.jdbc.ActivityCorrelator$1@40dc0d9a]) and a value of type [com.microsoft.sqlserver.jdbc.ActivityId] (value [2778233a-27dc-4795-a8dc-314983c8894c-1]) but failed to remove it when the web application was stopped. Threads are going to be renewed over time to try and avoid a probable memory leak.
15-Jul-2024 08:14:02.402 SEVERE [http-nio-8080-exec-16] org.apache.catalina.loader.WebappClassLoaderBase.checkThreadLocalMapForLeaks The web application [Assignment] created a ThreadLocal with key of type [com.microsoft.sqlserver.jdbc.ActivityCorrelator$1] (value [com.microsoft.sqlserver.jdbc.ActivityCorrelator$1@40dc0d9a]) and a value of type [com.microsoft.sqlserver.jdbc.ActivityId] (value [45dbf239-d998-41a4-8443-1aac52c8394b-2]) but failed to remove it when the web application was stopped. Threads are going to be renewed over time to try and avoid a probable memory leak.
15-Jul-2024 08:14:02.403 SEVERE [http-nio-8080-exec-16] org.apache.catalina.loader.WebappClassLoaderBase.checkThreadLocalMapForLeaks The web application [Assignment] created a ThreadLocal with key of type [com.microsoft.sqlserver.jdbc.ActivityCorrelator$1] (value [com.microsoft.sqlserver.jdbc.ActivityCorrelator$1@40dc0d9a]) and a value of type [com.microsoft.sqlserver.jdbc.ActivityId] (value [a603e9ea-ec03-4933-93d1-7a1c2be26b03-1]) but failed to remove it when the web application was stopped. Threads are going to be renewed over time to try and avoid a probable memory leak.
15-Jul-2024 08:14:02.403 SEVERE [http-nio-8080-exec-16] org.apache.catalina.loader.WebappClassLoaderBase.checkThreadLocalMapForLeaks The web application [Assignment] created a ThreadLocal with key of type [com.microsoft.sqlserver.jdbc.ActivityCorrelator$1] (value [com.microsoft.sqlserver.jdbc.ActivityCorrelator$1@40dc0d9a]) and a value of type [com.microsoft.sqlserver.jdbc.ActivityId] (value [d89e4f27-87e2-46cb-a2ee-ba2df9ee34b3-1]) but failed to remove it when the web application was stopped. Threads are going to be renewed over time to try and avoid a probable memory leak.
15-Jul-2024 08:14:02.403 SEVERE [http-nio-8080-exec-16] org.apache.catalina.loader.WebappClassLoaderBase.checkThreadLocalMapForLeaks The web application [Assignment] created a ThreadLocal with key of type [com.microsoft.sqlserver.jdbc.ActivityCorrelator$1] (value [com.microsoft.sqlserver.jdbc.ActivityCorrelator$1@40dc0d9a]) and a value of type [com.microsoft.sqlserver.jdbc.ActivityId] (value [36426fa9-158b-41c8-8af3-2d568d18bb7c-1]) but failed to remove it when the web application was stopped. Threads are going to be renewed over time to try and avoid a probable memory leak.
15-Jul-2024 08:14:02.549 SEVERE [http-nio-8080-exec-16] org.apache.catalina.loader.WebappClassLoaderBase.checkThreadLocalMapForLeaks The web application [Assignment] created a ThreadLocal with key of type [com.microsoft.sqlserver.jdbc.ActivityCorrelator$1] (value [com.microsoft.sqlserver.jdbc.ActivityCorrelator$1@40dc0d9a]) and a value of type [com.microsoft.sqlserver.jdbc.ActivityId] (value [027cc6c1-4368-4b3e-a227-e5d542ea44c1-1]) but failed to remove it when the web application was stopped. Threads are going to be renewed over time to try and avoid a probable memory leak.
15-Jul-2024 08:14:02.549 SEVERE [http-nio-8080-exec-16] org.apache.catalina.loader.WebappClassLoaderBase.checkThreadLocalMapForLeaks The web application [Assignment] created a ThreadLocal with key of type [com.microsoft.sqlserver.jdbc.ActivityCorrelator$1] (value [com.microsoft.sqlserver.jdbc.ActivityCorrelator$1@40dc0d9a]) and a value of type [com.microsoft.sqlserver.jdbc.ActivityId] (value [0c59b7c0-16bc-46c2-ab78-d292145593e9-3]) but failed to remove it when the web application was stopped. Threads are going to be renewed over time to try and avoid a probable memory leak.
15-Jul-2024 08:14:02.549 SEVERE [http-nio-8080-exec-16] org.apache.catalina.loader.WebappClassLoaderBase.checkThreadLocalMapForLeaks The web application [Assignment] created a ThreadLocal with key of type [com.microsoft.sqlserver.jdbc.ActivityCorrelator$1] (value [com.microsoft.sqlserver.jdbc.ActivityCorrelator$1@40dc0d9a]) and a value of type [com.microsoft.sqlserver.jdbc.ActivityId] (value [59e8d117-2b37-4816-aa2a-72deaa597dfc-1]) but failed to remove it when the web application was stopped. Threads are going to be renewed over time to try and avoid a probable memory leak.
15-Jul-2024 08:14:03.667 INFO [http-nio-8080-exec-16] org.apache.jasper.servlet.TldScanner.scanJars At least one JAR was scanned for TLDs yet contained no TLDs. Enable debug logging for this logger for a complete list of JARs that were scanned but no TLDs were found in them. Skipping unneeded JARs during scanning can improve startup time and JSP compilation time.
15-Jul-2024 08:14:03.700 INFO [http-nio-8080-exec-16] org.apache.catalina.core.StandardContext.reload Reloading Context with name [/Assignment] is completed
15-Jul-2024 08:19:36.742 INFO [http-nio-8080-exec-29] org.apache.catalina.core.StandardContext.reload Reloading Context with name [/Assignment] has started
15-Jul-2024 08:19:38.135 INFO [http-nio-8080-exec-29] org.apache.jasper.servlet.TldScanner.scanJars At least one JAR was scanned for TLDs yet contained no TLDs. Enable debug logging for this logger for a complete list of JARs that were scanned but no TLDs were found in them. Skipping unneeded JARs during scanning can improve startup time and JSP compilation time.
15-Jul-2024 08:19:38.155 INFO [http-nio-8080-exec-29] org.apache.catalina.core.StandardContext.reload Reloading Context with name [/Assignment] is completed
15-Jul-2024 08:29:57.267 INFO [http-nio-8080-exec-34] org.apache.catalina.core.StandardContext.reload Reloading Context with name [/Assignment] has started
15-Jul-2024 08:29:57.272 WARNING [http-nio-8080-exec-34] org.apache.catalina.loader.WebappClassLoaderBase.clearReferencesJdbc The web application [Assignment] registered the JDBC driver [com.microsoft.sqlserver.jdbc.SQLServerDriver] but failed to unregister it when the web application was stopped. To prevent a memory leak, the JDBC Driver has been forcibly unregistered.
15-Jul-2024 08:29:57.273 SEVERE [http-nio-8080-exec-34] org.apache.catalina.loader.WebappClassLoaderBase.checkThreadLocalMapForLeaks The web application [Assignment] created a ThreadLocal with key of type [com.microsoft.sqlserver.jdbc.ActivityCorrelator$1] (value [com.microsoft.sqlserver.jdbc.ActivityCorrelator$1@11ca0b10]) and a value of type [com.microsoft.sqlserver.jdbc.ActivityId] (value [a0b5cdac-6943-4558-9a55-21bc56df4edf-4]) but failed to remove it when the web application was stopped. Threads are going to be renewed over time to try and avoid a probable memory leak.
15-Jul-2024 08:29:58.186 INFO [http-nio-8080-exec-34] org.apache.jasper.servlet.TldScanner.scanJars At least one JAR was scanned for TLDs yet contained no TLDs. Enable debug logging for this logger for a complete list of JARs that were scanned but no TLDs were found in them. Skipping unneeded JARs during scanning can improve startup time and JSP compilation time.
15-Jul-2024 08:29:58.209 INFO [http-nio-8080-exec-34] org.apache.catalina.core.StandardContext.reload Reloading Context with name [/Assignment] is completed
15-Jul-2024 08:34:09.897 INFO [http-nio-8080-exec-43] org.apache.catalina.core.StandardContext.reload Reloading Context with name [/Assignment] has started
15-Jul-2024 08:34:09.899 WARNING [http-nio-8080-exec-43] org.apache.catalina.loader.WebappClassLoaderBase.clearReferencesJdbc The web application [Assignment] registered the JDBC driver [com.microsoft.sqlserver.jdbc.SQLServerDriver] but failed to unregister it when the web application was stopped. To prevent a memory leak, the JDBC Driver has been forcibly unregistered.
15-Jul-2024 08:34:09.900 SEVERE [http-nio-8080-exec-43] org.apache.catalina.loader.WebappClassLoaderBase.checkThreadLocalMapForLeaks The web application [Assignment] created a ThreadLocal with key of type [com.microsoft.sqlserver.jdbc.ActivityCorrelator$1] (value [com.microsoft.sqlserver.jdbc.ActivityCorrelator$1@62eff20a]) and a value of type [com.microsoft.sqlserver.jdbc.ActivityId] (value [44bcacaf-838b-4596-a640-46b3d3031fe0-4]) but failed to remove it when the web application was stopped. Threads are going to be renewed over time to try and avoid a probable memory leak.
15-Jul-2024 08:34:09.900 SEVERE [http-nio-8080-exec-43] org.apache.catalina.loader.WebappClassLoaderBase.checkThreadLocalMapForLeaks The web application [Assignment] created a ThreadLocal with key of type [com.microsoft.sqlserver.jdbc.ActivityCorrelator$1] (value [com.microsoft.sqlserver.jdbc.ActivityCorrelator$1@62eff20a]) and a value of type [com.microsoft.sqlserver.jdbc.ActivityId] (value [8a487a6c-0a76-44ab-b9ad-c0c217d59174-2]) but failed to remove it when the web application was stopped. Threads are going to be renewed over time to try and avoid a probable memory leak.
15-Jul-2024 08:34:11.592 INFO [http-nio-8080-exec-43] org.apache.jasper.servlet.TldScanner.scanJars At least one JAR was scanned for TLDs yet contained no TLDs. Enable debug logging for this logger for a complete list of JARs that were scanned but no TLDs were found in them. Skipping unneeded JARs during scanning can improve startup time and JSP compilation time.
15-Jul-2024 08:34:11.614 INFO [http-nio-8080-exec-43] org.apache.catalina.core.StandardContext.reload Reloading Context with name [/Assignment] is completed
15-Jul-2024 08:45:20.020 INFO [http-nio-8080-exec-46] org.apache.catalina.core.StandardContext.reload Reloading Context with name [/Assignment] has started
15-Jul-2024 08:45:20.514 INFO [http-nio-8080-exec-46] org.apache.jasper.servlet.TldScanner.scanJars At least one JAR was scanned for TLDs yet contained no TLDs. Enable debug logging for this logger for a complete list of JARs that were scanned but no TLDs were found in them. Skipping unneeded JARs during scanning can improve startup time and JSP compilation time.
15-Jul-2024 08:45:20.534 INFO [http-nio-8080-exec-46] org.apache.catalina.core.StandardContext.reload Reloading Context with name [/Assignment] is completed
15-Jul-2024 08:50:21.042 INFO [http-nio-8080-exec-61] org.apache.catalina.core.StandardContext.reload Reloading Context with name [/Assignment] has started
15-Jul-2024 08:50:22.549 INFO [http-nio-8080-exec-61] org.apache.jasper.servlet.TldScanner.scanJars At least one JAR was scanned for TLDs yet contained no TLDs. Enable debug logging for this logger for a complete list of JARs that were scanned but no TLDs were found in them. Skipping unneeded JARs during scanning can improve startup time and JSP compilation time.
15-Jul-2024 08:50:22.578 INFO [http-nio-8080-exec-61] org.apache.catalina.core.StandardContext.reload Reloading Context with name [/Assignment] is completed
15-Jul-2024 08:50:36.856 INFO [http-nio-8080-exec-58] org.apache.catalina.core.StandardContext.reload Reloading Context with name [/Assignment] has started
15-Jul-2024 08:50:37.903 INFO [http-nio-8080-exec-58] org.apache.jasper.servlet.TldScanner.scanJars At least one JAR was scanned for TLDs yet contained no TLDs. Enable debug logging for this logger for a complete list of JARs that were scanned but no TLDs were found in them. Skipping unneeded JARs during scanning can improve startup time and JSP compilation time.
15-Jul-2024 08:50:37.924 INFO [http-nio-8080-exec-58] org.apache.catalina.core.StandardContext.reload Reloading Context with name [/Assignment] is completed
15-Jul-2024 08:50:52.280 INFO [http-nio-8080-exec-60] org.apache.catalina.core.StandardContext.reload Reloading Context with name [/Assignment] has started
15-Jul-2024 08:50:52.926 INFO [http-nio-8080-exec-60] org.apache.jasper.servlet.TldScanner.scanJars At least one JAR was scanned for TLDs yet contained no TLDs. Enable debug logging for this logger for a complete list of JARs that were scanned but no TLDs were found in them. Skipping unneeded JARs during scanning can improve startup time and JSP compilation time.
15-Jul-2024 08:50:52.959 INFO [http-nio-8080-exec-60] org.apache.catalina.core.StandardContext.reload Reloading Context with name [/Assignment] is completed
15-Jul-2024 08:51:27.724 INFO [http-nio-8080-exec-49] org.apache.catalina.core.StandardContext.reload Reloading Context with name [/Assignment] has started
15-Jul-2024 08:51:28.484 INFO [http-nio-8080-exec-49] org.apache.jasper.servlet.TldScanner.scanJars At least one JAR was scanned for TLDs yet contained no TLDs. Enable debug logging for this logger for a complete list of JARs that were scanned but no TLDs were found in them. Skipping unneeded JARs during scanning can improve startup time and JSP compilation time.
15-Jul-2024 08:51:28.495 INFO [http-nio-8080-exec-49] org.apache.catalina.core.StandardContext.reload Reloading Context with name [/Assignment] is completed
15-Jul-2024 08:58:02.859 INFO [http-nio-8080-exec-68] org.apache.catalina.core.StandardContext.reload Reloading Context with name [/Assignment] has started
15-Jul-2024 08:58:03.412 INFO [http-nio-8080-exec-68] org.apache.jasper.servlet.TldScanner.scanJars At least one JAR was scanned for TLDs yet contained no TLDs. Enable debug logging for this logger for a complete list of JARs that were scanned but no TLDs were found in them. Skipping unneeded JARs during scanning can improve startup time and JSP compilation time.
15-Jul-2024 08:58:03.424 INFO [http-nio-8080-exec-68] org.apache.catalina.core.StandardContext.reload Reloading Context with name [/Assignment] is completed
15-Jul-2024 08:58:12.552 INFO [http-nio-8080-exec-73] org.apache.catalina.core.StandardContext.reload Reloading Context with name [/Assignment] has started
15-Jul-2024 08:58:12.948 INFO [http-nio-8080-exec-73] org.apache.jasper.servlet.TldScanner.scanJars At least one JAR was scanned for TLDs yet contained no TLDs. Enable debug logging for this logger for a complete list of JARs that were scanned but no TLDs were found in them. Skipping unneeded JARs during scanning can improve startup time and JSP compilation time.
15-Jul-2024 08:58:12.957 INFO [http-nio-8080-exec-73] org.apache.catalina.core.StandardContext.reload Reloading Context with name [/Assignment] is completed
15-Jul-2024 09:04:05.723 INFO [http-nio-8080-exec-76] org.apache.catalina.core.StandardContext.reload Reloading Context with name [/Assignment] has started
15-Jul-2024 09:04:06.195 INFO [http-nio-8080-exec-76] org.apache.jasper.servlet.TldScanner.scanJars At least one JAR was scanned for TLDs yet contained no TLDs. Enable debug logging for this logger for a complete list of JARs that were scanned but no TLDs were found in them. Skipping unneeded JARs during scanning can improve startup time and JSP compilation time.
15-Jul-2024 09:04:06.207 INFO [http-nio-8080-exec-76] org.apache.catalina.core.StandardContext.reload Reloading Context with name [/Assignment] is completed
15-Jul-2024 09:08:19.831 INFO [http-nio-8080-exec-88] org.apache.catalina.core.StandardContext.reload Reloading Context with name [/Assignment] has started
15-Jul-2024 09:08:20.214 INFO [http-nio-8080-exec-88] org.apache.jasper.servlet.TldScanner.scanJars At least one JAR was scanned for TLDs yet contained no TLDs. Enable debug logging for this logger for a complete list of JARs that were scanned but no TLDs were found in them. Skipping unneeded JARs during scanning can improve startup time and JSP compilation time.
15-Jul-2024 09:08:20.223 INFO [http-nio-8080-exec-88] org.apache.catalina.core.StandardContext.reload Reloading Context with name [/Assignment] is completed
15-Jul-2024 09:10:02.743 INFO [http-nio-8080-exec-81] org.apache.catalina.core.StandardContext.reload Reloading Context with name [/Assignment] has started
15-Jul-2024 09:10:03.344 INFO [http-nio-8080-exec-81] org.apache.jasper.servlet.TldScanner.scanJars At least one JAR was scanned for TLDs yet contained no TLDs. Enable debug logging for this logger for a complete list of JARs that were scanned but no TLDs were found in them. Skipping unneeded JARs during scanning can improve startup time and JSP compilation time.
15-Jul-2024 09:10:03.362 INFO [http-nio-8080-exec-81] org.apache.catalina.core.StandardContext.reload Reloading Context with name [/Assignment] is completed
15-Jul-2024 09:14:05.220 INFO [http-nio-8080-exec-94] org.apache.catalina.core.StandardContext.reload Reloading Context with name [/Assignment] has started
15-Jul-2024 09:14:05.789 INFO [http-nio-8080-exec-94] org.apache.jasper.servlet.TldScanner.scanJars At least one JAR was scanned for TLDs yet contained no TLDs. Enable debug logging for this logger for a complete list of JARs that were scanned but no TLDs were found in them. Skipping unneeded JARs during scanning can improve startup time and JSP compilation time.
15-Jul-2024 09:14:05.803 INFO [http-nio-8080-exec-94] org.apache.catalina.core.StandardContext.reload Reloading Context with name [/Assignment] is completed
15-Jul-2024 09:14:28.027 INFO [http-nio-8080-exec-93] org.apache.catalina.core.StandardContext.reload Reloading Context with name [/Assignment] has started
15-Jul-2024 09:14:28.029 WARNING [http-nio-8080-exec-93] org.apache.catalina.loader.WebappClassLoaderBase.clearReferencesJdbc The web application [Assignment] registered the JDBC driver [com.microsoft.sqlserver.jdbc.SQLServerDriver] but failed to unregister it when the web application was stopped. To prevent a memory leak, the JDBC Driver has been forcibly unregistered.
15-Jul-2024 09:14:28.031 SEVERE [http-nio-8080-exec-93] org.apache.catalina.loader.WebappClassLoaderBase.checkThreadLocalMapForLeaks The web application [Assignment] created a ThreadLocal with key of type [com.microsoft.sqlserver.jdbc.ActivityCorrelator$1] (value [com.microsoft.sqlserver.jdbc.ActivityCorrelator$1@4f6da0bb]) and a value of type [com.microsoft.sqlserver.jdbc.ActivityId] (value [2baae1d8-867d-4f37-8410-d9e3b6a51684-2]) but failed to remove it when the web application was stopped. Threads are going to be renewed over time to try and avoid a probable memory leak.
15-Jul-2024 09:14:28.581 INFO [http-nio-8080-exec-93] org.apache.jasper.servlet.TldScanner.scanJars At least one JAR was scanned for TLDs yet contained no TLDs. Enable debug logging for this logger for a complete list of JARs that were scanned but no TLDs were found in them. Skipping unneeded JARs during scanning can improve startup time and JSP compilation time.
15-Jul-2024 09:14:28.589 INFO [http-nio-8080-exec-93] org.apache.catalina.core.StandardContext.reload Reloading Context with name [/Assignment] is completed
15-Jul-2024 09:14:43.472 INFO [http-nio-8080-exec-100] org.apache.catalina.core.StandardContext.reload Reloading Context with name [/Assignment] has started
15-Jul-2024 09:14:43.475 WARNING [http-nio-8080-exec-100] org.apache.catalina.loader.WebappClassLoaderBase.clearReferencesJdbc The web application [Assignment] registered the JDBC driver [com.microsoft.sqlserver.jdbc.SQLServerDriver] but failed to unregister it when the web application was stopped. To prevent a memory leak, the JDBC Driver has been forcibly unregistered.
15-Jul-2024 09:14:44.183 INFO [http-nio-8080-exec-100] org.apache.jasper.servlet.TldScanner.scanJars At least one JAR was scanned for TLDs yet contained no TLDs. Enable debug logging for this logger for a complete list of JARs that were scanned but no TLDs were found in them. Skipping unneeded JARs during scanning can improve startup time and JSP compilation time.
15-Jul-2024 09:14:44.199 INFO [http-nio-8080-exec-100] org.apache.catalina.core.StandardContext.reload Reloading Context with name [/Assignment] is completed
15-Jul-2024 09:32:37.851 INFO [http-nio-8080-exec-112] org.apache.catalina.core.StandardContext.reload Reloading Context with name [/Assignment] has started
15-Jul-2024 09:32:37.851 WARNING [http-nio-8080-exec-112] org.apache.catalina.loader.WebappClassLoaderBase.clearReferencesJdbc The web application [Assignment] registered the JDBC driver [com.microsoft.sqlserver.jdbc.SQLServerDriver] but failed to unregister it when the web application was stopped. To prevent a memory leak, the JDBC Driver has been forcibly unregistered.
15-Jul-2024 09:32:37.851 SEVERE [http-nio-8080-exec-112] org.apache.catalina.loader.WebappClassLoaderBase.checkThreadLocalMapForLeaks The web application [Assignment] created a ThreadLocal with key of type [com.microsoft.sqlserver.jdbc.ActivityCorrelator$1] (value [com.microsoft.sqlserver.jdbc.ActivityCorrelator$1@3c82db4b]) and a value of type [com.microsoft.sqlserver.jdbc.ActivityId] (value [426f5a9f-e88b-4b67-af70-927fd0f933d0-4]) but failed to remove it when the web application was stopped. Threads are going to be renewed over time to try and avoid a probable memory leak.
15-Jul-2024 09:32:37.851 SEVERE [http-nio-8080-exec-112] org.apache.catalina.loader.WebappClassLoaderBase.checkThreadLocalMapForLeaks The web application [Assignment] created a ThreadLocal with key of type [com.microsoft.sqlserver.jdbc.ActivityCorrelator$1] (value [com.microsoft.sqlserver.jdbc.ActivityCorrelator$1@3c82db4b]) and a value of type [com.microsoft.sqlserver.jdbc.ActivityId] (value [6eb2a820-8a91-4e21-adf8-31d8d4b37cd4-4]) but failed to remove it when the web application was stopped. Threads are going to be renewed over time to try and avoid a probable memory leak.
15-Jul-2024 09:32:37.851 SEVERE [http-nio-8080-exec-112] org.apache.catalina.loader.WebappClassLoaderBase.checkThreadLocalMapForLeaks The web application [Assignment] created a ThreadLocal with key of type [com.microsoft.sqlserver.jdbc.ActivityCorrelator$1] (value [com.microsoft.sqlserver.jdbc.ActivityCorrelator$1@3c82db4b]) and a value of type [com.microsoft.sqlserver.jdbc.ActivityId] (value [72d0dc61-8d7d-44f3-9633-4b74f277410d-3]) but failed to remove it when the web application was stopped. Threads are going to be renewed over time to try and avoid a probable memory leak.
15-Jul-2024 09:32:37.851 SEVERE [http-nio-8080-exec-112] org.apache.catalina.loader.WebappClassLoaderBase.checkThreadLocalMapForLeaks The web application [Assignment] created a ThreadLocal with key of type [com.microsoft.sqlserver.jdbc.ActivityCorrelator$1] (value [com.microsoft.sqlserver.jdbc.ActivityCorrelator$1@3c82db4b]) and a value of type [com.microsoft.sqlserver.jdbc.ActivityId] (value [8ae38985-671a-4544-9d2c-07e91cf32ce1-2]) but failed to remove it when the web application was stopped. Threads are going to be renewed over time to try and avoid a probable memory leak.
15-Jul-2024 09:32:37.851 SEVERE [http-nio-8080-exec-112] org.apache.catalina.loader.WebappClassLoaderBase.checkThreadLocalMapForLeaks The web application [Assignment] created a ThreadLocal with key of type [com.microsoft.sqlserver.jdbc.ActivityCorrelator$1] (value [com.microsoft.sqlserver.jdbc.ActivityCorrelator$1@3c82db4b]) and a value of type [com.microsoft.sqlserver.jdbc.ActivityId] (value [98b49953-cb9b-4ea5-83e3-aa4eff5756c6-3]) but failed to remove it when the web application was stopped. Threads are going to be renewed over time to try and avoid a probable memory leak.
15-Jul-2024 09:32:37.851 SEVERE [http-nio-8080-exec-112] org.apache.catalina.loader.WebappClassLoaderBase.checkThreadLocalMapForLeaks The web application [Assignment] created a ThreadLocal with key of type [com.microsoft.sqlserver.jdbc.ActivityCorrelator$1] (value [com.microsoft.sqlserver.jdbc.ActivityCorrelator$1@3c82db4b]) and a value of type [com.microsoft.sqlserver.jdbc.ActivityId] (value [ec3b2f8a-66dc-4a92-8404-68053b764da9-2]) but failed to remove it when the web application was stopped. Threads are going to be renewed over time to try and avoid a probable memory leak.
15-Jul-2024 09:32:37.851 SEVERE [http-nio-8080-exec-112] org.apache.catalina.loader.WebappClassLoaderBase.checkThreadLocalMapForLeaks The web application [Assignment] created a ThreadLocal with key of type [com.microsoft.sqlserver.jdbc.ActivityCorrelator$1] (value [com.microsoft.sqlserver.jdbc.ActivityCorrelator$1@3c82db4b]) and a value of type [com.microsoft.sqlserver.jdbc.ActivityId] (value [8d00e511-4f41-4dbc-afac-fd092c40f5c3-3]) but failed to remove it when the web application was stopped. Threads are going to be renewed over time to try and avoid a probable memory leak.
15-Jul-2024 09:32:38.044 SEVERE [http-nio-8080-exec-112] org.apache.catalina.loader.WebappClassLoaderBase.checkThreadLocalMapForLeaks The web application [Assignment] created a ThreadLocal with key of type [com.microsoft.sqlserver.jdbc.ActivityCorrelator$1] (value [com.microsoft.sqlserver.jdbc.ActivityCorrelator$1@3c82db4b]) and a value of type [com.microsoft.sqlserver.jdbc.ActivityId] (value [85bdbc00-8f6c-435f-abec-afd18aa5af55-1]) but failed to remove it when the web application was stopped. Threads are going to be renewed over time to try and avoid a probable memory leak.
15-Jul-2024 09:32:38.046 SEVERE [http-nio-8080-exec-112] org.apache.catalina.loader.WebappClassLoaderBase.checkThreadLocalMapForLeaks The web application [Assignment] created a ThreadLocal with key of type [com.microsoft.sqlserver.jdbc.ActivityCorrelator$1] (value [com.microsoft.sqlserver.jdbc.ActivityCorrelator$1@3c82db4b]) and a value of type [com.microsoft.sqlserver.jdbc.ActivityId] (value [820aba6a-c1b6-4b3c-8440-2bbba0e70fd5-2]) but failed to remove it when the web application was stopped. Threads are going to be renewed over time to try and avoid a probable memory leak.
15-Jul-2024 09:32:38.047 SEVERE [http-nio-8080-exec-112] org.apache.catalina.loader.WebappClassLoaderBase.checkThreadLocalMapForLeaks The web application [Assignment] created a ThreadLocal with key of type [com.microsoft.sqlserver.jdbc.ActivityCorrelator$1] (value [com.microsoft.sqlserver.jdbc.ActivityCorrelator$1@3c82db4b]) and a value of type [com.microsoft.sqlserver.jdbc.ActivityId] (value [9539661c-b3d8-45da-8fd2-e6ce3d43e1c2-3]) but failed to remove it when the web application was stopped. Threads are going to be renewed over time to try and avoid a probable memory leak.
15-Jul-2024 09:32:38.631 INFO [http-nio-8080-exec-112] org.apache.jasper.servlet.TldScanner.scanJars At least one JAR was scanned for TLDs yet contained no TLDs. Enable debug logging for this logger for a complete list of JARs that were scanned but no TLDs were found in them. Skipping unneeded JARs during scanning can improve startup time and JSP compilation time.
15-Jul-2024 09:32:38.651 INFO [http-nio-8080-exec-112] org.apache.catalina.core.StandardContext.reload Reloading Context with name [/Assignment] is completed
15-Jul-2024 09:45:24.278 INFO [main] org.apache.catalina.core.StandardServer.await A valid shutdown command was received via the shutdown port. Stopping the Server instance.
15-Jul-2024 09:45:24.278 INFO [main] org.apache.coyote.AbstractProtocol.pause Pausing ProtocolHandler ["http-nio-8080"]
15-Jul-2024 09:45:24.319 INFO [main] org.apache.catalina.core.StandardService.stopInternal Stopping service [Catalina]
15-Jul-2024 09:45:24.612 WARNING [main] org.apache.catalina.loader.WebappClassLoaderBase.clearReferencesJdbc The web application [Assignment] registered the JDBC driver [com.microsoft.sqlserver.jdbc.SQLServerDriver] but failed to unregister it when the web application was stopped. To prevent a memory leak, the JDBC Driver has been forcibly unregistered.
15-Jul-2024 09:45:24.612 SEVERE [main] org.apache.catalina.loader.WebappClassLoaderBase.checkThreadLocalMapForLeaks The web application [Assignment] created a ThreadLocal with key of type [com.microsoft.sqlserver.jdbc.ActivityCorrelator$1] (value [com.microsoft.sqlserver.jdbc.ActivityCorrelator$1@2693b289]) and a value of type [com.microsoft.sqlserver.jdbc.ActivityId] (value [5fb23f1c-19c6-48e1-be3c-820e9918b986-1]) but failed to remove it when the web application was stopped. Threads are going to be renewed over time to try and avoid a probable memory leak.
15-Jul-2024 09:45:24.612 SEVERE [main] org.apache.catalina.loader.WebappClassLoaderBase.checkThreadLocalMapForLeaks The web application [Assignment] created a ThreadLocal with key of type [com.microsoft.sqlserver.jdbc.ActivityCorrelator$1] (value [com.microsoft.sqlserver.jdbc.ActivityCorrelator$1@2693b289]) and a value of type [com.microsoft.sqlserver.jdbc.ActivityId] (value [46370806-338f-49cc-8ed4-9c1f9b495be8-2]) but failed to remove it when the web application was stopped. Threads are going to be renewed over time to try and avoid a probable memory leak.
15-Jul-2024 09:45:24.612 SEVERE [main] org.apache.catalina.loader.WebappClassLoaderBase.checkThreadLocalMapForLeaks The web application [Assignment] created a ThreadLocal with key of type [com.microsoft.sqlserver.jdbc.ActivityCorrelator$1] (value [com.microsoft.sqlserver.jdbc.ActivityCorrelator$1@2693b289]) and a value of type [com.microsoft.sqlserver.jdbc.ActivityId] (value [61e94f4f-cf9f-48cb-a5a6-d2b379cc95d1-1]) but failed to remove it when the web application was stopped. Threads are going to be renewed over time to try and avoid a probable memory leak.
15-Jul-2024 09:45:24.612 SEVERE [main] org.apache.catalina.loader.WebappClassLoaderBase.checkThreadLocalMapForLeaks The web application [Assignment] created a ThreadLocal with key of type [com.microsoft.sqlserver.jdbc.ActivityCorrelator$1] (value [com.microsoft.sqlserver.jdbc.ActivityCorrelator$1@2693b289]) and a value of type [com.microsoft.sqlserver.jdbc.ActivityId] (value [5d41d5ab-9a9f-4edd-a4a0-d176114b2f14-2]) but failed to remove it when the web application was stopped. Threads are going to be renewed over time to try and avoid a probable memory leak.
15-Jul-2024 09:45:24.612 SEVERE [main] org.apache.catalina.loader.WebappClassLoaderBase.checkThreadLocalMapForLeaks The web application [Assignment] created a ThreadLocal with key of type [com.microsoft.sqlserver.jdbc.ActivityCorrelator$1] (value [com.microsoft.sqlserver.jdbc.ActivityCorrelator$1@2693b289]) and a value of type [com.microsoft.sqlserver.jdbc.ActivityId] (value [18644649-357a-4212-bd4c-8b847cec3059-2]) but failed to remove it when the web application was stopped. Threads are going to be renewed over time to try and avoid a probable memory leak.
15-Jul-2024 09:45:24.863 INFO [main] org.apache.coyote.AbstractProtocol.stop Stopping ProtocolHandler ["http-nio-8080"]
15-Jul-2024 09:45:24.895 INFO [main] org.apache.coyote.AbstractProtocol.destroy Destroying ProtocolHandler ["http-nio-8080"]
