06-Jul-2024 14:44:38.928 INFO [main] org.apache.catalina.core.StandardServer.await A valid shutdown command was received via the shutdown port. Stopping the Server instance.
06-Jul-2024 14:44:38.978 INFO [main] org.apache.coyote.AbstractProtocol.pause Pausing ProtocolHandler ["http-nio-8080"]
06-Jul-2024 14:44:39.130 INFO [main] org.apache.catalina.core.StandardService.stopInternal Stopping service [Catalina]
06-Jul-2024 14:44:41.081 WARNING [main] org.apache.catalina.loader.WebappClassLoaderBase.clearReferencesJdbc The web application [Q3_HE173053] registered the JDBC driver [com.microsoft.sqlserver.jdbc.SQLServerDriver] but failed to unregister it when the web application was stopped. To prevent a memory leak, the JDBC Driver has been forcibly unregistered.
06-Jul-2024 14:44:41.192 INFO [main] org.apache.coyote.AbstractProtocol.stop Stopping ProtocolHandler ["http-nio-8080"]
06-Jul-2024 14:44:41.395 INFO [main] org.apache.coyote.AbstractProtocol.destroy Destroying ProtocolHandler ["http-nio-8080"]
06-Jul-2024 15:05:41.226 INFO [main] org.apache.catalina.startup.VersionLoggerListener.log Server version name:   Apache Tomcat/10.1.23
06-Jul-2024 15:05:41.233 INFO [main] org.apache.catalina.startup.VersionLoggerListener.log Server built:          Apr 16 2024 12:17:18 UTC
06-Jul-2024 15:05:41.234 INFO [main] org.apache.catalina.startup.VersionLoggerListener.log Server version number: 10.1.23.0
06-Jul-2024 15:05:41.234 INFO [main] org.apache.catalina.startup.VersionLoggerListener.log OS Name:               Windows 10
06-Jul-2024 15:05:41.234 INFO [main] org.apache.catalina.startup.VersionLoggerListener.log OS Version:            10.0
06-Jul-2024 15:05:41.234 INFO [main] org.apache.catalina.startup.VersionLoggerListener.log Architecture:          amd64
06-Jul-2024 15:05:41.234 INFO [main] org.apache.catalina.startup.VersionLoggerListener.log Java Home:             C:\Program Files\Java\jdk-17
06-Jul-2024 15:05:41.235 INFO [main] org.apache.catalina.startup.VersionLoggerListener.log JVM Version:           17.0.11+7-LTS-207
06-Jul-2024 15:05:41.235 INFO [main] org.apache.catalina.startup.VersionLoggerListener.log JVM Vendor:            Oracle Corporation
06-Jul-2024 15:05:41.235 INFO [main] org.apache.catalina.startup.VersionLoggerListener.log CATALINA_BASE:         D:\Programming\Java\Tomcat\apache-tomcat-10.1.23
06-Jul-2024 15:05:41.235 INFO [main] org.apache.catalina.startup.VersionLoggerListener.log CATALINA_HOME:         D:\Programming\Java\Tomcat\apache-tomcat-10.1.23
06-Jul-2024 15:05:41.250 INFO [main] org.apache.catalina.startup.VersionLoggerListener.log Command line argument: -Djava.util.logging.config.file=D:\Programming\Java\Tomcat\apache-tomcat-10.1.23\conf\logging.properties
06-Jul-2024 15:05:41.250 INFO [main] org.apache.catalina.startup.VersionLoggerListener.log Command line argument: -Djava.util.logging.manager=org.apache.juli.ClassLoaderLogManager
06-Jul-2024 15:05:41.250 INFO [main] org.apache.catalina.startup.VersionLoggerListener.log Command line argument: -Djdk.tls.ephemeralDHKeySize=2048
06-Jul-2024 15:05:41.250 INFO [main] org.apache.catalina.startup.VersionLoggerListener.log Command line argument: -Djava.protocol.handler.pkgs=org.apache.catalina.webresources
06-Jul-2024 15:05:41.250 INFO [main] org.apache.catalina.startup.VersionLoggerListener.log Command line argument: --add-opens=java.base/java.lang=ALL-UNNAMED
06-Jul-2024 15:05:41.251 INFO [main] org.apache.catalina.startup.VersionLoggerListener.log Command line argument: --add-opens=java.base/java.io=ALL-UNNAMED
06-Jul-2024 15:05:41.251 INFO [main] org.apache.catalina.startup.VersionLoggerListener.log Command line argument: --add-opens=java.base/java.util=ALL-UNNAMED
06-Jul-2024 15:05:41.251 INFO [main] org.apache.catalina.startup.VersionLoggerListener.log Command line argument: --add-opens=java.base/java.util.concurrent=ALL-UNNAMED
06-Jul-2024 15:05:41.251 INFO [main] org.apache.catalina.startup.VersionLoggerListener.log Command line argument: --add-opens=java.rmi/sun.rmi.transport=ALL-UNNAMED
06-Jul-2024 15:05:41.251 INFO [main] org.apache.catalina.startup.VersionLoggerListener.log Command line argument: -Dcatalina.base=D:\Programming\Java\Tomcat\apache-tomcat-10.1.23
06-Jul-2024 15:05:41.251 INFO [main] org.apache.catalina.startup.VersionLoggerListener.log Command line argument: -Dcatalina.home=D:\Programming\Java\Tomcat\apache-tomcat-10.1.23
06-Jul-2024 15:05:41.251 INFO [main] org.apache.catalina.startup.VersionLoggerListener.log Command line argument: -Djava.io.tmpdir=D:\Programming\Java\Tomcat\apache-tomcat-10.1.23\temp
06-Jul-2024 15:05:41.704 INFO [main] org.apache.catalina.core.AprLifecycleListener.lifecycleEvent Loaded Apache Tomcat Native library [2.0.7] using APR version [1.7.4].
06-Jul-2024 15:05:41.760 INFO [main] org.apache.catalina.core.AprLifecycleListener.initializeSSL OpenSSL successfully initialized [OpenSSL 3.0.13 30 Jan 2024]
06-Jul-2024 15:05:42.254 INFO [main] org.apache.coyote.AbstractProtocol.init Initializing ProtocolHandler ["http-nio-8080"]
06-Jul-2024 15:05:42.301 INFO [main] org.apache.catalina.startup.Catalina.load Server initialization in [1450] milliseconds
06-Jul-2024 15:05:42.409 INFO [main] org.apache.catalina.core.StandardService.startInternal Starting service [Catalina]
06-Jul-2024 15:05:42.409 INFO [main] org.apache.catalina.core.StandardEngine.startInternal Starting Servlet engine: [Apache Tomcat/10.1.23]
06-Jul-2024 15:05:42.435 INFO [main] org.apache.catalina.startup.HostConfig.deployDescriptor Deploying deployment descriptor [D:\Programming\Java\Tomcat\apache-tomcat-10.1.23\conf\Catalina\localhost\CreateServletUltraSpeed.xml]
06-Jul-2024 15:05:42.483 WARNING [main] org.apache.catalina.startup.HostConfig.deployDescriptor The path attribute with value [/CreateServletUltraSpeed] in deployment descriptor [D:\Programming\Java\Tomcat\apache-tomcat-10.1.23\conf\Catalina\localhost\CreateServletUltraSpeed.xml] has been ignored
06-Jul-2024 15:05:43.226 INFO [main] org.apache.catalina.startup.HostConfig.deployDescriptor Deployment of deployment descriptor [D:\Programming\Java\Tomcat\apache-tomcat-10.1.23\conf\Catalina\localhost\CreateServletUltraSpeed.xml] has finished in [790] ms
06-Jul-2024 15:05:43.227 INFO [main] org.apache.catalina.startup.HostConfig.deployDescriptor Deploying deployment descriptor [D:\Programming\Java\Tomcat\apache-tomcat-10.1.23\conf\Catalina\localhost\CreateServletXML.xml]
06-Jul-2024 15:05:43.229 WARNING [main] org.apache.catalina.startup.HostConfig.deployDescriptor The path attribute with value [/CreateServletXML] in deployment descriptor [D:\Programming\Java\Tomcat\apache-tomcat-10.1.23\conf\Catalina\localhost\CreateServletXML.xml] has been ignored
06-Jul-2024 15:05:43.313 INFO [main] org.apache.catalina.startup.HostConfig.deployDescriptor Deployment of deployment descriptor [D:\Programming\Java\Tomcat\apache-tomcat-10.1.23\conf\Catalina\localhost\CreateServletXML.xml] has finished in [86] ms
06-Jul-2024 15:05:43.313 INFO [main] org.apache.catalina.startup.HostConfig.deployDescriptor Deploying deployment descriptor [D:\Programming\Java\Tomcat\apache-tomcat-10.1.23\conf\Catalina\localhost\CRUD_With_Collection.xml]
06-Jul-2024 15:05:43.322 WARNING [main] org.apache.catalina.startup.HostConfig.deployDescriptor The path attribute with value [/CRUD_With_Collection] in deployment descriptor [D:\Programming\Java\Tomcat\apache-tomcat-10.1.23\conf\Catalina\localhost\CRUD_With_Collection.xml] has been ignored
06-Jul-2024 15:05:44.423 INFO [main] org.apache.jasper.servlet.TldScanner.scanJars At least one JAR was scanned for TLDs yet contained no TLDs. Enable debug logging for this logger for a complete list of JARs that were scanned but no TLDs were found in them. Skipping unneeded JARs during scanning can improve startup time and JSP compilation time.
06-Jul-2024 15:05:44.529 INFO [main] org.apache.catalina.startup.HostConfig.deployDescriptor Deployment of deployment descriptor [D:\Programming\Java\Tomcat\apache-tomcat-10.1.23\conf\Catalina\localhost\CRUD_With_Collection.xml] has finished in [1,216] ms
06-Jul-2024 15:05:44.529 INFO [main] org.apache.catalina.startup.HostConfig.deployDescriptor Deploying deployment descriptor [D:\Programming\Java\Tomcat\apache-tomcat-10.1.23\conf\Catalina\localhost\CRUD_With_DB.xml]
06-Jul-2024 15:05:44.532 WARNING [main] org.apache.catalina.startup.HostConfig.deployDescriptor The path attribute with value [/CRUD_With_DB] in deployment descriptor [D:\Programming\Java\Tomcat\apache-tomcat-10.1.23\conf\Catalina\localhost\CRUD_With_DB.xml] has been ignored
06-Jul-2024 15:05:45.675 INFO [main] org.apache.jasper.servlet.TldScanner.scanJars At least one JAR was scanned for TLDs yet contained no TLDs. Enable debug logging for this logger for a complete list of JARs that were scanned but no TLDs were found in them. Skipping unneeded JARs during scanning can improve startup time and JSP compilation time.
06-Jul-2024 15:05:45.837 INFO [main] org.apache.catalina.startup.HostConfig.deployDescriptor Deployment of deployment descriptor [D:\Programming\Java\Tomcat\apache-tomcat-10.1.23\conf\Catalina\localhost\CRUD_With_DB.xml] has finished in [1,300] ms
06-Jul-2024 15:05:45.839 INFO [main] org.apache.catalina.startup.HostConfig.deployDescriptor Deploying deployment descriptor [D:\Programming\Java\Tomcat\apache-tomcat-10.1.23\conf\Catalina\localhost\FORUSER_Ex1.xml]
06-Jul-2024 15:05:45.841 WARNING [main] org.apache.catalina.startup.HostConfig.deployDescriptor The path attribute with value [/FORUSER_Ex1] in deployment descriptor [D:\Programming\Java\Tomcat\apache-tomcat-10.1.23\conf\Catalina\localhost\FORUSER_Ex1.xml] has been ignored
06-Jul-2024 15:05:45.941 INFO [main] org.apache.catalina.startup.HostConfig.deployDescriptor Deployment of deployment descriptor [D:\Programming\Java\Tomcat\apache-tomcat-10.1.23\conf\Catalina\localhost\FORUSER_Ex1.xml] has finished in [102] ms
06-Jul-2024 15:05:45.942 INFO [main] org.apache.catalina.startup.HostConfig.deployDescriptor Deploying deployment descriptor [D:\Programming\Java\Tomcat\apache-tomcat-10.1.23\conf\Catalina\localhost\FORUSER_Ex3.xml]
06-Jul-2024 15:05:45.951 WARNING [main] org.apache.catalina.startup.HostConfig.deployDescriptor The path attribute with value [/FORUSER_Ex3] in deployment descriptor [D:\Programming\Java\Tomcat\apache-tomcat-10.1.23\conf\Catalina\localhost\FORUSER_Ex3.xml] has been ignored
06-Jul-2024 15:05:46.060 INFO [main] org.apache.catalina.startup.HostConfig.deployDescriptor Deployment of deployment descriptor [D:\Programming\Java\Tomcat\apache-tomcat-10.1.23\conf\Catalina\localhost\FORUSER_Ex3.xml] has finished in [118] ms
06-Jul-2024 15:05:46.060 INFO [main] org.apache.catalina.startup.HostConfig.deployDescriptor Deploying deployment descriptor [D:\Programming\Java\Tomcat\apache-tomcat-10.1.23\conf\Catalina\localhost\FORUSER_Ex4.xml]
06-Jul-2024 15:05:46.071 WARNING [main] org.apache.catalina.startup.HostConfig.deployDescriptor The path attribute with value [/FORUSER_Ex4] in deployment descriptor [D:\Programming\Java\Tomcat\apache-tomcat-10.1.23\conf\Catalina\localhost\FORUSER_Ex4.xml] has been ignored
06-Jul-2024 15:05:46.200 INFO [main] org.apache.catalina.startup.HostConfig.deployDescriptor Deployment of deployment descriptor [D:\Programming\Java\Tomcat\apache-tomcat-10.1.23\conf\Catalina\localhost\FORUSER_Ex4.xml] has finished in [136] ms
06-Jul-2024 15:05:46.201 INFO [main] org.apache.catalina.startup.HostConfig.deployDescriptor Deploying deployment descriptor [D:\Programming\Java\Tomcat\apache-tomcat-10.1.23\conf\Catalina\localhost\FORUSER_Ex5.xml]
06-Jul-2024 15:05:46.204 WARNING [main] org.apache.catalina.startup.HostConfig.deployDescriptor The path attribute with value [/FORUSER_Ex5] in deployment descriptor [D:\Programming\Java\Tomcat\apache-tomcat-10.1.23\conf\Catalina\localhost\FORUSER_Ex5.xml] has been ignored
06-Jul-2024 15:05:46.396 INFO [main] org.apache.catalina.startup.HostConfig.deployDescriptor Deployment of deployment descriptor [D:\Programming\Java\Tomcat\apache-tomcat-10.1.23\conf\Catalina\localhost\FORUSER_Ex5.xml] has finished in [196] ms
06-Jul-2024 15:05:46.396 INFO [main] org.apache.catalina.startup.HostConfig.deployDescriptor Deploying deployment descriptor [D:\Programming\Java\Tomcat\apache-tomcat-10.1.23\conf\Catalina\localhost\Human.xml]
06-Jul-2024 15:05:46.402 WARNING [main] org.apache.catalina.startup.HostConfig.deployDescriptor The path attribute with value [/Human] in deployment descriptor [D:\Programming\Java\Tomcat\apache-tomcat-10.1.23\conf\Catalina\localhost\Human.xml] has been ignored
06-Jul-2024 15:05:46.825 INFO [main] org.apache.jasper.servlet.TldScanner.scanJars At least one JAR was scanned for TLDs yet contained no TLDs. Enable debug logging for this logger for a complete list of JARs that were scanned but no TLDs were found in them. Skipping unneeded JARs during scanning can improve startup time and JSP compilation time.
06-Jul-2024 15:05:46.835 INFO [main] org.apache.catalina.startup.HostConfig.deployDescriptor Deployment of deployment descriptor [D:\Programming\Java\Tomcat\apache-tomcat-10.1.23\conf\Catalina\localhost\Human.xml] has finished in [433] ms
06-Jul-2024 15:05:46.836 INFO [main] org.apache.catalina.startup.HostConfig.deployDescriptor Deploying deployment descriptor [D:\Programming\Java\Tomcat\apache-tomcat-10.1.23\conf\Catalina\localhost\InitParamAndContextParam.xml]
06-Jul-2024 15:05:46.838 WARNING [main] org.apache.catalina.startup.HostConfig.deployDescriptor The path attribute with value [/InitParamAndContextParam] in deployment descriptor [D:\Programming\Java\Tomcat\apache-tomcat-10.1.23\conf\Catalina\localhost\InitParamAndContextParam.xml] has been ignored
06-Jul-2024 15:05:46.941 INFO [main] org.apache.catalina.startup.HostConfig.deployDescriptor Deployment of deployment descriptor [D:\Programming\Java\Tomcat\apache-tomcat-10.1.23\conf\Catalina\localhost\InitParamAndContextParam.xml] has finished in [106] ms
06-Jul-2024 15:05:46.942 INFO [main] org.apache.catalina.startup.HostConfig.deployDescriptor Deploying deployment descriptor [D:\Programming\Java\Tomcat\apache-tomcat-10.1.23\conf\Catalina\localhost\Q1_HE172481.xml]
06-Jul-2024 15:05:46.944 WARNING [main] org.apache.catalina.startup.HostConfig.deployDescriptor The path attribute with value [/Q1_HE172481] in deployment descriptor [D:\Programming\Java\Tomcat\apache-tomcat-10.1.23\conf\Catalina\localhost\Q1_HE172481.xml] has been ignored
06-Jul-2024 15:05:47.060 INFO [main] org.apache.catalina.startup.HostConfig.deployDescriptor Deployment of deployment descriptor [D:\Programming\Java\Tomcat\apache-tomcat-10.1.23\conf\Catalina\localhost\Q1_HE172481.xml] has finished in [117] ms
06-Jul-2024 15:05:47.060 INFO [main] org.apache.catalina.startup.HostConfig.deployDescriptor Deploying deployment descriptor [D:\Programming\Java\Tomcat\apache-tomcat-10.1.23\conf\Catalina\localhost\Q1_HE173053.xml]
06-Jul-2024 15:05:47.063 WARNING [main] org.apache.catalina.startup.HostConfig.deployDescriptor The path attribute with value [/Q1_HE173053] in deployment descriptor [D:\Programming\Java\Tomcat\apache-tomcat-10.1.23\conf\Catalina\localhost\Q1_HE173053.xml] has been ignored
06-Jul-2024 15:05:47.167 INFO [main] org.apache.catalina.startup.HostConfig.deployDescriptor Deployment of deployment descriptor [D:\Programming\Java\Tomcat\apache-tomcat-10.1.23\conf\Catalina\localhost\Q1_HE173053.xml] has finished in [107] ms
06-Jul-2024 15:05:47.168 INFO [main] org.apache.catalina.startup.HostConfig.deployDescriptor Deploying deployment descriptor [D:\Programming\Java\Tomcat\apache-tomcat-10.1.23\conf\Catalina\localhost\Q2_HE172481.xml]
06-Jul-2024 15:05:47.170 WARNING [main] org.apache.catalina.startup.HostConfig.deployDescriptor The path attribute with value [/Q2_HE172481] in deployment descriptor [D:\Programming\Java\Tomcat\apache-tomcat-10.1.23\conf\Catalina\localhost\Q2_HE172481.xml] has been ignored
06-Jul-2024 15:05:48.079 INFO [main] org.apache.jasper.servlet.TldScanner.scanJars At least one JAR was scanned for TLDs yet contained no TLDs. Enable debug logging for this logger for a complete list of JARs that were scanned but no TLDs were found in them. Skipping unneeded JARs during scanning can improve startup time and JSP compilation time.
06-Jul-2024 15:05:48.138 INFO [main] org.apache.catalina.startup.HostConfig.deployDescriptor Deployment of deployment descriptor [D:\Programming\Java\Tomcat\apache-tomcat-10.1.23\conf\Catalina\localhost\Q2_HE172481.xml] has finished in [969] ms
06-Jul-2024 15:05:48.138 INFO [main] org.apache.catalina.startup.HostConfig.deployDescriptor Deploying deployment descriptor [D:\Programming\Java\Tomcat\apache-tomcat-10.1.23\conf\Catalina\localhost\Q2_HE173053.xml]
06-Jul-2024 15:05:48.140 WARNING [main] org.apache.catalina.startup.HostConfig.deployDescriptor The path attribute with value [/Q2_HE173053] in deployment descriptor [D:\Programming\Java\Tomcat\apache-tomcat-10.1.23\conf\Catalina\localhost\Q2_HE173053.xml] has been ignored
06-Jul-2024 15:05:49.278 INFO [main] org.apache.jasper.servlet.TldScanner.scanJars At least one JAR was scanned for TLDs yet contained no TLDs. Enable debug logging for this logger for a complete list of JARs that were scanned but no TLDs were found in them. Skipping unneeded JARs during scanning can improve startup time and JSP compilation time.
06-Jul-2024 15:05:49.322 INFO [main] org.apache.catalina.startup.HostConfig.deployDescriptor Deployment of deployment descriptor [D:\Programming\Java\Tomcat\apache-tomcat-10.1.23\conf\Catalina\localhost\Q2_HE173053.xml] has finished in [1,182] ms
06-Jul-2024 15:05:49.322 INFO [main] org.apache.catalina.startup.HostConfig.deployDescriptor Deploying deployment descriptor [D:\Programming\Java\Tomcat\apache-tomcat-10.1.23\conf\Catalina\localhost\Q3_HE172481.xml]
06-Jul-2024 15:05:49.323 WARNING [main] org.apache.catalina.startup.HostConfig.deployDescriptor The path attribute with value [/Q3_HE172481] in deployment descriptor [D:\Programming\Java\Tomcat\apache-tomcat-10.1.23\conf\Catalina\localhost\Q3_HE172481.xml] has been ignored
06-Jul-2024 15:05:50.079 INFO [main] org.apache.jasper.servlet.TldScanner.scanJars At least one JAR was scanned for TLDs yet contained no TLDs. Enable debug logging for this logger for a complete list of JARs that were scanned but no TLDs were found in them. Skipping unneeded JARs during scanning can improve startup time and JSP compilation time.
06-Jul-2024 15:05:50.102 INFO [main] org.apache.catalina.startup.HostConfig.deployDescriptor Deployment of deployment descriptor [D:\Programming\Java\Tomcat\apache-tomcat-10.1.23\conf\Catalina\localhost\Q3_HE172481.xml] has finished in [780] ms
06-Jul-2024 15:05:50.104 INFO [main] org.apache.catalina.startup.HostConfig.deployDescriptor Deploying deployment descriptor [D:\Programming\Java\Tomcat\apache-tomcat-10.1.23\conf\Catalina\localhost\Q3_HE173053.xml]
06-Jul-2024 15:05:50.106 WARNING [main] org.apache.catalina.startup.HostConfig.deployDescriptor The path attribute with value [/Q3_HE173053] in deployment descriptor [D:\Programming\Java\Tomcat\apache-tomcat-10.1.23\conf\Catalina\localhost\Q3_HE173053.xml] has been ignored
06-Jul-2024 15:05:50.840 INFO [main] org.apache.jasper.servlet.TldScanner.scanJars At least one JAR was scanned for TLDs yet contained no TLDs. Enable debug logging for this logger for a complete list of JARs that were scanned but no TLDs were found in them. Skipping unneeded JARs during scanning can improve startup time and JSP compilation time.
06-Jul-2024 15:05:50.861 INFO [main] org.apache.catalina.startup.HostConfig.deployDescriptor Deployment of deployment descriptor [D:\Programming\Java\Tomcat\apache-tomcat-10.1.23\conf\Catalina\localhost\Q3_HE173053.xml] has finished in [757] ms
06-Jul-2024 15:05:50.861 INFO [main] org.apache.catalina.startup.HostConfig.deployDescriptor Deploying deployment descriptor [D:\Programming\Java\Tomcat\apache-tomcat-10.1.23\conf\Catalina\localhost\SessionLoginLogout.xml]
06-Jul-2024 15:05:50.862 WARNING [main] org.apache.catalina.startup.HostConfig.deployDescriptor The path attribute with value [/SessionLoginLogout] in deployment descriptor [D:\Programming\Java\Tomcat\apache-tomcat-10.1.23\conf\Catalina\localhost\SessionLoginLogout.xml] has been ignored
06-Jul-2024 15:05:50.974 INFO [main] org.apache.catalina.startup.HostConfig.deployDescriptor Deployment of deployment descriptor [D:\Programming\Java\Tomcat\apache-tomcat-10.1.23\conf\Catalina\localhost\SessionLoginLogout.xml] has finished in [112] ms
06-Jul-2024 15:05:50.974 INFO [main] org.apache.catalina.startup.HostConfig.deployDescriptor Deploying deployment descriptor [D:\Programming\Java\Tomcat\apache-tomcat-10.1.23\conf\Catalina\localhost\WebApplication1.xml]
06-Jul-2024 15:05:50.976 WARNING [main] org.apache.catalina.startup.HostConfig.deployDescriptor The path attribute with value [/WebApplication1] in deployment descriptor [D:\Programming\Java\Tomcat\apache-tomcat-10.1.23\conf\Catalina\localhost\WebApplication1.xml] has been ignored
06-Jul-2024 15:05:51.157 INFO [main] org.apache.jasper.servlet.TldScanner.scanJars At least one JAR was scanned for TLDs yet contained no TLDs. Enable debug logging for this logger for a complete list of JARs that were scanned but no TLDs were found in them. Skipping unneeded JARs during scanning can improve startup time and JSP compilation time.
06-Jul-2024 15:05:51.160 INFO [main] org.apache.catalina.startup.HostConfig.deployDescriptor Deployment of deployment descriptor [D:\Programming\Java\Tomcat\apache-tomcat-10.1.23\conf\Catalina\localhost\WebApplication1.xml] has finished in [186] ms
06-Jul-2024 15:05:51.161 INFO [main] org.apache.catalina.startup.HostConfig.deployDescriptor Deploying deployment descriptor [D:\Programming\Java\Tomcat\apache-tomcat-10.1.23\conf\Catalina\localhost\Ws1_Cookie.xml]
06-Jul-2024 15:05:51.163 WARNING [main] org.apache.catalina.startup.HostConfig.deployDescriptor The path attribute with value [/Ws1_Cookie] in deployment descriptor [D:\Programming\Java\Tomcat\apache-tomcat-10.1.23\conf\Catalina\localhost\Ws1_Cookie.xml] has been ignored
06-Jul-2024 15:05:51.206 INFO [main] org.apache.catalina.startup.HostConfig.deployDescriptor Deployment of deployment descriptor [D:\Programming\Java\Tomcat\apache-tomcat-10.1.23\conf\Catalina\localhost\Ws1_Cookie.xml] has finished in [46] ms
06-Jul-2024 15:05:51.207 INFO [main] org.apache.catalina.startup.HostConfig.deployDirectory Deploying web application directory [D:\Programming\Java\Tomcat\apache-tomcat-10.1.23\webapps\docs]
06-Jul-2024 15:05:51.240 INFO [main] org.apache.catalina.startup.HostConfig.deployDirectory Deployment of web application directory [D:\Programming\Java\Tomcat\apache-tomcat-10.1.23\webapps\docs] has finished in [33] ms
06-Jul-2024 15:05:51.240 INFO [main] org.apache.catalina.startup.HostConfig.deployDirectory Deploying web application directory [D:\Programming\Java\Tomcat\apache-tomcat-10.1.23\webapps\examples]
06-Jul-2024 15:05:52.265 INFO [main] org.apache.catalina.startup.HostConfig.deployDirectory Deployment of web application directory [D:\Programming\Java\Tomcat\apache-tomcat-10.1.23\webapps\examples] has finished in [1,024] ms
06-Jul-2024 15:05:52.265 INFO [main] org.apache.catalina.startup.HostConfig.deployDirectory Deploying web application directory [D:\Programming\Java\Tomcat\apache-tomcat-10.1.23\webapps\host-manager]
06-Jul-2024 15:05:52.315 INFO [main] org.apache.catalina.startup.HostConfig.deployDirectory Deployment of web application directory [D:\Programming\Java\Tomcat\apache-tomcat-10.1.23\webapps\host-manager] has finished in [49] ms
06-Jul-2024 15:05:52.315 INFO [main] org.apache.catalina.startup.HostConfig.deployDirectory Deploying web application directory [D:\Programming\Java\Tomcat\apache-tomcat-10.1.23\webapps\manager]
06-Jul-2024 15:05:52.348 INFO [main] org.apache.catalina.startup.HostConfig.deployDirectory Deployment of web application directory [D:\Programming\Java\Tomcat\apache-tomcat-10.1.23\webapps\manager] has finished in [33] ms
06-Jul-2024 15:05:52.348 INFO [main] org.apache.catalina.startup.HostConfig.deployDirectory Deploying web application directory [D:\Programming\Java\Tomcat\apache-tomcat-10.1.23\webapps\ROOT]
06-Jul-2024 15:05:52.373 INFO [main] org.apache.catalina.startup.HostConfig.deployDirectory Deployment of web application directory [D:\Programming\Java\Tomcat\apache-tomcat-10.1.23\webapps\ROOT] has finished in [22] ms
06-Jul-2024 15:05:52.394 INFO [main] org.apache.coyote.AbstractProtocol.start Starting ProtocolHandler ["http-nio-8080"]
06-Jul-2024 15:05:52.488 INFO [main] org.apache.catalina.startup.Catalina.start Server startup in [10187] milliseconds
06-Jul-2024 15:05:55.069 INFO [http-nio-8080-exec-8] org.apache.jasper.servlet.TldScanner.scanJars At least one JAR was scanned for TLDs yet contained no TLDs. Enable debug logging for this logger for a complete list of JARs that were scanned but no TLDs were found in them. Skipping unneeded JARs during scanning can improve startup time and JSP compilation time.
06-Jul-2024 15:43:57.584 INFO [http-nio-8080-exec-14] org.apache.catalina.core.StandardContext.reload Reloading Context with name [/Q3_HE172481] has started
06-Jul-2024 15:43:58.636 INFO [http-nio-8080-exec-14] org.apache.jasper.servlet.TldScanner.scanJars At least one JAR was scanned for TLDs yet contained no TLDs. Enable debug logging for this logger for a complete list of JARs that were scanned but no TLDs were found in them. Skipping unneeded JARs during scanning can improve startup time and JSP compilation time.
06-Jul-2024 15:43:58.696 INFO [http-nio-8080-exec-14] org.apache.catalina.core.StandardContext.reload Reloading Context with name [/Q3_HE172481] is completed
06-Jul-2024 15:43:59.500 INFO [http-nio-8080-exec-17] org.apache.catalina.core.StandardContext.reload Reloading Context with name [/Q3_HE172481] has started
06-Jul-2024 15:44:00.747 INFO [http-nio-8080-exec-17] org.apache.jasper.servlet.TldScanner.scanJars At least one JAR was scanned for TLDs yet contained no TLDs. Enable debug logging for this logger for a complete list of JARs that were scanned but no TLDs were found in them. Skipping unneeded JARs during scanning can improve startup time and JSP compilation time.
06-Jul-2024 15:44:00.783 INFO [http-nio-8080-exec-17] org.apache.catalina.core.StandardContext.reload Reloading Context with name [/Q3_HE172481] is completed
06-Jul-2024 15:44:02.430 INFO [http-nio-8080-exec-21] org.apache.jasper.servlet.TldScanner.scanJars At least one JAR was scanned for TLDs yet contained no TLDs. Enable debug logging for this logger for a complete list of JARs that were scanned but no TLDs were found in them. Skipping unneeded JARs during scanning can improve startup time and JSP compilation time.
06-Jul-2024 15:44:09.010 INFO [Catalina-utility-1] org.apache.catalina.startup.HostConfig.reload Reloading context [/Q3_HE172481]
06-Jul-2024 15:44:09.010 INFO [Catalina-utility-1] org.apache.catalina.core.StandardContext.reload Reloading Context with name [/Q3_HE172481] has started
06-Jul-2024 15:44:09.604 INFO [Catalina-utility-1] org.apache.jasper.servlet.TldScanner.scanJars At least one JAR was scanned for TLDs yet contained no TLDs. Enable debug logging for this logger for a complete list of JARs that were scanned but no TLDs were found in them. Skipping unneeded JARs during scanning can improve startup time and JSP compilation time.
06-Jul-2024 15:44:09.628 INFO [Catalina-utility-1] org.apache.catalina.core.StandardContext.reload Reloading Context with name [/Q3_HE172481] is completed
06-Jul-2024 15:44:37.217 INFO [http-nio-8080-exec-13] org.apache.catalina.core.StandardContext.reload Reloading Context with name [/Q3_HE172481] has started
06-Jul-2024 15:44:37.891 INFO [http-nio-8080-exec-13] org.apache.jasper.servlet.TldScanner.scanJars At least one JAR was scanned for TLDs yet contained no TLDs. Enable debug logging for this logger for a complete list of JARs that were scanned but no TLDs were found in them. Skipping unneeded JARs during scanning can improve startup time and JSP compilation time.
06-Jul-2024 15:44:37.916 INFO [http-nio-8080-exec-13] org.apache.catalina.core.StandardContext.reload Reloading Context with name [/Q3_HE172481] is completed
06-Jul-2024 15:45:05.480 INFO [http-nio-8080-exec-11] org.apache.catalina.core.StandardContext.reload Reloading Context with name [/Q3_HE172481] has started
06-Jul-2024 15:45:06.002 INFO [http-nio-8080-exec-11] org.apache.jasper.servlet.TldScanner.scanJars At least one JAR was scanned for TLDs yet contained no TLDs. Enable debug logging for this logger for a complete list of JARs that were scanned but no TLDs were found in them. Skipping unneeded JARs during scanning can improve startup time and JSP compilation time.
06-Jul-2024 15:45:06.019 INFO [http-nio-8080-exec-11] org.apache.catalina.core.StandardContext.reload Reloading Context with name [/Q3_HE172481] is completed
06-Jul-2024 15:45:26.026 INFO [http-nio-8080-exec-26] org.apache.catalina.core.StandardContext.reload Reloading Context with name [/Q3_HE172481] has started
06-Jul-2024 15:45:27.119 INFO [http-nio-8080-exec-26] org.apache.jasper.servlet.TldScanner.scanJars At least one JAR was scanned for TLDs yet contained no TLDs. Enable debug logging for this logger for a complete list of JARs that were scanned but no TLDs were found in them. Skipping unneeded JARs during scanning can improve startup time and JSP compilation time.
06-Jul-2024 15:45:27.155 INFO [http-nio-8080-exec-26] org.apache.catalina.core.StandardContext.reload Reloading Context with name [/Q3_HE172481] is completed
06-Jul-2024 15:47:05.255 INFO [http-nio-8080-exec-18] org.apache.catalina.core.StandardContext.reload Reloading Context with name [/Q3_HE172481] has started
06-Jul-2024 15:47:06.128 INFO [http-nio-8080-exec-18] org.apache.jasper.servlet.TldScanner.scanJars At least one JAR was scanned for TLDs yet contained no TLDs. Enable debug logging for this logger for a complete list of JARs that were scanned but no TLDs were found in them. Skipping unneeded JARs during scanning can improve startup time and JSP compilation time.
06-Jul-2024 15:47:06.182 INFO [http-nio-8080-exec-18] org.apache.catalina.core.StandardContext.reload Reloading Context with name [/Q3_HE172481] is completed
06-Jul-2024 15:47:13.594 INFO [http-nio-8080-exec-13] org.apache.catalina.core.StandardContext.reload Reloading Context with name [/Q3_HE172481] has started
06-Jul-2024 15:47:14.256 INFO [http-nio-8080-exec-13] org.apache.jasper.servlet.TldScanner.scanJars At least one JAR was scanned for TLDs yet contained no TLDs. Enable debug logging for this logger for a complete list of JARs that were scanned but no TLDs were found in them. Skipping unneeded JARs during scanning can improve startup time and JSP compilation time.
06-Jul-2024 15:47:14.270 INFO [http-nio-8080-exec-13] org.apache.catalina.core.StandardContext.reload Reloading Context with name [/Q3_HE172481] is completed
06-Jul-2024 15:48:03.856 INFO [http-nio-8080-exec-31] org.apache.catalina.core.StandardContext.reload Reloading Context with name [/Q3_HE172481] has started
06-Jul-2024 15:48:04.537 INFO [http-nio-8080-exec-31] org.apache.jasper.servlet.TldScanner.scanJars At least one JAR was scanned for TLDs yet contained no TLDs. Enable debug logging for this logger for a complete list of JARs that were scanned but no TLDs were found in them. Skipping unneeded JARs during scanning can improve startup time and JSP compilation time.
06-Jul-2024 15:48:04.573 INFO [http-nio-8080-exec-31] org.apache.catalina.core.StandardContext.reload Reloading Context with name [/Q3_HE172481] is completed
06-Jul-2024 15:53:50.622 INFO [http-nio-8080-exec-40] org.apache.jasper.servlet.TldScanner.scanJars At least one JAR was scanned for TLDs yet contained no TLDs. Enable debug logging for this logger for a complete list of JARs that were scanned but no TLDs were found in them. Skipping unneeded JARs during scanning can improve startup time and JSP compilation time.
06-Jul-2024 16:22:10.834 WARNING [http-nio-8080-exec-48] org.apache.catalina.loader.WebappClassLoaderBase.clearReferencesJdbc The web application [Q3_HE172481] registered the JDBC driver [com.microsoft.sqlserver.jdbc.SQLServerDriver] but failed to unregister it when the web application was stopped. To prevent a memory leak, the JDBC Driver has been forcibly unregistered.
06-Jul-2024 16:22:10.834 SEVERE [http-nio-8080-exec-48] org.apache.catalina.loader.WebappClassLoaderBase.checkThreadLocalMapForLeaks The web application [Q3_HE172481] created a ThreadLocal with key of type [com.microsoft.sqlserver.jdbc.ActivityCorrelator$1] (value [com.microsoft.sqlserver.jdbc.ActivityCorrelator$1@2caaabd4]) and a value of type [com.microsoft.sqlserver.jdbc.ActivityId] (value [6be6fb5a-ebd1-4f06-81b9-c96af5cca380-2]) but failed to remove it when the web application was stopped. Threads are going to be renewed over time to try and avoid a probable memory leak.
06-Jul-2024 16:22:10.835 SEVERE [http-nio-8080-exec-48] org.apache.catalina.loader.WebappClassLoaderBase.checkThreadLocalMapForLeaks The web application [Q3_HE172481] created a ThreadLocal with key of type [com.microsoft.sqlserver.jdbc.ActivityCorrelator$1] (value [com.microsoft.sqlserver.jdbc.ActivityCorrelator$1@2caaabd4]) and a value of type [com.microsoft.sqlserver.jdbc.ActivityId] (value [533c6ddb-2584-4d81-8fbc-c3ced0601e5d-2]) but failed to remove it when the web application was stopped. Threads are going to be renewed over time to try and avoid a probable memory leak.
06-Jul-2024 16:22:11.353 INFO [http-nio-8080-exec-53] org.apache.jasper.servlet.TldScanner.scanJars At least one JAR was scanned for TLDs yet contained no TLDs. Enable debug logging for this logger for a complete list of JARs that were scanned but no TLDs were found in them. Skipping unneeded JARs during scanning can improve startup time and JSP compilation time.
06-Jul-2024 16:22:13.916 INFO [http-nio-8080-exec-50] org.apache.catalina.core.StandardContext.reload Reloading Context with name [/Q3_HE172481] has started
06-Jul-2024 16:22:14.685 INFO [http-nio-8080-exec-50] org.apache.jasper.servlet.TldScanner.scanJars At least one JAR was scanned for TLDs yet contained no TLDs. Enable debug logging for this logger for a complete list of JARs that were scanned but no TLDs were found in them. Skipping unneeded JARs during scanning can improve startup time and JSP compilation time.
06-Jul-2024 16:22:14.712 INFO [http-nio-8080-exec-50] org.apache.catalina.core.StandardContext.reload Reloading Context with name [/Q3_HE172481] is completed
06-Jul-2024 16:22:15.071 INFO [http-nio-8080-exec-55] org.apache.catalina.core.StandardContext.reload Reloading Context with name [/Q3_HE172481] has started
06-Jul-2024 16:22:15.543 INFO [http-nio-8080-exec-55] org.apache.jasper.servlet.TldScanner.scanJars At least one JAR was scanned for TLDs yet contained no TLDs. Enable debug logging for this logger for a complete list of JARs that were scanned but no TLDs were found in them. Skipping unneeded JARs during scanning can improve startup time and JSP compilation time.
06-Jul-2024 16:22:15.572 INFO [http-nio-8080-exec-55] org.apache.catalina.core.StandardContext.reload Reloading Context with name [/Q3_HE172481] is completed
06-Jul-2024 16:22:17.414 INFO [Catalina-utility-2] org.apache.catalina.startup.HostConfig.reload Reloading context [/Q3_HE172481]
06-Jul-2024 16:22:17.414 INFO [Catalina-utility-2] org.apache.catalina.core.StandardContext.reload Reloading Context with name [/Q3_HE172481] has started
06-Jul-2024 16:22:17.965 INFO [Catalina-utility-2] org.apache.jasper.servlet.TldScanner.scanJars At least one JAR was scanned for TLDs yet contained no TLDs. Enable debug logging for this logger for a complete list of JARs that were scanned but no TLDs were found in them. Skipping unneeded JARs during scanning can improve startup time and JSP compilation time.
06-Jul-2024 16:22:17.995 INFO [Catalina-utility-2] org.apache.catalina.core.StandardContext.reload Reloading Context with name [/Q3_HE172481] is completed
06-Jul-2024 16:23:41.476 INFO [http-nio-8080-exec-53] org.apache.jasper.servlet.TldScanner.scanJars At least one JAR was scanned for TLDs yet contained no TLDs. Enable debug logging for this logger for a complete list of JARs that were scanned but no TLDs were found in them. Skipping unneeded JARs during scanning can improve startup time and JSP compilation time.
06-Jul-2024 16:23:48.313 INFO [Catalina-utility-2] org.apache.catalina.startup.HostConfig.reload Reloading context [/Q3_HE172481]
06-Jul-2024 16:23:48.313 INFO [Catalina-utility-2] org.apache.catalina.core.StandardContext.reload Reloading Context with name [/Q3_HE172481] has started
06-Jul-2024 16:23:48.317 WARNING [Catalina-utility-2] org.apache.catalina.loader.WebappClassLoaderBase.clearReferencesJdbc The web application [Q3_HE172481] registered the JDBC driver [com.microsoft.sqlserver.jdbc.SQLServerDriver] but failed to unregister it when the web application was stopped. To prevent a memory leak, the JDBC Driver has been forcibly unregistered.
06-Jul-2024 16:23:48.761 INFO [Catalina-utility-2] org.apache.jasper.servlet.TldScanner.scanJars At least one JAR was scanned for TLDs yet contained no TLDs. Enable debug logging for this logger for a complete list of JARs that were scanned but no TLDs were found in them. Skipping unneeded JARs during scanning can improve startup time and JSP compilation time.
06-Jul-2024 16:23:48.773 INFO [Catalina-utility-2] org.apache.catalina.core.StandardContext.reload Reloading Context with name [/Q3_HE172481] is completed
06-Jul-2024 16:26:08.842 INFO [http-nio-8080-exec-66] org.apache.catalina.core.StandardContext.reload Reloading Context with name [/Q3_HE172481] has started
06-Jul-2024 16:26:08.844 WARNING [http-nio-8080-exec-66] org.apache.catalina.loader.WebappClassLoaderBase.clearReferencesJdbc The web application [Q3_HE172481] registered the JDBC driver [com.microsoft.sqlserver.jdbc.SQLServerDriver] but failed to unregister it when the web application was stopped. To prevent a memory leak, the JDBC Driver has been forcibly unregistered.
06-Jul-2024 16:26:09.822 INFO [http-nio-8080-exec-66] org.apache.jasper.servlet.TldScanner.scanJars At least one JAR was scanned for TLDs yet contained no TLDs. Enable debug logging for this logger for a complete list of JARs that were scanned but no TLDs were found in them. Skipping unneeded JARs during scanning can improve startup time and JSP compilation time.
06-Jul-2024 16:26:09.841 INFO [http-nio-8080-exec-66] org.apache.catalina.core.StandardContext.reload Reloading Context with name [/Q3_HE172481] is completed
06-Jul-2024 16:26:54.508 INFO [http-nio-8080-exec-61] org.apache.catalina.core.StandardContext.reload Reloading Context with name [/Q3_HE172481] has started
06-Jul-2024 16:26:54.985 INFO [http-nio-8080-exec-61] org.apache.jasper.servlet.TldScanner.scanJars At least one JAR was scanned for TLDs yet contained no TLDs. Enable debug logging for this logger for a complete list of JARs that were scanned but no TLDs were found in them. Skipping unneeded JARs during scanning can improve startup time and JSP compilation time.
06-Jul-2024 16:26:55.002 INFO [http-nio-8080-exec-61] org.apache.catalina.core.StandardContext.reload Reloading Context with name [/Q3_HE172481] is completed
06-Jul-2024 16:27:36.840 INFO [http-nio-8080-exec-69] org.apache.catalina.core.StandardContext.reload Reloading Context with name [/Q3_HE172481] has started
06-Jul-2024 16:27:37.648 INFO [http-nio-8080-exec-69] org.apache.jasper.servlet.TldScanner.scanJars At least one JAR was scanned for TLDs yet contained no TLDs. Enable debug logging for this logger for a complete list of JARs that were scanned but no TLDs were found in them. Skipping unneeded JARs during scanning can improve startup time and JSP compilation time.
06-Jul-2024 16:27:37.667 INFO [http-nio-8080-exec-69] org.apache.catalina.core.StandardContext.reload Reloading Context with name [/Q3_HE172481] is completed
06-Jul-2024 16:27:52.863 INFO [http-nio-8080-exec-70] org.apache.catalina.core.StandardContext.reload Reloading Context with name [/Q3_HE172481] has started
06-Jul-2024 16:27:53.257 INFO [http-nio-8080-exec-70] org.apache.jasper.servlet.TldScanner.scanJars At least one JAR was scanned for TLDs yet contained no TLDs. Enable debug logging for this logger for a complete list of JARs that were scanned but no TLDs were found in them. Skipping unneeded JARs during scanning can improve startup time and JSP compilation time.
06-Jul-2024 16:27:53.276 INFO [http-nio-8080-exec-70] org.apache.catalina.core.StandardContext.reload Reloading Context with name [/Q3_HE172481] is completed
06-Jul-2024 16:28:29.626 INFO [http-nio-8080-exec-68] org.apache.catalina.core.StandardContext.reload Reloading Context with name [/Q3_HE172481] has started
06-Jul-2024 16:28:31.013 INFO [http-nio-8080-exec-68] org.apache.jasper.servlet.TldScanner.scanJars At least one JAR was scanned for TLDs yet contained no TLDs. Enable debug logging for this logger for a complete list of JARs that were scanned but no TLDs were found in them. Skipping unneeded JARs during scanning can improve startup time and JSP compilation time.
06-Jul-2024 16:28:31.039 INFO [http-nio-8080-exec-68] org.apache.catalina.core.StandardContext.reload Reloading Context with name [/Q3_HE172481] is completed
06-Jul-2024 16:29:02.387 INFO [http-nio-8080-exec-76] org.apache.catalina.core.StandardContext.reload Reloading Context with name [/Q3_HE172481] has started
06-Jul-2024 16:29:02.954 INFO [http-nio-8080-exec-76] org.apache.jasper.servlet.TldScanner.scanJars At least one JAR was scanned for TLDs yet contained no TLDs. Enable debug logging for this logger for a complete list of JARs that were scanned but no TLDs were found in them. Skipping unneeded JARs during scanning can improve startup time and JSP compilation time.
06-Jul-2024 16:29:02.972 INFO [http-nio-8080-exec-76] org.apache.catalina.core.StandardContext.reload Reloading Context with name [/Q3_HE172481] is completed
06-Jul-2024 16:30:13.036 INFO [http-nio-8080-exec-64] org.apache.catalina.core.StandardContext.reload Reloading Context with name [/Q3_HE172481] has started
06-Jul-2024 16:30:13.522 INFO [http-nio-8080-exec-64] org.apache.jasper.servlet.TldScanner.scanJars At least one JAR was scanned for TLDs yet contained no TLDs. Enable debug logging for this logger for a complete list of JARs that were scanned but no TLDs were found in them. Skipping unneeded JARs during scanning can improve startup time and JSP compilation time.
06-Jul-2024 16:30:13.533 INFO [http-nio-8080-exec-64] org.apache.catalina.core.StandardContext.reload Reloading Context with name [/Q3_HE172481] is completed
06-Jul-2024 16:30:20.710 INFO [http-nio-8080-exec-76] org.apache.catalina.core.StandardContext.reload Reloading Context with name [/Q3_HE172481] has started
06-Jul-2024 16:30:21.178 INFO [http-nio-8080-exec-76] org.apache.jasper.servlet.TldScanner.scanJars At least one JAR was scanned for TLDs yet contained no TLDs. Enable debug logging for this logger for a complete list of JARs that were scanned but no TLDs were found in them. Skipping unneeded JARs during scanning can improve startup time and JSP compilation time.
06-Jul-2024 16:30:21.190 INFO [http-nio-8080-exec-76] org.apache.catalina.core.StandardContext.reload Reloading Context with name [/Q3_HE172481] is completed
06-Jul-2024 16:30:30.267 INFO [http-nio-8080-exec-78] org.apache.catalina.core.StandardContext.reload Reloading Context with name [/Q3_HE172481] has started
06-Jul-2024 16:30:30.712 INFO [http-nio-8080-exec-78] org.apache.jasper.servlet.TldScanner.scanJars At least one JAR was scanned for TLDs yet contained no TLDs. Enable debug logging for this logger for a complete list of JARs that were scanned but no TLDs were found in them. Skipping unneeded JARs during scanning can improve startup time and JSP compilation time.
06-Jul-2024 16:30:30.724 INFO [http-nio-8080-exec-78] org.apache.catalina.core.StandardContext.reload Reloading Context with name [/Q3_HE172481] is completed
06-Jul-2024 16:30:32.939 INFO [http-nio-8080-exec-81] org.apache.catalina.core.StandardContext.reload Reloading Context with name [/Q3_HE172481] has started
06-Jul-2024 16:30:33.313 INFO [http-nio-8080-exec-81] org.apache.jasper.servlet.TldScanner.scanJars At least one JAR was scanned for TLDs yet contained no TLDs. Enable debug logging for this logger for a complete list of JARs that were scanned but no TLDs were found in them. Skipping unneeded JARs during scanning can improve startup time and JSP compilation time.
06-Jul-2024 16:30:33.323 INFO [http-nio-8080-exec-81] org.apache.catalina.core.StandardContext.reload Reloading Context with name [/Q3_HE172481] is completed
06-Jul-2024 16:31:26.703 INFO [http-nio-8080-exec-71] org.apache.catalina.core.StandardContext.reload Reloading Context with name [/Q3_HE172481] has started
06-Jul-2024 16:31:27.190 INFO [http-nio-8080-exec-71] org.apache.jasper.servlet.TldScanner.scanJars At least one JAR was scanned for TLDs yet contained no TLDs. Enable debug logging for this logger for a complete list of JARs that were scanned but no TLDs were found in them. Skipping unneeded JARs during scanning can improve startup time and JSP compilation time.
06-Jul-2024 16:31:27.204 INFO [http-nio-8080-exec-71] org.apache.catalina.core.StandardContext.reload Reloading Context with name [/Q3_HE172481] is completed
06-Jul-2024 16:33:34.994 INFO [http-nio-8080-exec-80] org.apache.catalina.core.StandardContext.reload Reloading Context with name [/Q3_HE172481] has started
06-Jul-2024 16:33:35.547 INFO [http-nio-8080-exec-80] org.apache.jasper.servlet.TldScanner.scanJars At least one JAR was scanned for TLDs yet contained no TLDs. Enable debug logging for this logger for a complete list of JARs that were scanned but no TLDs were found in them. Skipping unneeded JARs during scanning can improve startup time and JSP compilation time.
06-Jul-2024 16:33:35.557 INFO [http-nio-8080-exec-80] org.apache.catalina.core.StandardContext.reload Reloading Context with name [/Q3_HE172481] is completed
06-Jul-2024 16:34:42.637 INFO [http-nio-8080-exec-78] org.apache.catalina.core.StandardContext.reload Reloading Context with name [/Q3_HE172481] has started
06-Jul-2024 16:34:43.313 INFO [http-nio-8080-exec-78] org.apache.jasper.servlet.TldScanner.scanJars At least one JAR was scanned for TLDs yet contained no TLDs. Enable debug logging for this logger for a complete list of JARs that were scanned but no TLDs were found in them. Skipping unneeded JARs during scanning can improve startup time and JSP compilation time.
06-Jul-2024 16:34:43.327 INFO [http-nio-8080-exec-78] org.apache.catalina.core.StandardContext.reload Reloading Context with name [/Q3_HE172481] is completed
06-Jul-2024 16:34:54.391 INFO [http-nio-8080-exec-88] org.apache.catalina.core.StandardContext.reload Reloading Context with name [/Q3_HE172481] has started
06-Jul-2024 16:34:55.665 INFO [http-nio-8080-exec-88] org.apache.jasper.servlet.TldScanner.scanJars At least one JAR was scanned for TLDs yet contained no TLDs. Enable debug logging for this logger for a complete list of JARs that were scanned but no TLDs were found in them. Skipping unneeded JARs during scanning can improve startup time and JSP compilation time.
06-Jul-2024 16:34:55.694 INFO [http-nio-8080-exec-88] org.apache.catalina.core.StandardContext.reload Reloading Context with name [/Q3_HE172481] is completed
06-Jul-2024 16:35:23.619 INFO [http-nio-8080-exec-74] org.apache.jasper.servlet.TldScanner.scanJars At least one JAR was scanned for TLDs yet contained no TLDs. Enable debug logging for this logger for a complete list of JARs that were scanned but no TLDs were found in them. Skipping unneeded JARs during scanning can improve startup time and JSP compilation time.
06-Jul-2024 16:37:36.640 INFO [http-nio-8080-exec-96] org.apache.catalina.core.StandardContext.reload Reloading Context with name [/Q3_HE172481] has started
06-Jul-2024 16:37:36.642 WARNING [http-nio-8080-exec-96] org.apache.catalina.loader.WebappClassLoaderBase.clearReferencesJdbc The web application [Q3_HE172481] registered the JDBC driver [com.microsoft.sqlserver.jdbc.SQLServerDriver] but failed to unregister it when the web application was stopped. To prevent a memory leak, the JDBC Driver has been forcibly unregistered.
06-Jul-2024 16:37:37.125 INFO [http-nio-8080-exec-96] org.apache.jasper.servlet.TldScanner.scanJars At least one JAR was scanned for TLDs yet contained no TLDs. Enable debug logging for this logger for a complete list of JARs that were scanned but no TLDs were found in them. Skipping unneeded JARs during scanning can improve startup time and JSP compilation time.
06-Jul-2024 16:37:37.138 INFO [http-nio-8080-exec-96] org.apache.catalina.core.StandardContext.reload Reloading Context with name [/Q3_HE172481] is completed
06-Jul-2024 16:37:40.842 INFO [http-nio-8080-exec-98] org.apache.catalina.core.StandardContext.reload Reloading Context with name [/Q3_HE172481] has started
06-Jul-2024 16:37:41.328 INFO [http-nio-8080-exec-98] org.apache.jasper.servlet.TldScanner.scanJars At least one JAR was scanned for TLDs yet contained no TLDs. Enable debug logging for this logger for a complete list of JARs that were scanned but no TLDs were found in them. Skipping unneeded JARs during scanning can improve startup time and JSP compilation time.
06-Jul-2024 16:37:41.338 INFO [http-nio-8080-exec-98] org.apache.catalina.core.StandardContext.reload Reloading Context with name [/Q3_HE172481] is completed
06-Jul-2024 16:37:56.095 INFO [http-nio-8080-exec-95] org.apache.catalina.core.StandardContext.reload Reloading Context with name [/Q3_HE172481] has started
06-Jul-2024 16:37:56.656 INFO [http-nio-8080-exec-95] org.apache.jasper.servlet.TldScanner.scanJars At least one JAR was scanned for TLDs yet contained no TLDs. Enable debug logging for this logger for a complete list of JARs that were scanned but no TLDs were found in them. Skipping unneeded JARs during scanning can improve startup time and JSP compilation time.
06-Jul-2024 16:37:56.682 INFO [http-nio-8080-exec-95] org.apache.catalina.core.StandardContext.reload Reloading Context with name [/Q3_HE172481] is completed
06-Jul-2024 16:38:12.694 INFO [http-nio-8080-exec-103] org.apache.catalina.core.StandardContext.reload Reloading Context with name [/Q3_HE172481] has started
06-Jul-2024 16:38:13.203 INFO [http-nio-8080-exec-103] org.apache.jasper.servlet.TldScanner.scanJars At least one JAR was scanned for TLDs yet contained no TLDs. Enable debug logging for this logger for a complete list of JARs that were scanned but no TLDs were found in them. Skipping unneeded JARs during scanning can improve startup time and JSP compilation time.
06-Jul-2024 16:38:13.215 INFO [http-nio-8080-exec-103] org.apache.catalina.core.StandardContext.reload Reloading Context with name [/Q3_HE172481] is completed
06-Jul-2024 16:38:26.806 INFO [http-nio-8080-exec-95] org.apache.catalina.core.StandardContext.reload Reloading Context with name [/Q3_HE172481] has started
06-Jul-2024 16:38:27.721 INFO [http-nio-8080-exec-95] org.apache.jasper.servlet.TldScanner.scanJars At least one JAR was scanned for TLDs yet contained no TLDs. Enable debug logging for this logger for a complete list of JARs that were scanned but no TLDs were found in them. Skipping unneeded JARs during scanning can improve startup time and JSP compilation time.
06-Jul-2024 16:38:27.740 INFO [http-nio-8080-exec-95] org.apache.catalina.core.StandardContext.reload Reloading Context with name [/Q3_HE172481] is completed
06-Jul-2024 16:40:07.115 INFO [http-nio-8080-exec-107] org.apache.catalina.core.StandardContext.reload Reloading Context with name [/Q3_HE172481] has started
06-Jul-2024 16:40:07.562 INFO [http-nio-8080-exec-107] org.apache.jasper.servlet.TldScanner.scanJars At least one JAR was scanned for TLDs yet contained no TLDs. Enable debug logging for this logger for a complete list of JARs that were scanned but no TLDs were found in them. Skipping unneeded JARs during scanning can improve startup time and JSP compilation time.
06-Jul-2024 16:40:07.577 INFO [http-nio-8080-exec-107] org.apache.catalina.core.StandardContext.reload Reloading Context with name [/Q3_HE172481] is completed
06-Jul-2024 16:42:23.484 INFO [http-nio-8080-exec-95] org.apache.catalina.core.StandardContext.reload Reloading Context with name [/Q3_HE172481] has started
06-Jul-2024 16:42:23.902 INFO [http-nio-8080-exec-95] org.apache.jasper.servlet.TldScanner.scanJars At least one JAR was scanned for TLDs yet contained no TLDs. Enable debug logging for this logger for a complete list of JARs that were scanned but no TLDs were found in them. Skipping unneeded JARs during scanning can improve startup time and JSP compilation time.
06-Jul-2024 16:42:23.911 INFO [http-nio-8080-exec-95] org.apache.catalina.core.StandardContext.reload Reloading Context with name [/Q3_HE172481] is completed
06-Jul-2024 16:42:49.154 INFO [http-nio-8080-exec-111] org.apache.catalina.core.StandardContext.reload Reloading Context with name [/Q3_HE172481] has started
06-Jul-2024 16:42:49.569 INFO [http-nio-8080-exec-111] org.apache.jasper.servlet.TldScanner.scanJars At least one JAR was scanned for TLDs yet contained no TLDs. Enable debug logging for this logger for a complete list of JARs that were scanned but no TLDs were found in them. Skipping unneeded JARs during scanning can improve startup time and JSP compilation time.
06-Jul-2024 16:42:49.580 INFO [http-nio-8080-exec-111] org.apache.catalina.core.StandardContext.reload Reloading Context with name [/Q3_HE172481] is completed
06-Jul-2024 16:43:19.047 INFO [http-nio-8080-exec-113] org.apache.catalina.core.StandardContext.reload Reloading Context with name [/Q3_HE172481] has started
06-Jul-2024 16:43:19.697 INFO [http-nio-8080-exec-113] org.apache.jasper.servlet.TldScanner.scanJars At least one JAR was scanned for TLDs yet contained no TLDs. Enable debug logging for this logger for a complete list of JARs that were scanned but no TLDs were found in them. Skipping unneeded JARs during scanning can improve startup time and JSP compilation time.
06-Jul-2024 16:43:19.707 INFO [http-nio-8080-exec-113] org.apache.catalina.core.StandardContext.reload Reloading Context with name [/Q3_HE172481] is completed
06-Jul-2024 16:43:20.026 INFO [http-nio-8080-exec-105] org.apache.catalina.core.StandardContext.reload Reloading Context with name [/Q3_HE172481] has started
06-Jul-2024 16:43:20.491 INFO [http-nio-8080-exec-105] org.apache.jasper.servlet.TldScanner.scanJars At least one JAR was scanned for TLDs yet contained no TLDs. Enable debug logging for this logger for a complete list of JARs that were scanned but no TLDs were found in them. Skipping unneeded JARs during scanning can improve startup time and JSP compilation time.
06-Jul-2024 16:43:20.500 INFO [http-nio-8080-exec-105] org.apache.catalina.core.StandardContext.reload Reloading Context with name [/Q3_HE172481] is completed
06-Jul-2024 16:44:29.871 INFO [http-nio-8080-exec-95] org.apache.catalina.core.StandardContext.reload Reloading Context with name [/Q3_HE172481] has started
06-Jul-2024 16:44:30.436 INFO [http-nio-8080-exec-95] org.apache.jasper.servlet.TldScanner.scanJars At least one JAR was scanned for TLDs yet contained no TLDs. Enable debug logging for this logger for a complete list of JARs that were scanned but no TLDs were found in them. Skipping unneeded JARs during scanning can improve startup time and JSP compilation time.
06-Jul-2024 16:44:30.453 INFO [http-nio-8080-exec-95] org.apache.catalina.core.StandardContext.reload Reloading Context with name [/Q3_HE172481] is completed
06-Jul-2024 16:45:26.699 INFO [http-nio-8080-exec-117] org.apache.catalina.core.StandardContext.reload Reloading Context with name [/Q3_HE172481] has started
06-Jul-2024 16:45:27.055 INFO [http-nio-8080-exec-117] org.apache.jasper.servlet.TldScanner.scanJars At least one JAR was scanned for TLDs yet contained no TLDs. Enable debug logging for this logger for a complete list of JARs that were scanned but no TLDs were found in them. Skipping unneeded JARs during scanning can improve startup time and JSP compilation time.
06-Jul-2024 16:45:27.064 INFO [http-nio-8080-exec-117] org.apache.catalina.core.StandardContext.reload Reloading Context with name [/Q3_HE172481] is completed
06-Jul-2024 16:45:47.454 INFO [http-nio-8080-exec-119] org.apache.catalina.core.StandardContext.reload Reloading Context with name [/Q3_HE172481] has started
06-Jul-2024 16:45:47.948 INFO [http-nio-8080-exec-119] org.apache.jasper.servlet.TldScanner.scanJars At least one JAR was scanned for TLDs yet contained no TLDs. Enable debug logging for this logger for a complete list of JARs that were scanned but no TLDs were found in them. Skipping unneeded JARs during scanning can improve startup time and JSP compilation time.
06-Jul-2024 16:45:47.958 INFO [http-nio-8080-exec-119] org.apache.catalina.core.StandardContext.reload Reloading Context with name [/Q3_HE172481] is completed
06-Jul-2024 16:45:48.286 INFO [http-nio-8080-exec-99] org.apache.catalina.core.StandardContext.reload Reloading Context with name [/Q3_HE172481] has started
06-Jul-2024 16:45:48.720 INFO [http-nio-8080-exec-99] org.apache.jasper.servlet.TldScanner.scanJars At least one JAR was scanned for TLDs yet contained no TLDs. Enable debug logging for this logger for a complete list of JARs that were scanned but no TLDs were found in them. Skipping unneeded JARs during scanning can improve startup time and JSP compilation time.
06-Jul-2024 16:45:48.734 INFO [http-nio-8080-exec-99] org.apache.catalina.core.StandardContext.reload Reloading Context with name [/Q3_HE172481] is completed
06-Jul-2024 16:46:09.384 INFO [http-nio-8080-exec-119] org.apache.catalina.core.StandardContext.reload Reloading Context with name [/Q3_HE172481] has started
06-Jul-2024 16:46:09.853 INFO [http-nio-8080-exec-119] org.apache.jasper.servlet.TldScanner.scanJars At least one JAR was scanned for TLDs yet contained no TLDs. Enable debug logging for this logger for a complete list of JARs that were scanned but no TLDs were found in them. Skipping unneeded JARs during scanning can improve startup time and JSP compilation time.
06-Jul-2024 16:46:09.866 INFO [http-nio-8080-exec-119] org.apache.catalina.core.StandardContext.reload Reloading Context with name [/Q3_HE172481] is completed
06-Jul-2024 16:46:27.921 INFO [http-nio-8080-exec-95] org.apache.catalina.core.StandardContext.reload Reloading Context with name [/Q3_HE172481] has started
06-Jul-2024 16:46:28.306 INFO [http-nio-8080-exec-95] org.apache.jasper.servlet.TldScanner.scanJars At least one JAR was scanned for TLDs yet contained no TLDs. Enable debug logging for this logger for a complete list of JARs that were scanned but no TLDs were found in them. Skipping unneeded JARs during scanning can improve startup time and JSP compilation time.
06-Jul-2024 16:46:28.316 INFO [http-nio-8080-exec-95] org.apache.catalina.core.StandardContext.reload Reloading Context with name [/Q3_HE172481] is completed
06-Jul-2024 16:47:01.159 INFO [http-nio-8080-exec-114] org.apache.catalina.core.StandardContext.reload Reloading Context with name [/Q3_HE172481] has started
06-Jul-2024 16:47:02.155 INFO [http-nio-8080-exec-114] org.apache.jasper.servlet.TldScanner.scanJars At least one JAR was scanned for TLDs yet contained no TLDs. Enable debug logging for this logger for a complete list of JARs that were scanned but no TLDs were found in them. Skipping unneeded JARs during scanning can improve startup time and JSP compilation time.
06-Jul-2024 16:47:02.179 INFO [http-nio-8080-exec-114] org.apache.catalina.core.StandardContext.reload Reloading Context with name [/Q3_HE172481] is completed
06-Jul-2024 16:48:51.317 INFO [http-nio-8080-exec-128] org.apache.catalina.core.StandardContext.reload Reloading Context with name [/Q3_HE172481] has started
06-Jul-2024 16:48:51.756 INFO [http-nio-8080-exec-128] org.apache.jasper.servlet.TldScanner.scanJars At least one JAR was scanned for TLDs yet contained no TLDs. Enable debug logging for this logger for a complete list of JARs that were scanned but no TLDs were found in them. Skipping unneeded JARs during scanning can improve startup time and JSP compilation time.
06-Jul-2024 16:48:51.766 INFO [http-nio-8080-exec-128] org.apache.catalina.core.StandardContext.reload Reloading Context with name [/Q3_HE172481] is completed
06-Jul-2024 16:49:04.344 INFO [http-nio-8080-exec-100] org.apache.catalina.core.StandardContext.reload Reloading Context with name [/Q3_HE172481] has started
06-Jul-2024 16:49:04.810 INFO [http-nio-8080-exec-100] org.apache.jasper.servlet.TldScanner.scanJars At least one JAR was scanned for TLDs yet contained no TLDs. Enable debug logging for this logger for a complete list of JARs that were scanned but no TLDs were found in them. Skipping unneeded JARs during scanning can improve startup time and JSP compilation time.
06-Jul-2024 16:49:04.822 INFO [http-nio-8080-exec-100] org.apache.catalina.core.StandardContext.reload Reloading Context with name [/Q3_HE172481] is completed
06-Jul-2024 16:49:54.267 INFO [http-nio-8080-exec-95] org.apache.catalina.core.StandardContext.reload Reloading Context with name [/Q3_HE172481] has started
06-Jul-2024 16:49:54.621 INFO [http-nio-8080-exec-95] org.apache.jasper.servlet.TldScanner.scanJars At least one JAR was scanned for TLDs yet contained no TLDs. Enable debug logging for this logger for a complete list of JARs that were scanned but no TLDs were found in them. Skipping unneeded JARs during scanning can improve startup time and JSP compilation time.
06-Jul-2024 16:49:54.631 INFO [http-nio-8080-exec-95] org.apache.catalina.core.StandardContext.reload Reloading Context with name [/Q3_HE172481] is completed
06-Jul-2024 16:50:39.793 INFO [http-nio-8080-exec-118] org.apache.catalina.core.StandardContext.reload Reloading Context with name [/Q3_HE172481] has started
06-Jul-2024 16:50:40.546 INFO [http-nio-8080-exec-118] org.apache.jasper.servlet.TldScanner.scanJars At least one JAR was scanned for TLDs yet contained no TLDs. Enable debug logging for this logger for a complete list of JARs that were scanned but no TLDs were found in them. Skipping unneeded JARs during scanning can improve startup time and JSP compilation time.
06-Jul-2024 16:50:40.564 INFO [http-nio-8080-exec-118] org.apache.catalina.core.StandardContext.reload Reloading Context with name [/Q3_HE172481] is completed
06-Jul-2024 16:51:07.067 INFO [http-nio-8080-exec-128] org.apache.catalina.core.StandardContext.reload Reloading Context with name [/Q3_HE172481] has started
06-Jul-2024 16:51:07.508 INFO [http-nio-8080-exec-128] org.apache.jasper.servlet.TldScanner.scanJars At least one JAR was scanned for TLDs yet contained no TLDs. Enable debug logging for this logger for a complete list of JARs that were scanned but no TLDs were found in them. Skipping unneeded JARs during scanning can improve startup time and JSP compilation time.
06-Jul-2024 16:51:07.520 INFO [http-nio-8080-exec-128] org.apache.catalina.core.StandardContext.reload Reloading Context with name [/Q3_HE172481] is completed
06-Jul-2024 16:51:52.488 INFO [http-nio-8080-exec-132] org.apache.catalina.core.StandardContext.reload Reloading Context with name [/Q3_HE172481] has started
06-Jul-2024 16:51:52.995 INFO [http-nio-8080-exec-132] org.apache.jasper.servlet.TldScanner.scanJars At least one JAR was scanned for TLDs yet contained no TLDs. Enable debug logging for this logger for a complete list of JARs that were scanned but no TLDs were found in them. Skipping unneeded JARs during scanning can improve startup time and JSP compilation time.
06-Jul-2024 16:51:53.007 INFO [http-nio-8080-exec-132] org.apache.catalina.core.StandardContext.reload Reloading Context with name [/Q3_HE172481] is completed
06-Jul-2024 16:52:34.079 INFO [http-nio-8080-exec-133] org.apache.catalina.core.StandardContext.reload Reloading Context with name [/Q3_HE172481] has started
06-Jul-2024 16:52:34.787 INFO [http-nio-8080-exec-133] org.apache.jasper.servlet.TldScanner.scanJars At least one JAR was scanned for TLDs yet contained no TLDs. Enable debug logging for this logger for a complete list of JARs that were scanned but no TLDs were found in them. Skipping unneeded JARs during scanning can improve startup time and JSP compilation time.
06-Jul-2024 16:52:34.881 INFO [http-nio-8080-exec-133] org.apache.catalina.core.StandardContext.reload Reloading Context with name [/Q3_HE172481] is completed
06-Jul-2024 16:55:06.669 INFO [http-nio-8080-exec-132] org.apache.catalina.core.StandardContext.reload Reloading Context with name [/Q3_HE172481] has started
06-Jul-2024 16:55:07.273 INFO [http-nio-8080-exec-132] org.apache.jasper.servlet.TldScanner.scanJars At least one JAR was scanned for TLDs yet contained no TLDs. Enable debug logging for this logger for a complete list of JARs that were scanned but no TLDs were found in them. Skipping unneeded JARs during scanning can improve startup time and JSP compilation time.
06-Jul-2024 16:55:07.293 INFO [http-nio-8080-exec-132] org.apache.catalina.core.StandardContext.reload Reloading Context with name [/Q3_HE172481] is completed
06-Jul-2024 16:55:07.623 INFO [http-nio-8080-exec-134] org.apache.catalina.core.StandardContext.reload Reloading Context with name [/Q3_HE172481] has started
06-Jul-2024 16:55:08.128 INFO [http-nio-8080-exec-134] org.apache.jasper.servlet.TldScanner.scanJars At least one JAR was scanned for TLDs yet contained no TLDs. Enable debug logging for this logger for a complete list of JARs that were scanned but no TLDs were found in them. Skipping unneeded JARs during scanning can improve startup time and JSP compilation time.
06-Jul-2024 16:55:08.147 INFO [http-nio-8080-exec-134] org.apache.catalina.core.StandardContext.reload Reloading Context with name [/Q3_HE172481] is completed
06-Jul-2024 16:55:17.697 INFO [http-nio-8080-exec-135] org.apache.catalina.core.StandardContext.reload Reloading Context with name [/Q3_HE172481] has started
06-Jul-2024 16:55:18.099 INFO [http-nio-8080-exec-135] org.apache.jasper.servlet.TldScanner.scanJars At least one JAR was scanned for TLDs yet contained no TLDs. Enable debug logging for this logger for a complete list of JARs that were scanned but no TLDs were found in them. Skipping unneeded JARs during scanning can improve startup time and JSP compilation time.
06-Jul-2024 16:55:18.106 INFO [http-nio-8080-exec-135] org.apache.catalina.core.StandardContext.reload Reloading Context with name [/Q3_HE172481] is completed
06-Jul-2024 16:55:56.898 INFO [http-nio-8080-exec-132] org.apache.catalina.core.StandardContext.reload Reloading Context with name [/Q3_HE172481] has started
06-Jul-2024 16:55:57.319 INFO [http-nio-8080-exec-132] org.apache.jasper.servlet.TldScanner.scanJars At least one JAR was scanned for TLDs yet contained no TLDs. Enable debug logging for this logger for a complete list of JARs that were scanned but no TLDs were found in them. Skipping unneeded JARs during scanning can improve startup time and JSP compilation time.
06-Jul-2024 16:55:57.339 INFO [http-nio-8080-exec-132] org.apache.catalina.core.StandardContext.reload Reloading Context with name [/Q3_HE172481] is completed
06-Jul-2024 16:57:03.548 INFO [http-nio-8080-exec-134] org.apache.catalina.core.StandardContext.reload Reloading Context with name [/Q3_HE172481] has started
06-Jul-2024 16:57:03.990 INFO [http-nio-8080-exec-134] org.apache.jasper.servlet.TldScanner.scanJars At least one JAR was scanned for TLDs yet contained no TLDs. Enable debug logging for this logger for a complete list of JARs that were scanned but no TLDs were found in them. Skipping unneeded JARs during scanning can improve startup time and JSP compilation time.
06-Jul-2024 16:57:04.000 INFO [http-nio-8080-exec-134] org.apache.catalina.core.StandardContext.reload Reloading Context with name [/Q3_HE172481] is completed
06-Jul-2024 16:57:09.032 INFO [http-nio-8080-exec-139] org.apache.catalina.core.StandardContext.reload Reloading Context with name [/Q3_HE172481] has started
06-Jul-2024 16:57:09.541 INFO [http-nio-8080-exec-139] org.apache.jasper.servlet.TldScanner.scanJars At least one JAR was scanned for TLDs yet contained no TLDs. Enable debug logging for this logger for a complete list of JARs that were scanned but no TLDs were found in them. Skipping unneeded JARs during scanning can improve startup time and JSP compilation time.
06-Jul-2024 16:57:09.551 INFO [http-nio-8080-exec-139] org.apache.catalina.core.StandardContext.reload Reloading Context with name [/Q3_HE172481] is completed
06-Jul-2024 16:57:13.291 INFO [http-nio-8080-exec-137] org.apache.catalina.core.StandardContext.reload Reloading Context with name [/Q3_HE172481] has started
06-Jul-2024 16:57:13.682 INFO [http-nio-8080-exec-137] org.apache.jasper.servlet.TldScanner.scanJars At least one JAR was scanned for TLDs yet contained no TLDs. Enable debug logging for this logger for a complete list of JARs that were scanned but no TLDs were found in them. Skipping unneeded JARs during scanning can improve startup time and JSP compilation time.
06-Jul-2024 16:57:13.695 INFO [http-nio-8080-exec-137] org.apache.catalina.core.StandardContext.reload Reloading Context with name [/Q3_HE172481] is completed
06-Jul-2024 16:57:27.470 INFO [http-nio-8080-exec-140] org.apache.catalina.core.StandardContext.reload Reloading Context with name [/Q3_HE172481] has started
06-Jul-2024 16:57:27.876 INFO [http-nio-8080-exec-140] org.apache.jasper.servlet.TldScanner.scanJars At least one JAR was scanned for TLDs yet contained no TLDs. Enable debug logging for this logger for a complete list of JARs that were scanned but no TLDs were found in them. Skipping unneeded JARs during scanning can improve startup time and JSP compilation time.
06-Jul-2024 16:57:27.879 INFO [http-nio-8080-exec-140] org.apache.catalina.core.StandardContext.reload Reloading Context with name [/Q3_HE172481] is completed
06-Jul-2024 16:57:34.077 INFO [http-nio-8080-exec-142] org.apache.catalina.core.StandardContext.reload Reloading Context with name [/Q3_HE172481] has started
06-Jul-2024 16:57:34.457 INFO [http-nio-8080-exec-142] org.apache.jasper.servlet.TldScanner.scanJars At least one JAR was scanned for TLDs yet contained no TLDs. Enable debug logging for this logger for a complete list of JARs that were scanned but no TLDs were found in them. Skipping unneeded JARs during scanning can improve startup time and JSP compilation time.
06-Jul-2024 16:57:34.467 INFO [http-nio-8080-exec-142] org.apache.catalina.core.StandardContext.reload Reloading Context with name [/Q3_HE172481] is completed
06-Jul-2024 16:58:15.253 INFO [http-nio-8080-exec-146] org.apache.catalina.core.StandardContext.reload Reloading Context with name [/Q3_HE172481] has started
06-Jul-2024 16:58:15.658 INFO [http-nio-8080-exec-146] org.apache.jasper.servlet.TldScanner.scanJars At least one JAR was scanned for TLDs yet contained no TLDs. Enable debug logging for this logger for a complete list of JARs that were scanned but no TLDs were found in them. Skipping unneeded JARs during scanning can improve startup time and JSP compilation time.
06-Jul-2024 16:58:15.669 INFO [http-nio-8080-exec-146] org.apache.catalina.core.StandardContext.reload Reloading Context with name [/Q3_HE172481] is completed
06-Jul-2024 16:58:23.353 INFO [http-nio-8080-exec-147] org.apache.catalina.core.StandardContext.reload Reloading Context with name [/Q3_HE172481] has started
06-Jul-2024 16:58:23.767 INFO [http-nio-8080-exec-147] org.apache.jasper.servlet.TldScanner.scanJars At least one JAR was scanned for TLDs yet contained no TLDs. Enable debug logging for this logger for a complete list of JARs that were scanned but no TLDs were found in them. Skipping unneeded JARs during scanning can improve startup time and JSP compilation time.
06-Jul-2024 16:58:23.782 INFO [http-nio-8080-exec-147] org.apache.catalina.core.StandardContext.reload Reloading Context with name [/Q3_HE172481] is completed
06-Jul-2024 16:58:33.813 INFO [http-nio-8080-exec-143] org.apache.catalina.core.StandardContext.reload Reloading Context with name [/Q3_HE172481] has started
06-Jul-2024 16:58:34.298 INFO [http-nio-8080-exec-143] org.apache.jasper.servlet.TldScanner.scanJars At least one JAR was scanned for TLDs yet contained no TLDs. Enable debug logging for this logger for a complete list of JARs that were scanned but no TLDs were found in them. Skipping unneeded JARs during scanning can improve startup time and JSP compilation time.
06-Jul-2024 16:58:34.313 INFO [http-nio-8080-exec-143] org.apache.catalina.core.StandardContext.reload Reloading Context with name [/Q3_HE172481] is completed
06-Jul-2024 16:59:22.026 INFO [http-nio-8080-exec-137] org.apache.catalina.core.StandardContext.reload Reloading Context with name [/Q3_HE172481] has started
06-Jul-2024 16:59:22.402 INFO [http-nio-8080-exec-137] org.apache.jasper.servlet.TldScanner.scanJars At least one JAR was scanned for TLDs yet contained no TLDs. Enable debug logging for this logger for a complete list of JARs that were scanned but no TLDs were found in them. Skipping unneeded JARs during scanning can improve startup time and JSP compilation time.
06-Jul-2024 16:59:22.411 INFO [http-nio-8080-exec-137] org.apache.catalina.core.StandardContext.reload Reloading Context with name [/Q3_HE172481] is completed
06-Jul-2024 16:59:39.537 INFO [http-nio-8080-exec-144] org.apache.catalina.core.StandardContext.reload Reloading Context with name [/Q3_HE172481] has started
06-Jul-2024 16:59:40.029 INFO [http-nio-8080-exec-144] org.apache.jasper.servlet.TldScanner.scanJars At least one JAR was scanned for TLDs yet contained no TLDs. Enable debug logging for this logger for a complete list of JARs that were scanned but no TLDs were found in them. Skipping unneeded JARs during scanning can improve startup time and JSP compilation time.
06-Jul-2024 16:59:40.041 INFO [http-nio-8080-exec-144] org.apache.catalina.core.StandardContext.reload Reloading Context with name [/Q3_HE172481] is completed
06-Jul-2024 17:00:10.057 INFO [http-nio-8080-exec-143] org.apache.catalina.core.StandardContext.reload Reloading Context with name [/Q3_HE172481] has started
06-Jul-2024 17:00:10.553 INFO [http-nio-8080-exec-143] org.apache.jasper.servlet.TldScanner.scanJars At least one JAR was scanned for TLDs yet contained no TLDs. Enable debug logging for this logger for a complete list of JARs that were scanned but no TLDs were found in them. Skipping unneeded JARs during scanning can improve startup time and JSP compilation time.
06-Jul-2024 17:00:10.564 INFO [http-nio-8080-exec-143] org.apache.catalina.core.StandardContext.reload Reloading Context with name [/Q3_HE172481] is completed
06-Jul-2024 17:01:19.570 INFO [http-nio-8080-exec-152] org.apache.catalina.core.StandardContext.reload Reloading Context with name [/Q3_HE172481] has started
06-Jul-2024 17:01:20.013 INFO [http-nio-8080-exec-152] org.apache.jasper.servlet.TldScanner.scanJars At least one JAR was scanned for TLDs yet contained no TLDs. Enable debug logging for this logger for a complete list of JARs that were scanned but no TLDs were found in them. Skipping unneeded JARs during scanning can improve startup time and JSP compilation time.
06-Jul-2024 17:01:20.046 INFO [http-nio-8080-exec-152] org.apache.catalina.core.StandardContext.reload Reloading Context with name [/Q3_HE172481] is completed
06-Jul-2024 17:01:20.967 INFO [http-nio-8080-exec-143] org.apache.catalina.core.StandardContext.reload Reloading Context with name [/Q3_HE172481] has started
06-Jul-2024 17:01:21.378 INFO [http-nio-8080-exec-143] org.apache.jasper.servlet.TldScanner.scanJars At least one JAR was scanned for TLDs yet contained no TLDs. Enable debug logging for this logger for a complete list of JARs that were scanned but no TLDs were found in them. Skipping unneeded JARs during scanning can improve startup time and JSP compilation time.
06-Jul-2024 17:01:21.390 INFO [http-nio-8080-exec-143] org.apache.catalina.core.StandardContext.reload Reloading Context with name [/Q3_HE172481] is completed
06-Jul-2024 17:01:54.747 INFO [http-nio-8080-exec-153] org.apache.catalina.core.StandardContext.reload Reloading Context with name [/Q3_HE172481] has started
06-Jul-2024 17:01:55.429 INFO [http-nio-8080-exec-153] org.apache.jasper.servlet.TldScanner.scanJars At least one JAR was scanned for TLDs yet contained no TLDs. Enable debug logging for this logger for a complete list of JARs that were scanned but no TLDs were found in them. Skipping unneeded JARs during scanning can improve startup time and JSP compilation time.
06-Jul-2024 17:01:55.439 INFO [http-nio-8080-exec-153] org.apache.catalina.core.StandardContext.reload Reloading Context with name [/Q3_HE172481] is completed
06-Jul-2024 17:01:55.759 INFO [http-nio-8080-exec-137] org.apache.catalina.core.StandardContext.reload Reloading Context with name [/Q3_HE172481] has started
06-Jul-2024 17:01:56.525 INFO [http-nio-8080-exec-137] org.apache.jasper.servlet.TldScanner.scanJars At least one JAR was scanned for TLDs yet contained no TLDs. Enable debug logging for this logger for a complete list of JARs that were scanned but no TLDs were found in them. Skipping unneeded JARs during scanning can improve startup time and JSP compilation time.
06-Jul-2024 17:01:56.611 INFO [http-nio-8080-exec-137] org.apache.catalina.core.StandardContext.reload Reloading Context with name [/Q3_HE172481] is completed
06-Jul-2024 17:02:18.352 INFO [http-nio-8080-exec-155] org.apache.catalina.core.StandardContext.reload Reloading Context with name [/Q3_HE172481] has started
06-Jul-2024 17:02:18.783 INFO [http-nio-8080-exec-155] org.apache.jasper.servlet.TldScanner.scanJars At least one JAR was scanned for TLDs yet contained no TLDs. Enable debug logging for this logger for a complete list of JARs that were scanned but no TLDs were found in them. Skipping unneeded JARs during scanning can improve startup time and JSP compilation time.
06-Jul-2024 17:02:18.791 INFO [http-nio-8080-exec-155] org.apache.catalina.core.StandardContext.reload Reloading Context with name [/Q3_HE172481] is completed
06-Jul-2024 17:03:04.130 INFO [http-nio-8080-exec-150] org.apache.catalina.core.StandardContext.reload Reloading Context with name [/Q3_HE172481] has started
06-Jul-2024 17:03:04.683 INFO [http-nio-8080-exec-150] org.apache.jasper.servlet.TldScanner.scanJars At least one JAR was scanned for TLDs yet contained no TLDs. Enable debug logging for this logger for a complete list of JARs that were scanned but no TLDs were found in them. Skipping unneeded JARs during scanning can improve startup time and JSP compilation time.
06-Jul-2024 17:03:04.703 INFO [http-nio-8080-exec-150] org.apache.catalina.core.StandardContext.reload Reloading Context with name [/Q3_HE172481] is completed
06-Jul-2024 17:03:05.030 INFO [http-nio-8080-exec-157] org.apache.catalina.core.StandardContext.reload Reloading Context with name [/Q3_HE172481] has started
06-Jul-2024 17:03:05.586 INFO [http-nio-8080-exec-157] org.apache.jasper.servlet.TldScanner.scanJars At least one JAR was scanned for TLDs yet contained no TLDs. Enable debug logging for this logger for a complete list of JARs that were scanned but no TLDs were found in them. Skipping unneeded JARs during scanning can improve startup time and JSP compilation time.
06-Jul-2024 17:03:05.595 INFO [http-nio-8080-exec-157] org.apache.catalina.core.StandardContext.reload Reloading Context with name [/Q3_HE172481] is completed
06-Jul-2024 17:03:54.279 INFO [http-nio-8080-exec-159] org.apache.catalina.core.StandardContext.reload Reloading Context with name [/Q3_HE172481] has started
06-Jul-2024 17:03:54.875 INFO [http-nio-8080-exec-159] org.apache.jasper.servlet.TldScanner.scanJars At least one JAR was scanned for TLDs yet contained no TLDs. Enable debug logging for this logger for a complete list of JARs that were scanned but no TLDs were found in them. Skipping unneeded JARs during scanning can improve startup time and JSP compilation time.
06-Jul-2024 17:03:54.884 INFO [http-nio-8080-exec-159] org.apache.catalina.core.StandardContext.reload Reloading Context with name [/Q3_HE172481] is completed
06-Jul-2024 17:03:55.212 INFO [http-nio-8080-exec-150] org.apache.catalina.core.StandardContext.reload Reloading Context with name [/Q3_HE172481] has started
06-Jul-2024 17:03:55.830 INFO [http-nio-8080-exec-150] org.apache.jasper.servlet.TldScanner.scanJars At least one JAR was scanned for TLDs yet contained no TLDs. Enable debug logging for this logger for a complete list of JARs that were scanned but no TLDs were found in them. Skipping unneeded JARs during scanning can improve startup time and JSP compilation time.
06-Jul-2024 17:03:55.846 INFO [http-nio-8080-exec-150] org.apache.catalina.core.StandardContext.reload Reloading Context with name [/Q3_HE172481] is completed
06-Jul-2024 17:03:57.058 INFO [http-nio-8080-exec-158] org.apache.catalina.core.StandardContext.reload Reloading Context with name [/Q3_HE172481] has started
06-Jul-2024 17:03:57.429 INFO [http-nio-8080-exec-158] org.apache.jasper.servlet.TldScanner.scanJars At least one JAR was scanned for TLDs yet contained no TLDs. Enable debug logging for this logger for a complete list of JARs that were scanned but no TLDs were found in them. Skipping unneeded JARs during scanning can improve startup time and JSP compilation time.
06-Jul-2024 17:03:57.440 INFO [http-nio-8080-exec-158] org.apache.catalina.core.StandardContext.reload Reloading Context with name [/Q3_HE172481] is completed
06-Jul-2024 17:04:23.295 INFO [http-nio-8080-exec-168] org.apache.catalina.core.StandardContext.reload Reloading Context with name [/Q3_HE172481] has started
06-Jul-2024 17:04:23.301 WARNING [http-nio-8080-exec-168] org.apache.catalina.loader.WebappClassLoaderBase.clearReferencesJdbc The web application [Q3_HE172481] registered the JDBC driver [com.microsoft.sqlserver.jdbc.SQLServerDriver] but failed to unregister it when the web application was stopped. To prevent a memory leak, the JDBC Driver has been forcibly unregistered.
06-Jul-2024 17:04:23.709 INFO [http-nio-8080-exec-168] org.apache.jasper.servlet.TldScanner.scanJars At least one JAR was scanned for TLDs yet contained no TLDs. Enable debug logging for this logger for a complete list of JARs that were scanned but no TLDs were found in them. Skipping unneeded JARs during scanning can improve startup time and JSP compilation time.
06-Jul-2024 17:04:23.724 INFO [http-nio-8080-exec-168] org.apache.catalina.core.StandardContext.reload Reloading Context with name [/Q3_HE172481] is completed
06-Jul-2024 17:18:12.447 INFO [http-nio-8080-exec-174] org.apache.catalina.core.StandardContext.reload Reloading Context with name [/Q3_HE172481] has started
06-Jul-2024 17:18:12.449 WARNING [http-nio-8080-exec-174] org.apache.catalina.loader.WebappClassLoaderBase.clearReferencesJdbc The web application [Q3_HE172481] registered the JDBC driver [com.microsoft.sqlserver.jdbc.SQLServerDriver] but failed to unregister it when the web application was stopped. To prevent a memory leak, the JDBC Driver has been forcibly unregistered.
06-Jul-2024 17:18:12.449 SEVERE [http-nio-8080-exec-174] org.apache.catalina.loader.WebappClassLoaderBase.checkThreadLocalMapForLeaks The web application [Q3_HE172481] created a ThreadLocal with key of type [com.microsoft.sqlserver.jdbc.ActivityCorrelator$1] (value [com.microsoft.sqlserver.jdbc.ActivityCorrelator$1@7db8123f]) and a value of type [com.microsoft.sqlserver.jdbc.ActivityId] (value [827f1b23-dcb6-4194-936b-5feb22fb52ed-2]) but failed to remove it when the web application was stopped. Threads are going to be renewed over time to try and avoid a probable memory leak.
06-Jul-2024 17:18:12.450 SEVERE [http-nio-8080-exec-174] org.apache.catalina.loader.WebappClassLoaderBase.checkThreadLocalMapForLeaks The web application [Q3_HE172481] created a ThreadLocal with key of type [com.microsoft.sqlserver.jdbc.ActivityCorrelator$1] (value [com.microsoft.sqlserver.jdbc.ActivityCorrelator$1@7db8123f]) and a value of type [com.microsoft.sqlserver.jdbc.ActivityId] (value [c6475568-d534-4ee8-a32f-b429aa951cb5-3]) but failed to remove it when the web application was stopped. Threads are going to be renewed over time to try and avoid a probable memory leak.
06-Jul-2024 17:18:12.450 SEVERE [http-nio-8080-exec-174] org.apache.catalina.loader.WebappClassLoaderBase.checkThreadLocalMapForLeaks The web application [Q3_HE172481] created a ThreadLocal with key of type [com.microsoft.sqlserver.jdbc.ActivityCorrelator$1] (value [com.microsoft.sqlserver.jdbc.ActivityCorrelator$1@7db8123f]) and a value of type [com.microsoft.sqlserver.jdbc.ActivityId] (value [1146aa03-7216-4779-abda-e9d4450c8f34-1]) but failed to remove it when the web application was stopped. Threads are going to be renewed over time to try and avoid a probable memory leak.
06-Jul-2024 17:18:12.450 SEVERE [http-nio-8080-exec-174] org.apache.catalina.loader.WebappClassLoaderBase.checkThreadLocalMapForLeaks The web application [Q3_HE172481] created a ThreadLocal with key of type [com.microsoft.sqlserver.jdbc.ActivityCorrelator$1] (value [com.microsoft.sqlserver.jdbc.ActivityCorrelator$1@7db8123f]) and a value of type [com.microsoft.sqlserver.jdbc.ActivityId] (value [b45ea97f-c32e-4a93-be53-067704c4d26d-3]) but failed to remove it when the web application was stopped. Threads are going to be renewed over time to try and avoid a probable memory leak.
06-Jul-2024 17:18:12.450 SEVERE [http-nio-8080-exec-174] org.apache.catalina.loader.WebappClassLoaderBase.checkThreadLocalMapForLeaks The web application [Q3_HE172481] created a ThreadLocal with key of type [com.microsoft.sqlserver.jdbc.ActivityCorrelator$1] (value [com.microsoft.sqlserver.jdbc.ActivityCorrelator$1@7db8123f]) and a value of type [com.microsoft.sqlserver.jdbc.ActivityId] (value [2a030273-7b57-4eae-86e7-2cc1c437d179-1]) but failed to remove it when the web application was stopped. Threads are going to be renewed over time to try and avoid a probable memory leak.
06-Jul-2024 17:18:12.450 SEVERE [http-nio-8080-exec-174] org.apache.catalina.loader.WebappClassLoaderBase.checkThreadLocalMapForLeaks The web application [Q3_HE172481] created a ThreadLocal with key of type [com.microsoft.sqlserver.jdbc.ActivityCorrelator$1] (value [com.microsoft.sqlserver.jdbc.ActivityCorrelator$1@7db8123f]) and a value of type [com.microsoft.sqlserver.jdbc.ActivityId] (value [be926819-4e14-4bdb-8259-50392b64d10a-2]) but failed to remove it when the web application was stopped. Threads are going to be renewed over time to try and avoid a probable memory leak.
06-Jul-2024 17:18:12.450 SEVERE [http-nio-8080-exec-174] org.apache.catalina.loader.WebappClassLoaderBase.checkThreadLocalMapForLeaks The web application [Q3_HE172481] created a ThreadLocal with key of type [com.microsoft.sqlserver.jdbc.ActivityCorrelator$1] (value [com.microsoft.sqlserver.jdbc.ActivityCorrelator$1@7db8123f]) and a value of type [com.microsoft.sqlserver.jdbc.ActivityId] (value [0960368f-34cf-4308-91ba-fc1acdf0dc6a-2]) but failed to remove it when the web application was stopped. Threads are going to be renewed over time to try and avoid a probable memory leak.
06-Jul-2024 17:18:13.040 INFO [http-nio-8080-exec-174] org.apache.jasper.servlet.TldScanner.scanJars At least one JAR was scanned for TLDs yet contained no TLDs. Enable debug logging for this logger for a complete list of JARs that were scanned but no TLDs were found in them. Skipping unneeded JARs during scanning can improve startup time and JSP compilation time.
06-Jul-2024 17:18:13.060 INFO [http-nio-8080-exec-174] org.apache.catalina.core.StandardContext.reload Reloading Context with name [/Q3_HE172481] is completed
06-Jul-2024 17:22:37.571 INFO [http-nio-8080-exec-182] org.apache.catalina.core.StandardContext.reload Reloading Context with name [/Q3_HE172481] has started
06-Jul-2024 17:22:37.572 WARNING [http-nio-8080-exec-182] org.apache.catalina.loader.WebappClassLoaderBase.clearReferencesJdbc The web application [Q3_HE172481] registered the JDBC driver [com.microsoft.sqlserver.jdbc.SQLServerDriver] but failed to unregister it when the web application was stopped. To prevent a memory leak, the JDBC Driver has been forcibly unregistered.
06-Jul-2024 17:22:37.573 SEVERE [http-nio-8080-exec-182] org.apache.catalina.loader.WebappClassLoaderBase.checkThreadLocalMapForLeaks The web application [Q3_HE172481] created a ThreadLocal with key of type [com.microsoft.sqlserver.jdbc.ActivityCorrelator$1] (value [com.microsoft.sqlserver.jdbc.ActivityCorrelator$1@7cb04b00]) and a value of type [com.microsoft.sqlserver.jdbc.ActivityId] (value [b6715ea8-4200-4526-8169-e4adc5236bf4-3]) but failed to remove it when the web application was stopped. Threads are going to be renewed over time to try and avoid a probable memory leak.
06-Jul-2024 17:22:37.932 INFO [http-nio-8080-exec-182] org.apache.jasper.servlet.TldScanner.scanJars At least one JAR was scanned for TLDs yet contained no TLDs. Enable debug logging for this logger for a complete list of JARs that were scanned but no TLDs were found in them. Skipping unneeded JARs during scanning can improve startup time and JSP compilation time.
06-Jul-2024 17:22:37.940 INFO [http-nio-8080-exec-182] org.apache.catalina.core.StandardContext.reload Reloading Context with name [/Q3_HE172481] is completed
06-Jul-2024 17:49:26.784 INFO [http-nio-8080-exec-190] org.apache.catalina.core.StandardContext.reload Reloading Context with name [/Q3_HE172481] has started
06-Jul-2024 17:49:26.787 WARNING [http-nio-8080-exec-190] org.apache.catalina.loader.WebappClassLoaderBase.clearReferencesJdbc The web application [Q3_HE172481] registered the JDBC driver [com.microsoft.sqlserver.jdbc.SQLServerDriver] but failed to unregister it when the web application was stopped. To prevent a memory leak, the JDBC Driver has been forcibly unregistered.
06-Jul-2024 17:49:26.787 SEVERE [http-nio-8080-exec-190] org.apache.catalina.loader.WebappClassLoaderBase.checkThreadLocalMapForLeaks The web application [Q3_HE172481] created a ThreadLocal with key of type [com.microsoft.sqlserver.jdbc.ActivityCorrelator$1] (value [com.microsoft.sqlserver.jdbc.ActivityCorrelator$1@50131a95]) and a value of type [com.microsoft.sqlserver.jdbc.ActivityId] (value [91aa16a5-1d5d-443f-a2e7-492b28e01767-3]) but failed to remove it when the web application was stopped. Threads are going to be renewed over time to try and avoid a probable memory leak.
06-Jul-2024 17:49:26.787 SEVERE [http-nio-8080-exec-190] org.apache.catalina.loader.WebappClassLoaderBase.checkThreadLocalMapForLeaks The web application [Q3_HE172481] created a ThreadLocal with key of type [com.microsoft.sqlserver.jdbc.ActivityCorrelator$1] (value [com.microsoft.sqlserver.jdbc.ActivityCorrelator$1@50131a95]) and a value of type [com.microsoft.sqlserver.jdbc.ActivityId] (value [8e832b3f-2235-4010-85e5-062240c9f5e0-6]) but failed to remove it when the web application was stopped. Threads are going to be renewed over time to try and avoid a probable memory leak.
06-Jul-2024 17:49:26.788 SEVERE [http-nio-8080-exec-190] org.apache.catalina.loader.WebappClassLoaderBase.checkThreadLocalMapForLeaks The web application [Q3_HE172481] created a ThreadLocal with key of type [com.microsoft.sqlserver.jdbc.ActivityCorrelator$1] (value [com.microsoft.sqlserver.jdbc.ActivityCorrelator$1@50131a95]) and a value of type [com.microsoft.sqlserver.jdbc.ActivityId] (value [d4ce195f-d19d-44a1-8771-66666fff0778-5]) but failed to remove it when the web application was stopped. Threads are going to be renewed over time to try and avoid a probable memory leak.
06-Jul-2024 17:49:26.788 SEVERE [http-nio-8080-exec-190] org.apache.catalina.loader.WebappClassLoaderBase.checkThreadLocalMapForLeaks The web application [Q3_HE172481] created a ThreadLocal with key of type [com.microsoft.sqlserver.jdbc.ActivityCorrelator$1] (value [com.microsoft.sqlserver.jdbc.ActivityCorrelator$1@50131a95]) and a value of type [com.microsoft.sqlserver.jdbc.ActivityId] (value [45832ec9-dbfa-4238-bf1b-5bb3d3528101-4]) but failed to remove it when the web application was stopped. Threads are going to be renewed over time to try and avoid a probable memory leak.
06-Jul-2024 17:49:26.788 SEVERE [http-nio-8080-exec-190] org.apache.catalina.loader.WebappClassLoaderBase.checkThreadLocalMapForLeaks The web application [Q3_HE172481] created a ThreadLocal with key of type [com.microsoft.sqlserver.jdbc.ActivityCorrelator$1] (value [com.microsoft.sqlserver.jdbc.ActivityCorrelator$1@50131a95]) and a value of type [com.microsoft.sqlserver.jdbc.ActivityId] (value [f760372d-5e76-47ac-bc78-3261a8dfa649-3]) but failed to remove it when the web application was stopped. Threads are going to be renewed over time to try and avoid a probable memory leak.
06-Jul-2024 17:49:26.788 SEVERE [http-nio-8080-exec-190] org.apache.catalina.loader.WebappClassLoaderBase.checkThreadLocalMapForLeaks The web application [Q3_HE172481] created a ThreadLocal with key of type [com.microsoft.sqlserver.jdbc.ActivityCorrelator$1] (value [com.microsoft.sqlserver.jdbc.ActivityCorrelator$1@50131a95]) and a value of type [com.microsoft.sqlserver.jdbc.ActivityId] (value [6aec8829-98a9-4665-b84c-47141703d852-5]) but failed to remove it when the web application was stopped. Threads are going to be renewed over time to try and avoid a probable memory leak.
06-Jul-2024 17:49:26.788 SEVERE [http-nio-8080-exec-190] org.apache.catalina.loader.WebappClassLoaderBase.checkThreadLocalMapForLeaks The web application [Q3_HE172481] created a ThreadLocal with key of type [com.microsoft.sqlserver.jdbc.ActivityCorrelator$1] (value [com.microsoft.sqlserver.jdbc.ActivityCorrelator$1@50131a95]) and a value of type [com.microsoft.sqlserver.jdbc.ActivityId] (value [57417d2a-6586-4cd8-ad20-bf7db4fb8b1b-5]) but failed to remove it when the web application was stopped. Threads are going to be renewed over time to try and avoid a probable memory leak.
06-Jul-2024 17:49:26.867 SEVERE [http-nio-8080-exec-190] org.apache.catalina.loader.WebappClassLoaderBase.checkThreadLocalMapForLeaks The web application [Q3_HE172481] created a ThreadLocal with key of type [com.microsoft.sqlserver.jdbc.ActivityCorrelator$1] (value [com.microsoft.sqlserver.jdbc.ActivityCorrelator$1@50131a95]) and a value of type [com.microsoft.sqlserver.jdbc.ActivityId] (value [f039d4da-01e6-4c45-a0fb-f77173560836-5]) but failed to remove it when the web application was stopped. Threads are going to be renewed over time to try and avoid a probable memory leak.
06-Jul-2024 17:49:26.868 SEVERE [http-nio-8080-exec-190] org.apache.catalina.loader.WebappClassLoaderBase.checkThreadLocalMapForLeaks The web application [Q3_HE172481] created a ThreadLocal with key of type [com.microsoft.sqlserver.jdbc.ActivityCorrelator$1] (value [com.microsoft.sqlserver.jdbc.ActivityCorrelator$1@50131a95]) and a value of type [com.microsoft.sqlserver.jdbc.ActivityId] (value [bc350a4c-0ae5-45eb-929b-7e8b2e80a44d-4]) but failed to remove it when the web application was stopped. Threads are going to be renewed over time to try and avoid a probable memory leak.
06-Jul-2024 17:49:26.868 SEVERE [http-nio-8080-exec-190] org.apache.catalina.loader.WebappClassLoaderBase.checkThreadLocalMapForLeaks The web application [Q3_HE172481] created a ThreadLocal with key of type [com.microsoft.sqlserver.jdbc.ActivityCorrelator$1] (value [com.microsoft.sqlserver.jdbc.ActivityCorrelator$1@50131a95]) and a value of type [com.microsoft.sqlserver.jdbc.ActivityId] (value [d31c7055-2374-4ab6-84bc-bc2d5f96493b-3]) but failed to remove it when the web application was stopped. Threads are going to be renewed over time to try and avoid a probable memory leak.
06-Jul-2024 17:49:27.320 INFO [http-nio-8080-exec-190] org.apache.jasper.servlet.TldScanner.scanJars At least one JAR was scanned for TLDs yet contained no TLDs. Enable debug logging for this logger for a complete list of JARs that were scanned but no TLDs were found in them. Skipping unneeded JARs during scanning can improve startup time and JSP compilation time.
06-Jul-2024 17:49:27.320 INFO [http-nio-8080-exec-190] org.apache.catalina.core.StandardContext.reload Reloading Context with name [/Q3_HE172481] is completed
06-Jul-2024 17:50:12.926 INFO [http-nio-8080-exec-195] org.apache.catalina.core.StandardContext.reload Reloading Context with name [/Q3_HE172481] has started
06-Jul-2024 17:50:13.557 INFO [http-nio-8080-exec-195] org.apache.jasper.servlet.TldScanner.scanJars At least one JAR was scanned for TLDs yet contained no TLDs. Enable debug logging for this logger for a complete list of JARs that were scanned but no TLDs were found in them. Skipping unneeded JARs during scanning can improve startup time and JSP compilation time.
06-Jul-2024 17:50:13.575 INFO [http-nio-8080-exec-195] org.apache.catalina.core.StandardContext.reload Reloading Context with name [/Q3_HE172481] is completed
