26-Jul-2024 15:59:15.127 INFO [main] org.apache.catalina.startup.VersionLoggerListener.log Server version name:   Apache Tomcat/10.1.23
26-Jul-2024 15:59:15.170 INFO [main] org.apache.catalina.startup.VersionLoggerListener.log Server built:          Apr 16 2024 12:17:18 UTC
26-Jul-2024 15:59:15.171 INFO [main] org.apache.catalina.startup.VersionLoggerListener.log Server version number: 10.1.23.0
26-Jul-2024 15:59:15.171 INFO [main] org.apache.catalina.startup.VersionLoggerListener.log OS Name:               Windows 10
26-Jul-2024 15:59:15.172 INFO [main] org.apache.catalina.startup.VersionLoggerListener.log OS Version:            10.0
26-Jul-2024 15:59:15.175 INFO [main] org.apache.catalina.startup.VersionLoggerListener.log Architecture:          amd64
26-Jul-2024 15:59:15.175 INFO [main] org.apache.catalina.startup.VersionLoggerListener.log Java Home:             C:\Program Files\Java\jdk-17
26-Jul-2024 15:59:15.175 INFO [main] org.apache.catalina.startup.VersionLoggerListener.log JVM Version:           17.0.11+7-LTS-207
26-Jul-2024 15:59:15.175 INFO [main] org.apache.catalina.startup.VersionLoggerListener.log JVM Vendor:            Oracle Corporation
26-Jul-2024 15:59:15.176 INFO [main] org.apache.catalina.startup.VersionLoggerListener.log CATALINA_BASE:         D:\Programming\Java\Tomcat\apache-tomcat-10.1.23
26-Jul-2024 15:59:15.176 INFO [main] org.apache.catalina.startup.VersionLoggerListener.log CATALINA_HOME:         D:\Programming\Java\Tomcat\apache-tomcat-10.1.23
26-Jul-2024 15:59:15.231 INFO [main] org.apache.catalina.startup.VersionLoggerListener.log Command line argument: -Djava.util.logging.config.file=D:\Programming\Java\Tomcat\apache-tomcat-10.1.23\conf\logging.properties
26-Jul-2024 15:59:15.232 INFO [main] org.apache.catalina.startup.VersionLoggerListener.log Command line argument: -Djava.util.logging.manager=org.apache.juli.ClassLoaderLogManager
26-Jul-2024 15:59:15.232 INFO [main] org.apache.catalina.startup.VersionLoggerListener.log Command line argument: -Djdk.tls.ephemeralDHKeySize=2048
26-Jul-2024 15:59:15.232 INFO [main] org.apache.catalina.startup.VersionLoggerListener.log Command line argument: -Djava.protocol.handler.pkgs=org.apache.catalina.webresources
26-Jul-2024 15:59:15.233 INFO [main] org.apache.catalina.startup.VersionLoggerListener.log Command line argument: --add-opens=java.base/java.lang=ALL-UNNAMED
26-Jul-2024 15:59:15.233 INFO [main] org.apache.catalina.startup.VersionLoggerListener.log Command line argument: --add-opens=java.base/java.io=ALL-UNNAMED
26-Jul-2024 15:59:15.234 INFO [main] org.apache.catalina.startup.VersionLoggerListener.log Command line argument: --add-opens=java.base/java.util=ALL-UNNAMED
26-Jul-2024 15:59:15.236 INFO [main] org.apache.catalina.startup.VersionLoggerListener.log Command line argument: --add-opens=java.base/java.util.concurrent=ALL-UNNAMED
26-Jul-2024 15:59:15.237 INFO [main] org.apache.catalina.startup.VersionLoggerListener.log Command line argument: --add-opens=java.rmi/sun.rmi.transport=ALL-UNNAMED
26-Jul-2024 15:59:15.237 INFO [main] org.apache.catalina.startup.VersionLoggerListener.log Command line argument: -Dcatalina.base=D:\Programming\Java\Tomcat\apache-tomcat-10.1.23
26-Jul-2024 15:59:15.237 INFO [main] org.apache.catalina.startup.VersionLoggerListener.log Command line argument: -Dcatalina.home=D:\Programming\Java\Tomcat\apache-tomcat-10.1.23
26-Jul-2024 15:59:15.237 INFO [main] org.apache.catalina.startup.VersionLoggerListener.log Command line argument: -Djava.io.tmpdir=D:\Programming\Java\Tomcat\apache-tomcat-10.1.23\temp
26-Jul-2024 15:59:15.641 INFO [main] org.apache.catalina.core.AprLifecycleListener.lifecycleEvent Loaded Apache Tomcat Native library [2.0.7] using APR version [1.7.4].
26-Jul-2024 15:59:15.696 INFO [main] org.apache.catalina.core.AprLifecycleListener.initializeSSL OpenSSL successfully initialized [OpenSSL 3.0.13 30 Jan 2024]
26-Jul-2024 15:59:16.725 INFO [main] org.apache.coyote.AbstractProtocol.init Initializing ProtocolHandler ["http-nio-8080"]
26-Jul-2024 15:59:16.860 INFO [main] org.apache.catalina.startup.Catalina.load Server initialization in [2433] milliseconds
26-Jul-2024 15:59:16.967 INFO [main] org.apache.catalina.core.StandardService.startInternal Starting service [Catalina]
26-Jul-2024 15:59:16.967 INFO [main] org.apache.catalina.core.StandardEngine.startInternal Starting Servlet engine: [Apache Tomcat/10.1.23]
26-Jul-2024 15:59:16.985 INFO [main] org.apache.catalina.startup.HostConfig.deployDescriptor Deploying deployment descriptor [D:\Programming\Java\Tomcat\apache-tomcat-10.1.23\conf\Catalina\localhost\Assignment.xml]
26-Jul-2024 15:59:17.022 WARNING [main] org.apache.catalina.startup.HostConfig.deployDescriptor The path attribute with value [/Assignment] in deployment descriptor [D:\Programming\Java\Tomcat\apache-tomcat-10.1.23\conf\Catalina\localhost\Assignment.xml] has been ignored
26-Jul-2024 15:59:19.630 INFO [main] org.apache.jasper.servlet.TldScanner.scanJars At least one JAR was scanned for TLDs yet contained no TLDs. Enable debug logging for this logger for a complete list of JARs that were scanned but no TLDs were found in them. Skipping unneeded JARs during scanning can improve startup time and JSP compilation time.
26-Jul-2024 15:59:19.794 INFO [main] org.apache.catalina.startup.HostConfig.deployDescriptor Deployment of deployment descriptor [D:\Programming\Java\Tomcat\apache-tomcat-10.1.23\conf\Catalina\localhost\Assignment.xml] has finished in [2,808] ms
26-Jul-2024 15:59:19.795 INFO [main] org.apache.catalina.startup.HostConfig.deployDescriptor Deploying deployment descriptor [D:\Programming\Java\Tomcat\apache-tomcat-10.1.23\conf\Catalina\localhost\CreateServletUltraSpeed.xml]
26-Jul-2024 15:59:19.797 WARNING [main] org.apache.catalina.startup.HostConfig.deployDescriptor The path attribute with value [/CreateServletUltraSpeed] in deployment descriptor [D:\Programming\Java\Tomcat\apache-tomcat-10.1.23\conf\Catalina\localhost\CreateServletUltraSpeed.xml] has been ignored
26-Jul-2024 15:59:19.956 INFO [main] org.apache.catalina.startup.HostConfig.deployDescriptor Deployment of deployment descriptor [D:\Programming\Java\Tomcat\apache-tomcat-10.1.23\conf\Catalina\localhost\CreateServletUltraSpeed.xml] has finished in [160] ms
26-Jul-2024 15:59:19.957 INFO [main] org.apache.catalina.startup.HostConfig.deployDescriptor Deploying deployment descriptor [D:\Programming\Java\Tomcat\apache-tomcat-10.1.23\conf\Catalina\localhost\CreateServletXML.xml]
26-Jul-2024 15:59:19.961 WARNING [main] org.apache.catalina.startup.HostConfig.deployDescriptor The path attribute with value [/CreateServletXML] in deployment descriptor [D:\Programming\Java\Tomcat\apache-tomcat-10.1.23\conf\Catalina\localhost\CreateServletXML.xml] has been ignored
26-Jul-2024 15:59:20.080 INFO [main] org.apache.catalina.startup.HostConfig.deployDescriptor Deployment of deployment descriptor [D:\Programming\Java\Tomcat\apache-tomcat-10.1.23\conf\Catalina\localhost\CreateServletXML.xml] has finished in [123] ms
26-Jul-2024 15:59:20.081 INFO [main] org.apache.catalina.startup.HostConfig.deployDescriptor Deploying deployment descriptor [D:\Programming\Java\Tomcat\apache-tomcat-10.1.23\conf\Catalina\localhost\CRUD_With_Collection.xml]
26-Jul-2024 15:59:20.089 WARNING [main] org.apache.catalina.startup.HostConfig.deployDescriptor The path attribute with value [/CRUD_With_Collection] in deployment descriptor [D:\Programming\Java\Tomcat\apache-tomcat-10.1.23\conf\Catalina\localhost\CRUD_With_Collection.xml] has been ignored
26-Jul-2024 15:59:21.048 INFO [main] org.apache.jasper.servlet.TldScanner.scanJars At least one JAR was scanned for TLDs yet contained no TLDs. Enable debug logging for this logger for a complete list of JARs that were scanned but no TLDs were found in them. Skipping unneeded JARs during scanning can improve startup time and JSP compilation time.
26-Jul-2024 15:59:21.084 INFO [main] org.apache.catalina.startup.HostConfig.deployDescriptor Deployment of deployment descriptor [D:\Programming\Java\Tomcat\apache-tomcat-10.1.23\conf\Catalina\localhost\CRUD_With_Collection.xml] has finished in [1,004] ms
26-Jul-2024 15:59:21.086 INFO [main] org.apache.catalina.startup.HostConfig.deployDescriptor Deploying deployment descriptor [D:\Programming\Java\Tomcat\apache-tomcat-10.1.23\conf\Catalina\localhost\CRUD_With_DB.xml]
26-Jul-2024 15:59:21.091 WARNING [main] org.apache.catalina.startup.HostConfig.deployDescriptor The path attribute with value [/CRUD_With_DB] in deployment descriptor [D:\Programming\Java\Tomcat\apache-tomcat-10.1.23\conf\Catalina\localhost\CRUD_With_DB.xml] has been ignored
26-Jul-2024 15:59:22.667 INFO [main] org.apache.jasper.servlet.TldScanner.scanJars At least one JAR was scanned for TLDs yet contained no TLDs. Enable debug logging for this logger for a complete list of JARs that were scanned but no TLDs were found in them. Skipping unneeded JARs during scanning can improve startup time and JSP compilation time.
26-Jul-2024 15:59:22.750 INFO [main] org.apache.catalina.startup.HostConfig.deployDescriptor Deployment of deployment descriptor [D:\Programming\Java\Tomcat\apache-tomcat-10.1.23\conf\Catalina\localhost\CRUD_With_DB.xml] has finished in [1,665] ms
26-Jul-2024 15:59:22.750 INFO [main] org.apache.catalina.startup.HostConfig.deployDescriptor Deploying deployment descriptor [D:\Programming\Java\Tomcat\apache-tomcat-10.1.23\conf\Catalina\localhost\Filter.xml]
26-Jul-2024 15:59:22.752 WARNING [main] org.apache.catalina.startup.HostConfig.deployDescriptor The path attribute with value [/Filter] in deployment descriptor [D:\Programming\Java\Tomcat\apache-tomcat-10.1.23\conf\Catalina\localhost\Filter.xml] has been ignored
26-Jul-2024 15:59:23.114 INFO [main] org.apache.catalina.startup.HostConfig.deployDescriptor Deployment of deployment descriptor [D:\Programming\Java\Tomcat\apache-tomcat-10.1.23\conf\Catalina\localhost\Filter.xml] has finished in [364] ms
26-Jul-2024 15:59:23.114 INFO [main] org.apache.catalina.startup.HostConfig.deployDescriptor Deploying deployment descriptor [D:\Programming\Java\Tomcat\apache-tomcat-10.1.23\conf\Catalina\localhost\FilterAuthentication.xml]
26-Jul-2024 15:59:23.117 WARNING [main] org.apache.catalina.startup.HostConfig.deployDescriptor The path attribute with value [/FilterAuthentication] in deployment descriptor [D:\Programming\Java\Tomcat\apache-tomcat-10.1.23\conf\Catalina\localhost\FilterAuthentication.xml] has been ignored
26-Jul-2024 15:59:23.191 INFO [main] org.apache.catalina.startup.HostConfig.deployDescriptor Deployment of deployment descriptor [D:\Programming\Java\Tomcat\apache-tomcat-10.1.23\conf\Catalina\localhost\FilterAuthentication.xml] has finished in [76] ms
26-Jul-2024 15:59:23.191 INFO [main] org.apache.catalina.startup.HostConfig.deployDescriptor Deploying deployment descriptor [D:\Programming\Java\Tomcat\apache-tomcat-10.1.23\conf\Catalina\localhost\FilterConfig.xml]
26-Jul-2024 15:59:23.193 WARNING [main] org.apache.catalina.startup.HostConfig.deployDescriptor The path attribute with value [/FilterConfig] in deployment descriptor [D:\Programming\Java\Tomcat\apache-tomcat-10.1.23\conf\Catalina\localhost\FilterConfig.xml] has been ignored
26-Jul-2024 15:59:23.392 INFO [main] org.apache.catalina.startup.HostConfig.deployDescriptor Deployment of deployment descriptor [D:\Programming\Java\Tomcat\apache-tomcat-10.1.23\conf\Catalina\localhost\FilterConfig.xml] has finished in [200] ms
26-Jul-2024 15:59:23.392 INFO [main] org.apache.catalina.startup.HostConfig.deployDescriptor Deploying deployment descriptor [D:\Programming\Java\Tomcat\apache-tomcat-10.1.23\conf\Catalina\localhost\FORUSER_Ex1.xml]
26-Jul-2024 15:59:23.395 WARNING [main] org.apache.catalina.startup.HostConfig.deployDescriptor The path attribute with value [/FORUSER_Ex1] in deployment descriptor [D:\Programming\Java\Tomcat\apache-tomcat-10.1.23\conf\Catalina\localhost\FORUSER_Ex1.xml] has been ignored
26-Jul-2024 15:59:23.548 INFO [main] org.apache.catalina.startup.HostConfig.deployDescriptor Deployment of deployment descriptor [D:\Programming\Java\Tomcat\apache-tomcat-10.1.23\conf\Catalina\localhost\FORUSER_Ex1.xml] has finished in [156] ms
26-Jul-2024 15:59:23.549 INFO [main] org.apache.catalina.startup.HostConfig.deployDescriptor Deploying deployment descriptor [D:\Programming\Java\Tomcat\apache-tomcat-10.1.23\conf\Catalina\localhost\FORUSER_Ex3.xml]
26-Jul-2024 15:59:23.551 WARNING [main] org.apache.catalina.startup.HostConfig.deployDescriptor The path attribute with value [/FORUSER_Ex3] in deployment descriptor [D:\Programming\Java\Tomcat\apache-tomcat-10.1.23\conf\Catalina\localhost\FORUSER_Ex3.xml] has been ignored
26-Jul-2024 15:59:23.650 INFO [main] org.apache.catalina.startup.HostConfig.deployDescriptor Deployment of deployment descriptor [D:\Programming\Java\Tomcat\apache-tomcat-10.1.23\conf\Catalina\localhost\FORUSER_Ex3.xml] has finished in [101] ms
26-Jul-2024 15:59:23.651 INFO [main] org.apache.catalina.startup.HostConfig.deployDescriptor Deploying deployment descriptor [D:\Programming\Java\Tomcat\apache-tomcat-10.1.23\conf\Catalina\localhost\FORUSER_Ex4.xml]
26-Jul-2024 15:59:23.655 WARNING [main] org.apache.catalina.startup.HostConfig.deployDescriptor The path attribute with value [/FORUSER_Ex4] in deployment descriptor [D:\Programming\Java\Tomcat\apache-tomcat-10.1.23\conf\Catalina\localhost\FORUSER_Ex4.xml] has been ignored
26-Jul-2024 15:59:23.723 INFO [main] org.apache.catalina.startup.HostConfig.deployDescriptor Deployment of deployment descriptor [D:\Programming\Java\Tomcat\apache-tomcat-10.1.23\conf\Catalina\localhost\FORUSER_Ex4.xml] has finished in [72] ms
26-Jul-2024 15:59:23.724 INFO [main] org.apache.catalina.startup.HostConfig.deployDescriptor Deploying deployment descriptor [D:\Programming\Java\Tomcat\apache-tomcat-10.1.23\conf\Catalina\localhost\FORUSER_Ex5.xml]
26-Jul-2024 15:59:23.726 WARNING [main] org.apache.catalina.startup.HostConfig.deployDescriptor The path attribute with value [/FORUSER_Ex5] in deployment descriptor [D:\Programming\Java\Tomcat\apache-tomcat-10.1.23\conf\Catalina\localhost\FORUSER_Ex5.xml] has been ignored
26-Jul-2024 15:59:23.843 INFO [main] org.apache.catalina.startup.HostConfig.deployDescriptor Deployment of deployment descriptor [D:\Programming\Java\Tomcat\apache-tomcat-10.1.23\conf\Catalina\localhost\FORUSER_Ex5.xml] has finished in [119] ms
26-Jul-2024 15:59:23.845 INFO [main] org.apache.catalina.startup.HostConfig.deployDescriptor Deploying deployment descriptor [D:\Programming\Java\Tomcat\apache-tomcat-10.1.23\conf\Catalina\localhost\Human.xml]
26-Jul-2024 15:59:23.847 WARNING [main] org.apache.catalina.startup.HostConfig.deployDescriptor The path attribute with value [/Human] in deployment descriptor [D:\Programming\Java\Tomcat\apache-tomcat-10.1.23\conf\Catalina\localhost\Human.xml] has been ignored
26-Jul-2024 15:59:24.181 INFO [main] org.apache.jasper.servlet.TldScanner.scanJars At least one JAR was scanned for TLDs yet contained no TLDs. Enable debug logging for this logger for a complete list of JARs that were scanned but no TLDs were found in them. Skipping unneeded JARs during scanning can improve startup time and JSP compilation time.
26-Jul-2024 15:59:24.190 INFO [main] org.apache.catalina.startup.HostConfig.deployDescriptor Deployment of deployment descriptor [D:\Programming\Java\Tomcat\apache-tomcat-10.1.23\conf\Catalina\localhost\Human.xml] has finished in [346] ms
26-Jul-2024 15:59:24.190 INFO [main] org.apache.catalina.startup.HostConfig.deployDescriptor Deploying deployment descriptor [D:\Programming\Java\Tomcat\apache-tomcat-10.1.23\conf\Catalina\localhost\InitParamAndContextParam.xml]
26-Jul-2024 15:59:24.192 WARNING [main] org.apache.catalina.startup.HostConfig.deployDescriptor The path attribute with value [/InitParamAndContextParam] in deployment descriptor [D:\Programming\Java\Tomcat\apache-tomcat-10.1.23\conf\Catalina\localhost\InitParamAndContextParam.xml] has been ignored
26-Jul-2024 15:59:24.334 INFO [main] org.apache.catalina.startup.HostConfig.deployDescriptor Deployment of deployment descriptor [D:\Programming\Java\Tomcat\apache-tomcat-10.1.23\conf\Catalina\localhost\InitParamAndContextParam.xml] has finished in [141] ms
26-Jul-2024 15:59:24.335 INFO [main] org.apache.catalina.startup.HostConfig.deployDescriptor Deploying deployment descriptor [D:\Programming\Java\Tomcat\apache-tomcat-10.1.23\conf\Catalina\localhost\JSP_Learning.xml]
26-Jul-2024 15:59:24.343 WARNING [main] org.apache.catalina.startup.HostConfig.deployDescriptor The path attribute with value [/JSP_Learning] in deployment descriptor [D:\Programming\Java\Tomcat\apache-tomcat-10.1.23\conf\Catalina\localhost\JSP_Learning.xml] has been ignored
26-Jul-2024 15:59:24.391 INFO [main] org.apache.catalina.startup.HostConfig.deployDescriptor Deployment of deployment descriptor [D:\Programming\Java\Tomcat\apache-tomcat-10.1.23\conf\Catalina\localhost\JSP_Learning.xml] has finished in [55] ms
26-Jul-2024 15:59:24.391 INFO [main] org.apache.catalina.startup.HostConfig.deployDescriptor Deploying deployment descriptor [D:\Programming\Java\Tomcat\apache-tomcat-10.1.23\conf\Catalina\localhost\Q1_HE172481.xml]
26-Jul-2024 15:59:24.394 WARNING [main] org.apache.catalina.startup.HostConfig.deployDescriptor The path attribute with value [/Q1_HE172481] in deployment descriptor [D:\Programming\Java\Tomcat\apache-tomcat-10.1.23\conf\Catalina\localhost\Q1_HE172481.xml] has been ignored
26-Jul-2024 15:59:24.456 INFO [main] org.apache.catalina.startup.HostConfig.deployDescriptor Deployment of deployment descriptor [D:\Programming\Java\Tomcat\apache-tomcat-10.1.23\conf\Catalina\localhost\Q1_HE172481.xml] has finished in [65] ms
26-Jul-2024 15:59:24.457 INFO [main] org.apache.catalina.startup.HostConfig.deployDescriptor Deploying deployment descriptor [D:\Programming\Java\Tomcat\apache-tomcat-10.1.23\conf\Catalina\localhost\Q1_HE173053.xml]
26-Jul-2024 15:59:24.458 WARNING [main] org.apache.catalina.startup.HostConfig.deployDescriptor The path attribute with value [/Q1_HE173053] in deployment descriptor [D:\Programming\Java\Tomcat\apache-tomcat-10.1.23\conf\Catalina\localhost\Q1_HE173053.xml] has been ignored
26-Jul-2024 15:59:24.560 INFO [main] org.apache.catalina.startup.HostConfig.deployDescriptor Deployment of deployment descriptor [D:\Programming\Java\Tomcat\apache-tomcat-10.1.23\conf\Catalina\localhost\Q1_HE173053.xml] has finished in [103] ms
26-Jul-2024 15:59:24.561 INFO [main] org.apache.catalina.startup.HostConfig.deployDescriptor Deploying deployment descriptor [D:\Programming\Java\Tomcat\apache-tomcat-10.1.23\conf\Catalina\localhost\Q2_HE172481.xml]
26-Jul-2024 15:59:24.565 WARNING [main] org.apache.catalina.startup.HostConfig.deployDescriptor The path attribute with value [/Q2_HE172481] in deployment descriptor [D:\Programming\Java\Tomcat\apache-tomcat-10.1.23\conf\Catalina\localhost\Q2_HE172481.xml] has been ignored
26-Jul-2024 15:59:25.575 INFO [main] org.apache.jasper.servlet.TldScanner.scanJars At least one JAR was scanned for TLDs yet contained no TLDs. Enable debug logging for this logger for a complete list of JARs that were scanned but no TLDs were found in them. Skipping unneeded JARs during scanning can improve startup time and JSP compilation time.
26-Jul-2024 15:59:25.611 INFO [main] org.apache.catalina.startup.HostConfig.deployDescriptor Deployment of deployment descriptor [D:\Programming\Java\Tomcat\apache-tomcat-10.1.23\conf\Catalina\localhost\Q2_HE172481.xml] has finished in [1,049] ms
26-Jul-2024 15:59:25.611 INFO [main] org.apache.catalina.startup.HostConfig.deployDescriptor Deploying deployment descriptor [D:\Programming\Java\Tomcat\apache-tomcat-10.1.23\conf\Catalina\localhost\Q2_HE173053.xml]
26-Jul-2024 15:59:25.613 WARNING [main] org.apache.catalina.startup.HostConfig.deployDescriptor The path attribute with value [/Q2_HE173053] in deployment descriptor [D:\Programming\Java\Tomcat\apache-tomcat-10.1.23\conf\Catalina\localhost\Q2_HE173053.xml] has been ignored
26-Jul-2024 15:59:26.718 INFO [main] org.apache.jasper.servlet.TldScanner.scanJars At least one JAR was scanned for TLDs yet contained no TLDs. Enable debug logging for this logger for a complete list of JARs that were scanned but no TLDs were found in them. Skipping unneeded JARs during scanning can improve startup time and JSP compilation time.
26-Jul-2024 15:59:26.806 INFO [main] org.apache.catalina.startup.HostConfig.deployDescriptor Deployment of deployment descriptor [D:\Programming\Java\Tomcat\apache-tomcat-10.1.23\conf\Catalina\localhost\Q2_HE173053.xml] has finished in [1,194] ms
26-Jul-2024 15:59:26.807 INFO [main] org.apache.catalina.startup.HostConfig.deployDescriptor Deploying deployment descriptor [D:\Programming\Java\Tomcat\apache-tomcat-10.1.23\conf\Catalina\localhost\Q3_HE172481.xml]
26-Jul-2024 15:59:26.810 WARNING [main] org.apache.catalina.startup.HostConfig.deployDescriptor The path attribute with value [/Q3_HE172481] in deployment descriptor [D:\Programming\Java\Tomcat\apache-tomcat-10.1.23\conf\Catalina\localhost\Q3_HE172481.xml] has been ignored
26-Jul-2024 15:59:28.025 INFO [main] org.apache.jasper.servlet.TldScanner.scanJars At least one JAR was scanned for TLDs yet contained no TLDs. Enable debug logging for this logger for a complete list of JARs that were scanned but no TLDs were found in them. Skipping unneeded JARs during scanning can improve startup time and JSP compilation time.
26-Jul-2024 15:59:28.076 INFO [main] org.apache.catalina.startup.HostConfig.deployDescriptor Deployment of deployment descriptor [D:\Programming\Java\Tomcat\apache-tomcat-10.1.23\conf\Catalina\localhost\Q3_HE172481.xml] has finished in [1,270] ms
26-Jul-2024 15:59:28.076 INFO [main] org.apache.catalina.startup.HostConfig.deployDescriptor Deploying deployment descriptor [D:\Programming\Java\Tomcat\apache-tomcat-10.1.23\conf\Catalina\localhost\Q3_HE173053.xml]
26-Jul-2024 15:59:28.078 WARNING [main] org.apache.catalina.startup.HostConfig.deployDescriptor The path attribute with value [/Q3_HE173053] in deployment descriptor [D:\Programming\Java\Tomcat\apache-tomcat-10.1.23\conf\Catalina\localhost\Q3_HE173053.xml] has been ignored
26-Jul-2024 15:59:29.157 INFO [main] org.apache.jasper.servlet.TldScanner.scanJars At least one JAR was scanned for TLDs yet contained no TLDs. Enable debug logging for this logger for a complete list of JARs that were scanned but no TLDs were found in them. Skipping unneeded JARs during scanning can improve startup time and JSP compilation time.
26-Jul-2024 15:59:29.188 INFO [main] org.apache.catalina.startup.HostConfig.deployDescriptor Deployment of deployment descriptor [D:\Programming\Java\Tomcat\apache-tomcat-10.1.23\conf\Catalina\localhost\Q3_HE173053.xml] has finished in [1,111] ms
26-Jul-2024 15:59:29.188 INFO [main] org.apache.catalina.startup.HostConfig.deployDescriptor Deploying deployment descriptor [D:\Programming\Java\Tomcat\apache-tomcat-10.1.23\conf\Catalina\localhost\SessionLoginLogout.xml]
26-Jul-2024 15:59:29.190 WARNING [main] org.apache.catalina.startup.HostConfig.deployDescriptor The path attribute with value [/SessionLoginLogout] in deployment descriptor [D:\Programming\Java\Tomcat\apache-tomcat-10.1.23\conf\Catalina\localhost\SessionLoginLogout.xml] has been ignored
26-Jul-2024 15:59:29.249 INFO [main] org.apache.catalina.startup.HostConfig.deployDescriptor Deployment of deployment descriptor [D:\Programming\Java\Tomcat\apache-tomcat-10.1.23\conf\Catalina\localhost\SessionLoginLogout.xml] has finished in [61] ms
26-Jul-2024 15:59:29.250 INFO [main] org.apache.catalina.startup.HostConfig.deployDescriptor Deploying deployment descriptor [D:\Programming\Java\Tomcat\apache-tomcat-10.1.23\conf\Catalina\localhost\WebApplication1.xml]
26-Jul-2024 15:59:29.252 WARNING [main] org.apache.catalina.startup.HostConfig.deployDescriptor The path attribute with value [/WebApplication1] in deployment descriptor [D:\Programming\Java\Tomcat\apache-tomcat-10.1.23\conf\Catalina\localhost\WebApplication1.xml] has been ignored
26-Jul-2024 15:59:29.451 INFO [main] org.apache.jasper.servlet.TldScanner.scanJars At least one JAR was scanned for TLDs yet contained no TLDs. Enable debug logging for this logger for a complete list of JARs that were scanned but no TLDs were found in them. Skipping unneeded JARs during scanning can improve startup time and JSP compilation time.
26-Jul-2024 15:59:29.454 INFO [main] org.apache.catalina.startup.HostConfig.deployDescriptor Deployment of deployment descriptor [D:\Programming\Java\Tomcat\apache-tomcat-10.1.23\conf\Catalina\localhost\WebApplication1.xml] has finished in [204] ms
26-Jul-2024 15:59:29.455 INFO [main] org.apache.catalina.startup.HostConfig.deployDescriptor Deploying deployment descriptor [D:\Programming\Java\Tomcat\apache-tomcat-10.1.23\conf\Catalina\localhost\Ws1_Cookie.xml]
26-Jul-2024 15:59:29.456 WARNING [main] org.apache.catalina.startup.HostConfig.deployDescriptor The path attribute with value [/Ws1_Cookie] in deployment descriptor [D:\Programming\Java\Tomcat\apache-tomcat-10.1.23\conf\Catalina\localhost\Ws1_Cookie.xml] has been ignored
26-Jul-2024 15:59:29.506 INFO [main] org.apache.catalina.startup.HostConfig.deployDescriptor Deployment of deployment descriptor [D:\Programming\Java\Tomcat\apache-tomcat-10.1.23\conf\Catalina\localhost\Ws1_Cookie.xml] has finished in [50] ms
26-Jul-2024 15:59:29.508 INFO [main] org.apache.catalina.startup.HostConfig.deployDirectory Deploying web application directory [D:\Programming\Java\Tomcat\apache-tomcat-10.1.23\webapps\docs]
26-Jul-2024 15:59:29.565 INFO [main] org.apache.catalina.startup.HostConfig.deployDirectory Deployment of web application directory [D:\Programming\Java\Tomcat\apache-tomcat-10.1.23\webapps\docs] has finished in [56] ms
26-Jul-2024 15:59:29.566 INFO [main] org.apache.catalina.startup.HostConfig.deployDirectory Deploying web application directory [D:\Programming\Java\Tomcat\apache-tomcat-10.1.23\webapps\examples]
26-Jul-2024 15:59:30.788 INFO [main] org.apache.catalina.startup.HostConfig.deployDirectory Deployment of web application directory [D:\Programming\Java\Tomcat\apache-tomcat-10.1.23\webapps\examples] has finished in [1,223] ms
26-Jul-2024 15:59:30.788 INFO [main] org.apache.catalina.startup.HostConfig.deployDirectory Deploying web application directory [D:\Programming\Java\Tomcat\apache-tomcat-10.1.23\webapps\host-manager]
26-Jul-2024 15:59:30.907 INFO [main] org.apache.catalina.startup.HostConfig.deployDirectory Deployment of web application directory [D:\Programming\Java\Tomcat\apache-tomcat-10.1.23\webapps\host-manager] has finished in [119] ms
26-Jul-2024 15:59:30.908 INFO [main] org.apache.catalina.startup.HostConfig.deployDirectory Deploying web application directory [D:\Programming\Java\Tomcat\apache-tomcat-10.1.23\webapps\manager]
26-Jul-2024 15:59:30.994 INFO [main] org.apache.catalina.startup.HostConfig.deployDirectory Deployment of web application directory [D:\Programming\Java\Tomcat\apache-tomcat-10.1.23\webapps\manager] has finished in [86] ms
26-Jul-2024 15:59:30.995 INFO [main] org.apache.catalina.startup.HostConfig.deployDirectory Deploying web application directory [D:\Programming\Java\Tomcat\apache-tomcat-10.1.23\webapps\ROOT]
26-Jul-2024 15:59:31.043 INFO [main] org.apache.catalina.startup.HostConfig.deployDirectory Deployment of web application directory [D:\Programming\Java\Tomcat\apache-tomcat-10.1.23\webapps\ROOT] has finished in [48] ms
26-Jul-2024 15:59:31.061 INFO [main] org.apache.coyote.AbstractProtocol.start Starting ProtocolHandler ["http-nio-8080"]
26-Jul-2024 15:59:31.201 INFO [main] org.apache.catalina.startup.Catalina.start Server startup in [14340] milliseconds
26-Jul-2024 15:59:34.811 INFO [http-nio-8080-exec-3] org.apache.catalina.startup.HostConfig.undeploy Undeploying context [/Assignment]
26-Jul-2024 15:59:34.855 INFO [http-nio-8080-exec-6] org.apache.catalina.startup.HostConfig.deployDescriptor Deploying deployment descriptor [D:\Programming\Java\Tomcat\apache-tomcat-10.1.23\conf\Catalina\localhost\Assignment.xml]
26-Jul-2024 15:59:34.857 WARNING [http-nio-8080-exec-6] org.apache.catalina.startup.HostConfig.deployDescriptor The path attribute with value [/Assignment] in deployment descriptor [D:\Programming\Java\Tomcat\apache-tomcat-10.1.23\conf\Catalina\localhost\Assignment.xml] has been ignored
26-Jul-2024 15:59:35.636 INFO [http-nio-8080-exec-6] org.apache.jasper.servlet.TldScanner.scanJars At least one JAR was scanned for TLDs yet contained no TLDs. Enable debug logging for this logger for a complete list of JARs that were scanned but no TLDs were found in them. Skipping unneeded JARs during scanning can improve startup time and JSP compilation time.
26-Jul-2024 15:59:35.654 INFO [http-nio-8080-exec-6] org.apache.catalina.startup.HostConfig.deployDescriptor Deployment of deployment descriptor [D:\Programming\Java\Tomcat\apache-tomcat-10.1.23\conf\Catalina\localhost\Assignment.xml] has finished in [799] ms
26-Jul-2024 15:59:35.667 INFO [http-nio-8080-exec-5] org.apache.catalina.util.LifecycleBase.start The start() method was called on component [StandardEngine[Catalina].StandardHost[localhost].StandardContext[/Assignment]] after start() had already been called. The second call will be ignored.
