02-Oct-2024 12:57:52.089 INFO [main] org.apache.catalina.startup.VersionLoggerListener.log Server version name:   Apache Tomcat/10.1.23
02-Oct-2024 12:57:52.094 INFO [main] org.apache.catalina.startup.VersionLoggerListener.log Server built:          Apr 16 2024 12:17:18 UTC
02-Oct-2024 12:57:52.095 INFO [main] org.apache.catalina.startup.VersionLoggerListener.log Server version number: 10.1.23.0
02-Oct-2024 12:57:52.117 INFO [main] org.apache.catalina.startup.VersionLoggerListener.log OS Name:               Windows 10
02-Oct-2024 12:57:52.118 INFO [main] org.apache.catalina.startup.VersionLoggerListener.log OS Version:            10.0
02-Oct-2024 12:57:52.118 INFO [main] org.apache.catalina.startup.VersionLoggerListener.log Architecture:          amd64
02-Oct-2024 12:57:52.118 INFO [main] org.apache.catalina.startup.VersionLoggerListener.log Java Home:             C:\Program Files\Java\jdk-17
02-Oct-2024 12:57:52.119 INFO [main] org.apache.catalina.startup.VersionLoggerListener.log JVM Version:           17.0.11+7-LTS-207
02-Oct-2024 12:57:52.119 INFO [main] org.apache.catalina.startup.VersionLoggerListener.log JVM Vendor:            Oracle Corporation
02-Oct-2024 12:57:52.119 INFO [main] org.apache.catalina.startup.VersionLoggerListener.log CATALINA_BASE:         D:\Programming\Java\Tomcat\apache-tomcat-10.1.23
02-Oct-2024 12:57:52.119 INFO [main] org.apache.catalina.startup.VersionLoggerListener.log CATALINA_HOME:         D:\Programming\Java\Tomcat\apache-tomcat-10.1.23
02-Oct-2024 12:57:52.218 INFO [main] org.apache.catalina.startup.VersionLoggerListener.log Command line argument: -Djava.util.logging.config.file=D:\Programming\Java\Tomcat\apache-tomcat-10.1.23\conf\logging.properties
02-Oct-2024 12:57:52.218 INFO [main] org.apache.catalina.startup.VersionLoggerListener.log Command line argument: -Djava.util.logging.manager=org.apache.juli.ClassLoaderLogManager
02-Oct-2024 12:57:52.219 INFO [main] org.apache.catalina.startup.VersionLoggerListener.log Command line argument: -Djdk.tls.ephemeralDHKeySize=2048
02-Oct-2024 12:57:52.219 INFO [main] org.apache.catalina.startup.VersionLoggerListener.log Command line argument: -Djava.protocol.handler.pkgs=org.apache.catalina.webresources
02-Oct-2024 12:57:52.219 INFO [main] org.apache.catalina.startup.VersionLoggerListener.log Command line argument: --add-opens=java.base/java.lang=ALL-UNNAMED
02-Oct-2024 12:57:52.220 INFO [main] org.apache.catalina.startup.VersionLoggerListener.log Command line argument: --add-opens=java.base/java.io=ALL-UNNAMED
02-Oct-2024 12:57:52.220 INFO [main] org.apache.catalina.startup.VersionLoggerListener.log Command line argument: --add-opens=java.base/java.util=ALL-UNNAMED
02-Oct-2024 12:57:52.220 INFO [main] org.apache.catalina.startup.VersionLoggerListener.log Command line argument: --add-opens=java.base/java.util.concurrent=ALL-UNNAMED
02-Oct-2024 12:57:52.220 INFO [main] org.apache.catalina.startup.VersionLoggerListener.log Command line argument: --add-opens=java.rmi/sun.rmi.transport=ALL-UNNAMED
02-Oct-2024 12:57:52.221 INFO [main] org.apache.catalina.startup.VersionLoggerListener.log Command line argument: -Dcatalina.base=D:\Programming\Java\Tomcat\apache-tomcat-10.1.23
02-Oct-2024 12:57:52.221 INFO [main] org.apache.catalina.startup.VersionLoggerListener.log Command line argument: -Dcatalina.home=D:\Programming\Java\Tomcat\apache-tomcat-10.1.23
02-Oct-2024 12:57:52.221 INFO [main] org.apache.catalina.startup.VersionLoggerListener.log Command line argument: -Djava.io.tmpdir=D:\Programming\Java\Tomcat\apache-tomcat-10.1.23\temp
02-Oct-2024 12:57:52.342 INFO [main] org.apache.catalina.core.AprLifecycleListener.lifecycleEvent Loaded Apache Tomcat Native library [2.0.7] using APR version [1.7.4].
02-Oct-2024 12:57:52.457 INFO [main] org.apache.catalina.core.AprLifecycleListener.initializeSSL OpenSSL successfully initialized [OpenSSL 3.0.13 30 Jan 2024]
02-Oct-2024 12:57:53.316 INFO [main] org.apache.coyote.AbstractProtocol.init Initializing ProtocolHandler ["http-nio-9998"]
02-Oct-2024 12:57:53.499 INFO [main] org.apache.catalina.startup.Catalina.load Server initialization in [2552] milliseconds
02-Oct-2024 12:57:53.728 INFO [main] org.apache.catalina.core.StandardService.startInternal Starting service [Catalina]
02-Oct-2024 12:57:53.728 INFO [main] org.apache.catalina.core.StandardEngine.startInternal Starting Servlet engine: [Apache Tomcat/10.1.23]
02-Oct-2024 12:57:53.778 INFO [main] org.apache.catalina.startup.HostConfig.deployDescriptor Deploying deployment descriptor [D:\Programming\Java\Tomcat\apache-tomcat-10.1.23\conf\Catalina\localhost\Assignment.xml]
02-Oct-2024 12:57:53.872 WARNING [main] org.apache.catalina.startup.HostConfig.deployDescriptor The path attribute with value [/Assignment] in deployment descriptor [D:\Programming\Java\Tomcat\apache-tomcat-10.1.23\conf\Catalina\localhost\Assignment.xml] has been ignored
02-Oct-2024 12:57:57.703 INFO [main] org.apache.jasper.servlet.TldScanner.scanJars At least one JAR was scanned for TLDs yet contained no TLDs. Enable debug logging for this logger for a complete list of JARs that were scanned but no TLDs were found in them. Skipping unneeded JARs during scanning can improve startup time and JSP compilation time.
02-Oct-2024 12:57:58.350 INFO [main] org.apache.catalina.startup.HostConfig.deployDescriptor Deployment of deployment descriptor [D:\Programming\Java\Tomcat\apache-tomcat-10.1.23\conf\Catalina\localhost\Assignment.xml] has finished in [4,571] ms
02-Oct-2024 12:57:58.351 INFO [main] org.apache.catalina.startup.HostConfig.deployDescriptor Deploying deployment descriptor [D:\Programming\Java\Tomcat\apache-tomcat-10.1.23\conf\Catalina\localhost\CreateServletUltraSpeed.xml]
02-Oct-2024 12:57:58.482 WARNING [main] org.apache.catalina.startup.HostConfig.deployDescriptor The path attribute with value [/CreateServletUltraSpeed] in deployment descriptor [D:\Programming\Java\Tomcat\apache-tomcat-10.1.23\conf\Catalina\localhost\CreateServletUltraSpeed.xml] has been ignored
02-Oct-2024 12:57:58.611 INFO [main] org.apache.catalina.startup.HostConfig.deployDescriptor Deployment of deployment descriptor [D:\Programming\Java\Tomcat\apache-tomcat-10.1.23\conf\Catalina\localhost\CreateServletUltraSpeed.xml] has finished in [260] ms
02-Oct-2024 12:57:58.611 INFO [main] org.apache.catalina.startup.HostConfig.deployDescriptor Deploying deployment descriptor [D:\Programming\Java\Tomcat\apache-tomcat-10.1.23\conf\Catalina\localhost\CreateServletXML.xml]
02-Oct-2024 12:57:58.613 WARNING [main] org.apache.catalina.startup.HostConfig.deployDescriptor The path attribute with value [/CreateServletXML] in deployment descriptor [D:\Programming\Java\Tomcat\apache-tomcat-10.1.23\conf\Catalina\localhost\CreateServletXML.xml] has been ignored
02-Oct-2024 12:57:58.735 INFO [main] org.apache.catalina.startup.HostConfig.deployDescriptor Deployment of deployment descriptor [D:\Programming\Java\Tomcat\apache-tomcat-10.1.23\conf\Catalina\localhost\CreateServletXML.xml] has finished in [124] ms
02-Oct-2024 12:57:58.735 INFO [main] org.apache.catalina.startup.HostConfig.deployDescriptor Deploying deployment descriptor [D:\Programming\Java\Tomcat\apache-tomcat-10.1.23\conf\Catalina\localhost\CRUD_With_Collection.xml]
02-Oct-2024 12:57:58.745 WARNING [main] org.apache.catalina.startup.HostConfig.deployDescriptor The path attribute with value [/CRUD_With_Collection] in deployment descriptor [D:\Programming\Java\Tomcat\apache-tomcat-10.1.23\conf\Catalina\localhost\CRUD_With_Collection.xml] has been ignored
02-Oct-2024 12:57:59.674 INFO [main] org.apache.jasper.servlet.TldScanner.scanJars At least one JAR was scanned for TLDs yet contained no TLDs. Enable debug logging for this logger for a complete list of JARs that were scanned but no TLDs were found in them. Skipping unneeded JARs during scanning can improve startup time and JSP compilation time.
02-Oct-2024 12:57:59.739 INFO [main] org.apache.catalina.startup.HostConfig.deployDescriptor Deployment of deployment descriptor [D:\Programming\Java\Tomcat\apache-tomcat-10.1.23\conf\Catalina\localhost\CRUD_With_Collection.xml] has finished in [1,004] ms
02-Oct-2024 12:57:59.740 INFO [main] org.apache.catalina.startup.HostConfig.deployDescriptor Deploying deployment descriptor [D:\Programming\Java\Tomcat\apache-tomcat-10.1.23\conf\Catalina\localhost\CRUD_With_DB.xml]
02-Oct-2024 12:57:59.787 WARNING [main] org.apache.catalina.startup.HostConfig.deployDescriptor The path attribute with value [/CRUD_With_DB] in deployment descriptor [D:\Programming\Java\Tomcat\apache-tomcat-10.1.23\conf\Catalina\localhost\CRUD_With_DB.xml] has been ignored
02-Oct-2024 12:58:01.057 INFO [main] org.apache.jasper.servlet.TldScanner.scanJars At least one JAR was scanned for TLDs yet contained no TLDs. Enable debug logging for this logger for a complete list of JARs that were scanned but no TLDs were found in them. Skipping unneeded JARs during scanning can improve startup time and JSP compilation time.
02-Oct-2024 12:58:01.087 INFO [main] org.apache.catalina.startup.HostConfig.deployDescriptor Deployment of deployment descriptor [D:\Programming\Java\Tomcat\apache-tomcat-10.1.23\conf\Catalina\localhost\CRUD_With_DB.xml] has finished in [1,347] ms
02-Oct-2024 12:58:01.087 INFO [main] org.apache.catalina.startup.HostConfig.deployDescriptor Deploying deployment descriptor [D:\Programming\Java\Tomcat\apache-tomcat-10.1.23\conf\Catalina\localhost\Filter.xml]
02-Oct-2024 12:58:01.089 WARNING [main] org.apache.catalina.startup.HostConfig.deployDescriptor The path attribute with value [/Filter] in deployment descriptor [D:\Programming\Java\Tomcat\apache-tomcat-10.1.23\conf\Catalina\localhost\Filter.xml] has been ignored
02-Oct-2024 12:58:01.151 INFO [main] org.apache.catalina.startup.HostConfig.deployDescriptor Deployment of deployment descriptor [D:\Programming\Java\Tomcat\apache-tomcat-10.1.23\conf\Catalina\localhost\Filter.xml] has finished in [64] ms
02-Oct-2024 12:58:01.152 INFO [main] org.apache.catalina.startup.HostConfig.deployDescriptor Deploying deployment descriptor [D:\Programming\Java\Tomcat\apache-tomcat-10.1.23\conf\Catalina\localhost\FilterAuthentication.xml]
02-Oct-2024 12:58:01.154 WARNING [main] org.apache.catalina.startup.HostConfig.deployDescriptor The path attribute with value [/FilterAuthentication] in deployment descriptor [D:\Programming\Java\Tomcat\apache-tomcat-10.1.23\conf\Catalina\localhost\FilterAuthentication.xml] has been ignored
02-Oct-2024 12:58:01.301 INFO [main] org.apache.catalina.startup.HostConfig.deployDescriptor Deployment of deployment descriptor [D:\Programming\Java\Tomcat\apache-tomcat-10.1.23\conf\Catalina\localhost\FilterAuthentication.xml] has finished in [149] ms
02-Oct-2024 12:58:01.302 INFO [main] org.apache.catalina.startup.HostConfig.deployDescriptor Deploying deployment descriptor [D:\Programming\Java\Tomcat\apache-tomcat-10.1.23\conf\Catalina\localhost\FilterConfig.xml]
02-Oct-2024 12:58:01.303 WARNING [main] org.apache.catalina.startup.HostConfig.deployDescriptor The path attribute with value [/FilterConfig] in deployment descriptor [D:\Programming\Java\Tomcat\apache-tomcat-10.1.23\conf\Catalina\localhost\FilterConfig.xml] has been ignored
02-Oct-2024 12:58:01.370 INFO [main] org.apache.catalina.startup.HostConfig.deployDescriptor Deployment of deployment descriptor [D:\Programming\Java\Tomcat\apache-tomcat-10.1.23\conf\Catalina\localhost\FilterConfig.xml] has finished in [68] ms
02-Oct-2024 12:58:01.371 INFO [main] org.apache.catalina.startup.HostConfig.deployDescriptor Deploying deployment descriptor [D:\Programming\Java\Tomcat\apache-tomcat-10.1.23\conf\Catalina\localhost\FORUSER_Ex1.xml]
02-Oct-2024 12:58:01.374 WARNING [main] org.apache.catalina.startup.HostConfig.deployDescriptor The path attribute with value [/FORUSER_Ex1] in deployment descriptor [D:\Programming\Java\Tomcat\apache-tomcat-10.1.23\conf\Catalina\localhost\FORUSER_Ex1.xml] has been ignored
02-Oct-2024 12:58:01.475 INFO [main] org.apache.catalina.startup.HostConfig.deployDescriptor Deployment of deployment descriptor [D:\Programming\Java\Tomcat\apache-tomcat-10.1.23\conf\Catalina\localhost\FORUSER_Ex1.xml] has finished in [105] ms
02-Oct-2024 12:58:01.476 INFO [main] org.apache.catalina.startup.HostConfig.deployDescriptor Deploying deployment descriptor [D:\Programming\Java\Tomcat\apache-tomcat-10.1.23\conf\Catalina\localhost\FORUSER_Ex3.xml]
02-Oct-2024 12:58:01.480 WARNING [main] org.apache.catalina.startup.HostConfig.deployDescriptor The path attribute with value [/FORUSER_Ex3] in deployment descriptor [D:\Programming\Java\Tomcat\apache-tomcat-10.1.23\conf\Catalina\localhost\FORUSER_Ex3.xml] has been ignored
02-Oct-2024 12:58:01.592 INFO [main] org.apache.catalina.startup.HostConfig.deployDescriptor Deployment of deployment descriptor [D:\Programming\Java\Tomcat\apache-tomcat-10.1.23\conf\Catalina\localhost\FORUSER_Ex3.xml] has finished in [115] ms
02-Oct-2024 12:58:01.592 INFO [main] org.apache.catalina.startup.HostConfig.deployDescriptor Deploying deployment descriptor [D:\Programming\Java\Tomcat\apache-tomcat-10.1.23\conf\Catalina\localhost\FORUSER_Ex4.xml]
02-Oct-2024 12:58:01.596 WARNING [main] org.apache.catalina.startup.HostConfig.deployDescriptor The path attribute with value [/FORUSER_Ex4] in deployment descriptor [D:\Programming\Java\Tomcat\apache-tomcat-10.1.23\conf\Catalina\localhost\FORUSER_Ex4.xml] has been ignored
02-Oct-2024 12:58:01.690 INFO [main] org.apache.catalina.startup.HostConfig.deployDescriptor Deployment of deployment descriptor [D:\Programming\Java\Tomcat\apache-tomcat-10.1.23\conf\Catalina\localhost\FORUSER_Ex4.xml] has finished in [97] ms
02-Oct-2024 12:58:01.690 INFO [main] org.apache.catalina.startup.HostConfig.deployDescriptor Deploying deployment descriptor [D:\Programming\Java\Tomcat\apache-tomcat-10.1.23\conf\Catalina\localhost\FORUSER_Ex5.xml]
02-Oct-2024 12:58:01.708 WARNING [main] org.apache.catalina.startup.HostConfig.deployDescriptor The path attribute with value [/FORUSER_Ex5] in deployment descriptor [D:\Programming\Java\Tomcat\apache-tomcat-10.1.23\conf\Catalina\localhost\FORUSER_Ex5.xml] has been ignored
02-Oct-2024 12:58:01.828 INFO [main] org.apache.catalina.startup.HostConfig.deployDescriptor Deployment of deployment descriptor [D:\Programming\Java\Tomcat\apache-tomcat-10.1.23\conf\Catalina\localhost\FORUSER_Ex5.xml] has finished in [137] ms
02-Oct-2024 12:58:01.828 INFO [main] org.apache.catalina.startup.HostConfig.deployDescriptor Deploying deployment descriptor [D:\Programming\Java\Tomcat\apache-tomcat-10.1.23\conf\Catalina\localhost\Human.xml]
02-Oct-2024 12:58:01.829 WARNING [main] org.apache.catalina.startup.HostConfig.deployDescriptor The path attribute with value [/Human] in deployment descriptor [D:\Programming\Java\Tomcat\apache-tomcat-10.1.23\conf\Catalina\localhost\Human.xml] has been ignored
02-Oct-2024 12:58:02.147 INFO [main] org.apache.jasper.servlet.TldScanner.scanJars At least one JAR was scanned for TLDs yet contained no TLDs. Enable debug logging for this logger for a complete list of JARs that were scanned but no TLDs were found in them. Skipping unneeded JARs during scanning can improve startup time and JSP compilation time.
02-Oct-2024 12:58:02.152 INFO [main] org.apache.catalina.startup.HostConfig.deployDescriptor Deployment of deployment descriptor [D:\Programming\Java\Tomcat\apache-tomcat-10.1.23\conf\Catalina\localhost\Human.xml] has finished in [323] ms
02-Oct-2024 12:58:02.154 INFO [main] org.apache.catalina.startup.HostConfig.deployDescriptor Deploying deployment descriptor [D:\Programming\Java\Tomcat\apache-tomcat-10.1.23\conf\Catalina\localhost\InitParamAndContextParam.xml]
02-Oct-2024 12:58:02.179 WARNING [main] org.apache.catalina.startup.HostConfig.deployDescriptor The path attribute with value [/InitParamAndContextParam] in deployment descriptor [D:\Programming\Java\Tomcat\apache-tomcat-10.1.23\conf\Catalina\localhost\InitParamAndContextParam.xml] has been ignored
02-Oct-2024 12:58:02.257 INFO [main] org.apache.catalina.startup.HostConfig.deployDescriptor Deployment of deployment descriptor [D:\Programming\Java\Tomcat\apache-tomcat-10.1.23\conf\Catalina\localhost\InitParamAndContextParam.xml] has finished in [103] ms
02-Oct-2024 12:58:02.258 INFO [main] org.apache.catalina.startup.HostConfig.deployDescriptor Deploying deployment descriptor [D:\Programming\Java\Tomcat\apache-tomcat-10.1.23\conf\Catalina\localhost\JSP_Learning.xml]
02-Oct-2024 12:58:02.260 WARNING [main] org.apache.catalina.startup.HostConfig.deployDescriptor The path attribute with value [/JSP_Learning] in deployment descriptor [D:\Programming\Java\Tomcat\apache-tomcat-10.1.23\conf\Catalina\localhost\JSP_Learning.xml] has been ignored
02-Oct-2024 12:58:02.360 INFO [main] org.apache.catalina.startup.HostConfig.deployDescriptor Deployment of deployment descriptor [D:\Programming\Java\Tomcat\apache-tomcat-10.1.23\conf\Catalina\localhost\JSP_Learning.xml] has finished in [101] ms
02-Oct-2024 12:58:02.360 INFO [main] org.apache.catalina.startup.HostConfig.deployDescriptor Deploying deployment descriptor [D:\Programming\Java\Tomcat\apache-tomcat-10.1.23\conf\Catalina\localhost\Q1_HE172481.xml]
02-Oct-2024 12:58:02.362 WARNING [main] org.apache.catalina.startup.HostConfig.deployDescriptor The path attribute with value [/Q1_HE172481] in deployment descriptor [D:\Programming\Java\Tomcat\apache-tomcat-10.1.23\conf\Catalina\localhost\Q1_HE172481.xml] has been ignored
02-Oct-2024 12:58:02.370 SEVERE [main] org.apache.catalina.startup.HostConfig.deployDescriptor Error deploying deployment descriptor [D:\Programming\Java\Tomcat\apache-tomcat-10.1.23\conf\Catalina\localhost\Q1_HE172481.xml]
	java.lang.IllegalStateException: Error starting child
		at org.apache.catalina.core.ContainerBase.addChildInternal(ContainerBase.java:690)
		at org.apache.catalina.core.ContainerBase.addChild(ContainerBase.java:659)
		at org.apache.catalina.core.StandardHost.addChild(StandardHost.java:712)
		at org.apache.catalina.startup.HostConfig.deployDescriptor(HostConfig.java:635)
		at org.apache.catalina.startup.HostConfig$DeployDescriptor.run(HostConfig.java:1889)
		at java.base/java.util.concurrent.Executors$RunnableAdapter.call(Executors.java:539)
		at java.base/java.util.concurrent.FutureTask.run(FutureTask.java:264)
		at org.apache.tomcat.util.threads.InlineExecutorService.execute(InlineExecutorService.java:75)
		at java.base/java.util.concurrent.AbstractExecutorService.submit(AbstractExecutorService.java:123)
		at org.apache.catalina.startup.HostConfig.deployDescriptors(HostConfig.java:530)
		at org.apache.catalina.startup.HostConfig.deployApps(HostConfig.java:421)
		at org.apache.catalina.startup.HostConfig.start(HostConfig.java:1629)
		at org.apache.catalina.startup.HostConfig.lifecycleEvent(HostConfig.java:303)
		at org.apache.catalina.util.LifecycleBase.fireLifecycleEvent(LifecycleBase.java:114)
		at org.apache.catalina.util.LifecycleBase.setStateInternal(LifecycleBase.java:402)
		at org.apache.catalina.util.LifecycleBase.setState(LifecycleBase.java:345)
		at org.apache.catalina.core.ContainerBase.startInternal(ContainerBase.java:903)
		at org.apache.catalina.core.StandardHost.startInternal(StandardHost.java:845)
		at org.apache.catalina.util.LifecycleBase.start(LifecycleBase.java:171)
		at org.apache.catalina.core.ContainerBase$StartChild.call(ContainerBase.java:1345)
		at org.apache.catalina.core.ContainerBase$StartChild.call(ContainerBase.java:1335)
		at java.base/java.util.concurrent.FutureTask.run(FutureTask.java:264)
		at org.apache.tomcat.util.threads.InlineExecutorService.execute(InlineExecutorService.java:75)
		at java.base/java.util.concurrent.AbstractExecutorService.submit(AbstractExecutorService.java:145)
		at org.apache.catalina.core.ContainerBase.startInternal(ContainerBase.java:876)
		at org.apache.catalina.core.StandardEngine.startInternal(StandardEngine.java:240)
		at org.apache.catalina.util.LifecycleBase.start(LifecycleBase.java:171)
		at org.apache.catalina.core.StandardService.startInternal(StandardService.java:470)
		at org.apache.catalina.util.LifecycleBase.start(LifecycleBase.java:171)
		at org.apache.catalina.core.StandardServer.startInternal(StandardServer.java:947)
		at org.apache.catalina.util.LifecycleBase.start(LifecycleBase.java:171)
		at org.apache.catalina.startup.Catalina.start(Catalina.java:757)
		at java.base/jdk.internal.reflect.NativeMethodAccessorImpl.invoke0(Native Method)
		at java.base/jdk.internal.reflect.NativeMethodAccessorImpl.invoke(NativeMethodAccessorImpl.java:77)
		at java.base/jdk.internal.reflect.DelegatingMethodAccessorImpl.invoke(DelegatingMethodAccessorImpl.java:43)
		at java.base/java.lang.reflect.Method.invoke(Method.java:568)
		at org.apache.catalina.startup.Bootstrap.start(Bootstrap.java:345)
		at org.apache.catalina.startup.Bootstrap.main(Bootstrap.java:473)
	Caused by: org.apache.catalina.LifecycleException: Failed to start component [org.apache.catalina.webresources.StandardRoot@22c29aa8]
		at org.apache.catalina.util.LifecycleBase.handleSubClassException(LifecycleBase.java:419)
		at org.apache.catalina.util.LifecycleBase.start(LifecycleBase.java:186)
		at org.apache.catalina.core.StandardContext.resourcesStart(StandardContext.java:4566)
		at org.apache.catalina.core.StandardContext.startInternal(StandardContext.java:4695)
		at org.apache.catalina.util.LifecycleBase.start(LifecycleBase.java:171)
		at org.apache.catalina.core.ContainerBase.addChildInternal(ContainerBase.java:687)
		... 37 more
	Caused by: java.lang.IllegalArgumentException: The main resource set specified [D:\PRJ301_PE_SU24_585258\PaperNo_3\All\given\Q1_HE172481\build\web] is not a directory or war file, or is not readable (it does not exist or permissions to access it are missing)
		at org.apache.catalina.webresources.StandardRoot.createMainResourceSet(StandardRoot.java:749)
		at org.apache.catalina.webresources.StandardRoot.startInternal(StandardRoot.java:707)
		at org.apache.catalina.util.LifecycleBase.start(LifecycleBase.java:171)
		... 41 more
02-Oct-2024 12:58:02.408 INFO [main] org.apache.catalina.startup.HostConfig.deployDescriptor Deployment of deployment descriptor [D:\Programming\Java\Tomcat\apache-tomcat-10.1.23\conf\Catalina\localhost\Q1_HE172481.xml] has finished in [47] ms
02-Oct-2024 12:58:02.408 INFO [main] org.apache.catalina.startup.HostConfig.deployDescriptor Deploying deployment descriptor [D:\Programming\Java\Tomcat\apache-tomcat-10.1.23\conf\Catalina\localhost\Q1_HE173053.xml]
02-Oct-2024 12:58:02.410 WARNING [main] org.apache.catalina.startup.HostConfig.deployDescriptor The path attribute with value [/Q1_HE173053] in deployment descriptor [D:\Programming\Java\Tomcat\apache-tomcat-10.1.23\conf\Catalina\localhost\Q1_HE173053.xml] has been ignored
02-Oct-2024 12:58:02.418 SEVERE [main] org.apache.catalina.startup.HostConfig.deployDescriptor Error deploying deployment descriptor [D:\Programming\Java\Tomcat\apache-tomcat-10.1.23\conf\Catalina\localhost\Q1_HE173053.xml]
	java.lang.IllegalStateException: Error starting child
		at org.apache.catalina.core.ContainerBase.addChildInternal(ContainerBase.java:690)
		at org.apache.catalina.core.ContainerBase.addChild(ContainerBase.java:659)
		at org.apache.catalina.core.StandardHost.addChild(StandardHost.java:712)
		at org.apache.catalina.startup.HostConfig.deployDescriptor(HostConfig.java:635)
		at org.apache.catalina.startup.HostConfig$DeployDescriptor.run(HostConfig.java:1889)
		at java.base/java.util.concurrent.Executors$RunnableAdapter.call(Executors.java:539)
		at java.base/java.util.concurrent.FutureTask.run(FutureTask.java:264)
		at org.apache.tomcat.util.threads.InlineExecutorService.execute(InlineExecutorService.java:75)
		at java.base/java.util.concurrent.AbstractExecutorService.submit(AbstractExecutorService.java:123)
		at org.apache.catalina.startup.HostConfig.deployDescriptors(HostConfig.java:530)
		at org.apache.catalina.startup.HostConfig.deployApps(HostConfig.java:421)
		at org.apache.catalina.startup.HostConfig.start(HostConfig.java:1629)
		at org.apache.catalina.startup.HostConfig.lifecycleEvent(HostConfig.java:303)
		at org.apache.catalina.util.LifecycleBase.fireLifecycleEvent(LifecycleBase.java:114)
		at org.apache.catalina.util.LifecycleBase.setStateInternal(LifecycleBase.java:402)
		at org.apache.catalina.util.LifecycleBase.setState(LifecycleBase.java:345)
		at org.apache.catalina.core.ContainerBase.startInternal(ContainerBase.java:903)
		at org.apache.catalina.core.StandardHost.startInternal(StandardHost.java:845)
		at org.apache.catalina.util.LifecycleBase.start(LifecycleBase.java:171)
		at org.apache.catalina.core.ContainerBase$StartChild.call(ContainerBase.java:1345)
		at org.apache.catalina.core.ContainerBase$StartChild.call(ContainerBase.java:1335)
		at java.base/java.util.concurrent.FutureTask.run(FutureTask.java:264)
		at org.apache.tomcat.util.threads.InlineExecutorService.execute(InlineExecutorService.java:75)
		at java.base/java.util.concurrent.AbstractExecutorService.submit(AbstractExecutorService.java:145)
		at org.apache.catalina.core.ContainerBase.startInternal(ContainerBase.java:876)
		at org.apache.catalina.core.StandardEngine.startInternal(StandardEngine.java:240)
		at org.apache.catalina.util.LifecycleBase.start(LifecycleBase.java:171)
		at org.apache.catalina.core.StandardService.startInternal(StandardService.java:470)
		at org.apache.catalina.util.LifecycleBase.start(LifecycleBase.java:171)
		at org.apache.catalina.core.StandardServer.startInternal(StandardServer.java:947)
		at org.apache.catalina.util.LifecycleBase.start(LifecycleBase.java:171)
		at org.apache.catalina.startup.Catalina.start(Catalina.java:757)
		at java.base/jdk.internal.reflect.NativeMethodAccessorImpl.invoke0(Native Method)
		at java.base/jdk.internal.reflect.NativeMethodAccessorImpl.invoke(NativeMethodAccessorImpl.java:77)
		at java.base/jdk.internal.reflect.DelegatingMethodAccessorImpl.invoke(DelegatingMethodAccessorImpl.java:43)
		at java.base/java.lang.reflect.Method.invoke(Method.java:568)
		at org.apache.catalina.startup.Bootstrap.start(Bootstrap.java:345)
		at org.apache.catalina.startup.Bootstrap.main(Bootstrap.java:473)
	Caused by: org.apache.catalina.LifecycleException: Failed to start component [org.apache.catalina.webresources.StandardRoot@32328dc4]
		at org.apache.catalina.util.LifecycleBase.handleSubClassException(LifecycleBase.java:419)
		at org.apache.catalina.util.LifecycleBase.start(LifecycleBase.java:186)
		at org.apache.catalina.core.StandardContext.resourcesStart(StandardContext.java:4566)
		at org.apache.catalina.core.StandardContext.startInternal(StandardContext.java:4695)
		at org.apache.catalina.util.LifecycleBase.start(LifecycleBase.java:171)
		at org.apache.catalina.core.ContainerBase.addChildInternal(ContainerBase.java:687)
		... 37 more
	Caused by: java.lang.IllegalArgumentException: The main resource set specified [D:\Chuyên Ngành\SUM 2024\PRJ301\4user\PE\thi thu PE FA24 HOLA\HE173053-Phan Tuấn Huy\given\Q1_HE173053\build\web] is not a directory or war file, or is not readable (it does not exist or permissions to access it are missing)
		at org.apache.catalina.webresources.StandardRoot.createMainResourceSet(StandardRoot.java:749)
		at org.apache.catalina.webresources.StandardRoot.startInternal(StandardRoot.java:707)
		at org.apache.catalina.util.LifecycleBase.start(LifecycleBase.java:171)
		... 41 more
02-Oct-2024 12:58:03.176 INFO [main] org.apache.catalina.startup.HostConfig.deployDescriptor Deployment of deployment descriptor [D:\Programming\Java\Tomcat\apache-tomcat-10.1.23\conf\Catalina\localhost\Q1_HE173053.xml] has finished in [768] ms
02-Oct-2024 12:58:03.177 INFO [main] org.apache.catalina.startup.HostConfig.deployDescriptor Deploying deployment descriptor [D:\Programming\Java\Tomcat\apache-tomcat-10.1.23\conf\Catalina\localhost\Q2_HE172481.xml]
02-Oct-2024 12:58:03.179 WARNING [main] org.apache.catalina.startup.HostConfig.deployDescriptor The path attribute with value [/Q2_HE172481] in deployment descriptor [D:\Programming\Java\Tomcat\apache-tomcat-10.1.23\conf\Catalina\localhost\Q2_HE172481.xml] has been ignored
02-Oct-2024 12:58:03.186 SEVERE [main] org.apache.catalina.startup.HostConfig.deployDescriptor Error deploying deployment descriptor [D:\Programming\Java\Tomcat\apache-tomcat-10.1.23\conf\Catalina\localhost\Q2_HE172481.xml]
	java.lang.IllegalStateException: Error starting child
		at org.apache.catalina.core.ContainerBase.addChildInternal(ContainerBase.java:690)
		at org.apache.catalina.core.ContainerBase.addChild(ContainerBase.java:659)
		at org.apache.catalina.core.StandardHost.addChild(StandardHost.java:712)
		at org.apache.catalina.startup.HostConfig.deployDescriptor(HostConfig.java:635)
		at org.apache.catalina.startup.HostConfig$DeployDescriptor.run(HostConfig.java:1889)
		at java.base/java.util.concurrent.Executors$RunnableAdapter.call(Executors.java:539)
		at java.base/java.util.concurrent.FutureTask.run(FutureTask.java:264)
		at org.apache.tomcat.util.threads.InlineExecutorService.execute(InlineExecutorService.java:75)
		at java.base/java.util.concurrent.AbstractExecutorService.submit(AbstractExecutorService.java:123)
		at org.apache.catalina.startup.HostConfig.deployDescriptors(HostConfig.java:530)
		at org.apache.catalina.startup.HostConfig.deployApps(HostConfig.java:421)
		at org.apache.catalina.startup.HostConfig.start(HostConfig.java:1629)
		at org.apache.catalina.startup.HostConfig.lifecycleEvent(HostConfig.java:303)
		at org.apache.catalina.util.LifecycleBase.fireLifecycleEvent(LifecycleBase.java:114)
		at org.apache.catalina.util.LifecycleBase.setStateInternal(LifecycleBase.java:402)
		at org.apache.catalina.util.LifecycleBase.setState(LifecycleBase.java:345)
		at org.apache.catalina.core.ContainerBase.startInternal(ContainerBase.java:903)
		at org.apache.catalina.core.StandardHost.startInternal(StandardHost.java:845)
		at org.apache.catalina.util.LifecycleBase.start(LifecycleBase.java:171)
		at org.apache.catalina.core.ContainerBase$StartChild.call(ContainerBase.java:1345)
		at org.apache.catalina.core.ContainerBase$StartChild.call(ContainerBase.java:1335)
		at java.base/java.util.concurrent.FutureTask.run(FutureTask.java:264)
		at org.apache.tomcat.util.threads.InlineExecutorService.execute(InlineExecutorService.java:75)
		at java.base/java.util.concurrent.AbstractExecutorService.submit(AbstractExecutorService.java:145)
		at org.apache.catalina.core.ContainerBase.startInternal(ContainerBase.java:876)
		at org.apache.catalina.core.StandardEngine.startInternal(StandardEngine.java:240)
		at org.apache.catalina.util.LifecycleBase.start(LifecycleBase.java:171)
		at org.apache.catalina.core.StandardService.startInternal(StandardService.java:470)
		at org.apache.catalina.util.LifecycleBase.start(LifecycleBase.java:171)
		at org.apache.catalina.core.StandardServer.startInternal(StandardServer.java:947)
		at org.apache.catalina.util.LifecycleBase.start(LifecycleBase.java:171)
		at org.apache.catalina.startup.Catalina.start(Catalina.java:757)
		at java.base/jdk.internal.reflect.NativeMethodAccessorImpl.invoke0(Native Method)
		at java.base/jdk.internal.reflect.NativeMethodAccessorImpl.invoke(NativeMethodAccessorImpl.java:77)
		at java.base/jdk.internal.reflect.DelegatingMethodAccessorImpl.invoke(DelegatingMethodAccessorImpl.java:43)
		at java.base/java.lang.reflect.Method.invoke(Method.java:568)
		at org.apache.catalina.startup.Bootstrap.start(Bootstrap.java:345)
		at org.apache.catalina.startup.Bootstrap.main(Bootstrap.java:473)
	Caused by: org.apache.catalina.LifecycleException: Failed to start component [org.apache.catalina.webresources.StandardRoot@70f98f7a]
		at org.apache.catalina.util.LifecycleBase.handleSubClassException(LifecycleBase.java:419)
		at org.apache.catalina.util.LifecycleBase.start(LifecycleBase.java:186)
		at org.apache.catalina.core.StandardContext.resourcesStart(StandardContext.java:4566)
		at org.apache.catalina.core.StandardContext.startInternal(StandardContext.java:4695)
		at org.apache.catalina.util.LifecycleBase.start(LifecycleBase.java:171)
		at org.apache.catalina.core.ContainerBase.addChildInternal(ContainerBase.java:687)
		... 37 more
	Caused by: java.lang.IllegalArgumentException: The main resource set specified [D:\PRJ301_PE_SU24_585258\PaperNo_3\All\given\Q2_HE172481\build\web] is not a directory or war file, or is not readable (it does not exist or permissions to access it are missing)
		at org.apache.catalina.webresources.StandardRoot.createMainResourceSet(StandardRoot.java:749)
		at org.apache.catalina.webresources.StandardRoot.startInternal(StandardRoot.java:707)
		at org.apache.catalina.util.LifecycleBase.start(LifecycleBase.java:171)
		... 41 more
02-Oct-2024 12:58:04.002 INFO [main] org.apache.catalina.startup.HostConfig.deployDescriptor Deployment of deployment descriptor [D:\Programming\Java\Tomcat\apache-tomcat-10.1.23\conf\Catalina\localhost\Q2_HE172481.xml] has finished in [825] ms
02-Oct-2024 12:58:04.003 INFO [main] org.apache.catalina.startup.HostConfig.deployDescriptor Deploying deployment descriptor [D:\Programming\Java\Tomcat\apache-tomcat-10.1.23\conf\Catalina\localhost\Q2_HE173053.xml]
02-Oct-2024 12:58:04.005 WARNING [main] org.apache.catalina.startup.HostConfig.deployDescriptor The path attribute with value [/Q2_HE173053] in deployment descriptor [D:\Programming\Java\Tomcat\apache-tomcat-10.1.23\conf\Catalina\localhost\Q2_HE173053.xml] has been ignored
02-Oct-2024 12:58:04.016 SEVERE [main] org.apache.catalina.startup.HostConfig.deployDescriptor Error deploying deployment descriptor [D:\Programming\Java\Tomcat\apache-tomcat-10.1.23\conf\Catalina\localhost\Q2_HE173053.xml]
	java.lang.IllegalStateException: Error starting child
		at org.apache.catalina.core.ContainerBase.addChildInternal(ContainerBase.java:690)
		at org.apache.catalina.core.ContainerBase.addChild(ContainerBase.java:659)
		at org.apache.catalina.core.StandardHost.addChild(StandardHost.java:712)
		at org.apache.catalina.startup.HostConfig.deployDescriptor(HostConfig.java:635)
		at org.apache.catalina.startup.HostConfig$DeployDescriptor.run(HostConfig.java:1889)
		at java.base/java.util.concurrent.Executors$RunnableAdapter.call(Executors.java:539)
		at java.base/java.util.concurrent.FutureTask.run(FutureTask.java:264)
		at org.apache.tomcat.util.threads.InlineExecutorService.execute(InlineExecutorService.java:75)
		at java.base/java.util.concurrent.AbstractExecutorService.submit(AbstractExecutorService.java:123)
		at org.apache.catalina.startup.HostConfig.deployDescriptors(HostConfig.java:530)
		at org.apache.catalina.startup.HostConfig.deployApps(HostConfig.java:421)
		at org.apache.catalina.startup.HostConfig.start(HostConfig.java:1629)
		at org.apache.catalina.startup.HostConfig.lifecycleEvent(HostConfig.java:303)
		at org.apache.catalina.util.LifecycleBase.fireLifecycleEvent(LifecycleBase.java:114)
		at org.apache.catalina.util.LifecycleBase.setStateInternal(LifecycleBase.java:402)
		at org.apache.catalina.util.LifecycleBase.setState(LifecycleBase.java:345)
		at org.apache.catalina.core.ContainerBase.startInternal(ContainerBase.java:903)
		at org.apache.catalina.core.StandardHost.startInternal(StandardHost.java:845)
		at org.apache.catalina.util.LifecycleBase.start(LifecycleBase.java:171)
		at org.apache.catalina.core.ContainerBase$StartChild.call(ContainerBase.java:1345)
		at org.apache.catalina.core.ContainerBase$StartChild.call(ContainerBase.java:1335)
		at java.base/java.util.concurrent.FutureTask.run(FutureTask.java:264)
		at org.apache.tomcat.util.threads.InlineExecutorService.execute(InlineExecutorService.java:75)
		at java.base/java.util.concurrent.AbstractExecutorService.submit(AbstractExecutorService.java:145)
		at org.apache.catalina.core.ContainerBase.startInternal(ContainerBase.java:876)
		at org.apache.catalina.core.StandardEngine.startInternal(StandardEngine.java:240)
		at org.apache.catalina.util.LifecycleBase.start(LifecycleBase.java:171)
		at org.apache.catalina.core.StandardService.startInternal(StandardService.java:470)
		at org.apache.catalina.util.LifecycleBase.start(LifecycleBase.java:171)
		at org.apache.catalina.core.StandardServer.startInternal(StandardServer.java:947)
		at org.apache.catalina.util.LifecycleBase.start(LifecycleBase.java:171)
		at org.apache.catalina.startup.Catalina.start(Catalina.java:757)
		at java.base/jdk.internal.reflect.NativeMethodAccessorImpl.invoke0(Native Method)
		at java.base/jdk.internal.reflect.NativeMethodAccessorImpl.invoke(NativeMethodAccessorImpl.java:77)
		at java.base/jdk.internal.reflect.DelegatingMethodAccessorImpl.invoke(DelegatingMethodAccessorImpl.java:43)
		at java.base/java.lang.reflect.Method.invoke(Method.java:568)
		at org.apache.catalina.startup.Bootstrap.start(Bootstrap.java:345)
		at org.apache.catalina.startup.Bootstrap.main(Bootstrap.java:473)
	Caused by: org.apache.catalina.LifecycleException: Failed to start component [org.apache.catalina.webresources.StandardRoot@3e6acec2]
		at org.apache.catalina.util.LifecycleBase.handleSubClassException(LifecycleBase.java:419)
		at org.apache.catalina.util.LifecycleBase.start(LifecycleBase.java:186)
		at org.apache.catalina.core.StandardContext.resourcesStart(StandardContext.java:4566)
		at org.apache.catalina.core.StandardContext.startInternal(StandardContext.java:4695)
		at org.apache.catalina.util.LifecycleBase.start(LifecycleBase.java:171)
		at org.apache.catalina.core.ContainerBase.addChildInternal(ContainerBase.java:687)
		... 37 more
	Caused by: java.lang.IllegalArgumentException: The main resource set specified [D:\Chuyên Ngành\SUM 2024\PRJ301\4user\PE\thi thu PE FA24 HOLA\HE173053-Phan Tuấn Huy\given\Q2_HE173053\build\web] is not a directory or war file, or is not readable (it does not exist or permissions to access it are missing)
		at org.apache.catalina.webresources.StandardRoot.createMainResourceSet(StandardRoot.java:749)
		at org.apache.catalina.webresources.StandardRoot.startInternal(StandardRoot.java:707)
		at org.apache.catalina.util.LifecycleBase.start(LifecycleBase.java:171)
		... 41 more
02-Oct-2024 12:58:04.023 INFO [main] org.apache.catalina.startup.HostConfig.deployDescriptor Deployment of deployment descriptor [D:\Programming\Java\Tomcat\apache-tomcat-10.1.23\conf\Catalina\localhost\Q2_HE173053.xml] has finished in [19] ms
02-Oct-2024 12:58:04.024 INFO [main] org.apache.catalina.startup.HostConfig.deployDescriptor Deploying deployment descriptor [D:\Programming\Java\Tomcat\apache-tomcat-10.1.23\conf\Catalina\localhost\Q3_HE172481.xml]
02-Oct-2024 12:58:04.040 WARNING [main] org.apache.catalina.startup.HostConfig.deployDescriptor The path attribute with value [/Q3_HE172481] in deployment descriptor [D:\Programming\Java\Tomcat\apache-tomcat-10.1.23\conf\Catalina\localhost\Q3_HE172481.xml] has been ignored
02-Oct-2024 12:58:04.049 SEVERE [main] org.apache.catalina.startup.HostConfig.deployDescriptor Error deploying deployment descriptor [D:\Programming\Java\Tomcat\apache-tomcat-10.1.23\conf\Catalina\localhost\Q3_HE172481.xml]
	java.lang.IllegalStateException: Error starting child
		at org.apache.catalina.core.ContainerBase.addChildInternal(ContainerBase.java:690)
		at org.apache.catalina.core.ContainerBase.addChild(ContainerBase.java:659)
		at org.apache.catalina.core.StandardHost.addChild(StandardHost.java:712)
		at org.apache.catalina.startup.HostConfig.deployDescriptor(HostConfig.java:635)
		at org.apache.catalina.startup.HostConfig$DeployDescriptor.run(HostConfig.java:1889)
		at java.base/java.util.concurrent.Executors$RunnableAdapter.call(Executors.java:539)
		at java.base/java.util.concurrent.FutureTask.run(FutureTask.java:264)
		at org.apache.tomcat.util.threads.InlineExecutorService.execute(InlineExecutorService.java:75)
		at java.base/java.util.concurrent.AbstractExecutorService.submit(AbstractExecutorService.java:123)
		at org.apache.catalina.startup.HostConfig.deployDescriptors(HostConfig.java:530)
		at org.apache.catalina.startup.HostConfig.deployApps(HostConfig.java:421)
		at org.apache.catalina.startup.HostConfig.start(HostConfig.java:1629)
		at org.apache.catalina.startup.HostConfig.lifecycleEvent(HostConfig.java:303)
		at org.apache.catalina.util.LifecycleBase.fireLifecycleEvent(LifecycleBase.java:114)
		at org.apache.catalina.util.LifecycleBase.setStateInternal(LifecycleBase.java:402)
		at org.apache.catalina.util.LifecycleBase.setState(LifecycleBase.java:345)
		at org.apache.catalina.core.ContainerBase.startInternal(ContainerBase.java:903)
		at org.apache.catalina.core.StandardHost.startInternal(StandardHost.java:845)
		at org.apache.catalina.util.LifecycleBase.start(LifecycleBase.java:171)
		at org.apache.catalina.core.ContainerBase$StartChild.call(ContainerBase.java:1345)
		at org.apache.catalina.core.ContainerBase$StartChild.call(ContainerBase.java:1335)
		at java.base/java.util.concurrent.FutureTask.run(FutureTask.java:264)
		at org.apache.tomcat.util.threads.InlineExecutorService.execute(InlineExecutorService.java:75)
		at java.base/java.util.concurrent.AbstractExecutorService.submit(AbstractExecutorService.java:145)
		at org.apache.catalina.core.ContainerBase.startInternal(ContainerBase.java:876)
		at org.apache.catalina.core.StandardEngine.startInternal(StandardEngine.java:240)
		at org.apache.catalina.util.LifecycleBase.start(LifecycleBase.java:171)
		at org.apache.catalina.core.StandardService.startInternal(StandardService.java:470)
		at org.apache.catalina.util.LifecycleBase.start(LifecycleBase.java:171)
		at org.apache.catalina.core.StandardServer.startInternal(StandardServer.java:947)
		at org.apache.catalina.util.LifecycleBase.start(LifecycleBase.java:171)
		at org.apache.catalina.startup.Catalina.start(Catalina.java:757)
		at java.base/jdk.internal.reflect.NativeMethodAccessorImpl.invoke0(Native Method)
		at java.base/jdk.internal.reflect.NativeMethodAccessorImpl.invoke(NativeMethodAccessorImpl.java:77)
		at java.base/jdk.internal.reflect.DelegatingMethodAccessorImpl.invoke(DelegatingMethodAccessorImpl.java:43)
		at java.base/java.lang.reflect.Method.invoke(Method.java:568)
		at org.apache.catalina.startup.Bootstrap.start(Bootstrap.java:345)
		at org.apache.catalina.startup.Bootstrap.main(Bootstrap.java:473)
	Caused by: org.apache.catalina.LifecycleException: Failed to start component [org.apache.catalina.webresources.StandardRoot@10d4b573]
		at org.apache.catalina.util.LifecycleBase.handleSubClassException(LifecycleBase.java:419)
		at org.apache.catalina.util.LifecycleBase.start(LifecycleBase.java:186)
		at org.apache.catalina.core.StandardContext.resourcesStart(StandardContext.java:4566)
		at org.apache.catalina.core.StandardContext.startInternal(StandardContext.java:4695)
		at org.apache.catalina.util.LifecycleBase.start(LifecycleBase.java:171)
		at org.apache.catalina.core.ContainerBase.addChildInternal(ContainerBase.java:687)
		... 37 more
	Caused by: java.lang.IllegalArgumentException: The main resource set specified [D:\PRJ302_PE_SP24_Trial_220906\PaperNo_2\All\given\Q3_HE172481\build\web] is not a directory or war file, or is not readable (it does not exist or permissions to access it are missing)
		at org.apache.catalina.webresources.StandardRoot.createMainResourceSet(StandardRoot.java:749)
		at org.apache.catalina.webresources.StandardRoot.startInternal(StandardRoot.java:707)
		at org.apache.catalina.util.LifecycleBase.start(LifecycleBase.java:171)
		... 41 more
02-Oct-2024 12:58:04.855 INFO [main] org.apache.catalina.startup.HostConfig.deployDescriptor Deployment of deployment descriptor [D:\Programming\Java\Tomcat\apache-tomcat-10.1.23\conf\Catalina\localhost\Q3_HE172481.xml] has finished in [830] ms
02-Oct-2024 12:58:04.855 INFO [main] org.apache.catalina.startup.HostConfig.deployDescriptor Deploying deployment descriptor [D:\Programming\Java\Tomcat\apache-tomcat-10.1.23\conf\Catalina\localhost\Q3_HE173053.xml]
02-Oct-2024 12:58:04.856 WARNING [main] org.apache.catalina.startup.HostConfig.deployDescriptor The path attribute with value [/Q3_HE173053] in deployment descriptor [D:\Programming\Java\Tomcat\apache-tomcat-10.1.23\conf\Catalina\localhost\Q3_HE173053.xml] has been ignored
02-Oct-2024 12:58:04.863 SEVERE [main] org.apache.catalina.startup.HostConfig.deployDescriptor Error deploying deployment descriptor [D:\Programming\Java\Tomcat\apache-tomcat-10.1.23\conf\Catalina\localhost\Q3_HE173053.xml]
	java.lang.IllegalStateException: Error starting child
		at org.apache.catalina.core.ContainerBase.addChildInternal(ContainerBase.java:690)
		at org.apache.catalina.core.ContainerBase.addChild(ContainerBase.java:659)
		at org.apache.catalina.core.StandardHost.addChild(StandardHost.java:712)
		at org.apache.catalina.startup.HostConfig.deployDescriptor(HostConfig.java:635)
		at org.apache.catalina.startup.HostConfig$DeployDescriptor.run(HostConfig.java:1889)
		at java.base/java.util.concurrent.Executors$RunnableAdapter.call(Executors.java:539)
		at java.base/java.util.concurrent.FutureTask.run(FutureTask.java:264)
		at org.apache.tomcat.util.threads.InlineExecutorService.execute(InlineExecutorService.java:75)
		at java.base/java.util.concurrent.AbstractExecutorService.submit(AbstractExecutorService.java:123)
		at org.apache.catalina.startup.HostConfig.deployDescriptors(HostConfig.java:530)
		at org.apache.catalina.startup.HostConfig.deployApps(HostConfig.java:421)
		at org.apache.catalina.startup.HostConfig.start(HostConfig.java:1629)
		at org.apache.catalina.startup.HostConfig.lifecycleEvent(HostConfig.java:303)
		at org.apache.catalina.util.LifecycleBase.fireLifecycleEvent(LifecycleBase.java:114)
		at org.apache.catalina.util.LifecycleBase.setStateInternal(LifecycleBase.java:402)
		at org.apache.catalina.util.LifecycleBase.setState(LifecycleBase.java:345)
		at org.apache.catalina.core.ContainerBase.startInternal(ContainerBase.java:903)
		at org.apache.catalina.core.StandardHost.startInternal(StandardHost.java:845)
		at org.apache.catalina.util.LifecycleBase.start(LifecycleBase.java:171)
		at org.apache.catalina.core.ContainerBase$StartChild.call(ContainerBase.java:1345)
		at org.apache.catalina.core.ContainerBase$StartChild.call(ContainerBase.java:1335)
		at java.base/java.util.concurrent.FutureTask.run(FutureTask.java:264)
		at org.apache.tomcat.util.threads.InlineExecutorService.execute(InlineExecutorService.java:75)
		at java.base/java.util.concurrent.AbstractExecutorService.submit(AbstractExecutorService.java:145)
		at org.apache.catalina.core.ContainerBase.startInternal(ContainerBase.java:876)
		at org.apache.catalina.core.StandardEngine.startInternal(StandardEngine.java:240)
		at org.apache.catalina.util.LifecycleBase.start(LifecycleBase.java:171)
		at org.apache.catalina.core.StandardService.startInternal(StandardService.java:470)
		at org.apache.catalina.util.LifecycleBase.start(LifecycleBase.java:171)
		at org.apache.catalina.core.StandardServer.startInternal(StandardServer.java:947)
		at org.apache.catalina.util.LifecycleBase.start(LifecycleBase.java:171)
		at org.apache.catalina.startup.Catalina.start(Catalina.java:757)
		at java.base/jdk.internal.reflect.NativeMethodAccessorImpl.invoke0(Native Method)
		at java.base/jdk.internal.reflect.NativeMethodAccessorImpl.invoke(NativeMethodAccessorImpl.java:77)
		at java.base/jdk.internal.reflect.DelegatingMethodAccessorImpl.invoke(DelegatingMethodAccessorImpl.java:43)
		at java.base/java.lang.reflect.Method.invoke(Method.java:568)
		at org.apache.catalina.startup.Bootstrap.start(Bootstrap.java:345)
		at org.apache.catalina.startup.Bootstrap.main(Bootstrap.java:473)
	Caused by: org.apache.catalina.LifecycleException: Failed to start component [org.apache.catalina.webresources.StandardRoot@39f93225]
		at org.apache.catalina.util.LifecycleBase.handleSubClassException(LifecycleBase.java:419)
		at org.apache.catalina.util.LifecycleBase.start(LifecycleBase.java:186)
		at org.apache.catalina.core.StandardContext.resourcesStart(StandardContext.java:4566)
		at org.apache.catalina.core.StandardContext.startInternal(StandardContext.java:4695)
		at org.apache.catalina.util.LifecycleBase.start(LifecycleBase.java:171)
		at org.apache.catalina.core.ContainerBase.addChildInternal(ContainerBase.java:687)
		... 37 more
	Caused by: java.lang.IllegalArgumentException: The main resource set specified [D:\Chuyên Ngành\SUM 2024\PRJ301\4user\PE\thi thu PE FA24 HOLA\HE173053-Phan Tuấn Huy\given\Q3_HE173053\build\web] is not a directory or war file, or is not readable (it does not exist or permissions to access it are missing)
		at org.apache.catalina.webresources.StandardRoot.createMainResourceSet(StandardRoot.java:749)
		at org.apache.catalina.webresources.StandardRoot.startInternal(StandardRoot.java:707)
		at org.apache.catalina.util.LifecycleBase.start(LifecycleBase.java:171)
		... 41 more
02-Oct-2024 12:58:05.311 INFO [main] org.apache.catalina.startup.HostConfig.deployDescriptor Deployment of deployment descriptor [D:\Programming\Java\Tomcat\apache-tomcat-10.1.23\conf\Catalina\localhost\Q3_HE173053.xml] has finished in [456] ms
02-Oct-2024 12:58:05.312 INFO [main] org.apache.catalina.startup.HostConfig.deployDescriptor Deploying deployment descriptor [D:\Programming\Java\Tomcat\apache-tomcat-10.1.23\conf\Catalina\localhost\SessionLoginLogout.xml]
02-Oct-2024 12:58:05.314 WARNING [main] org.apache.catalina.startup.HostConfig.deployDescriptor The path attribute with value [/SessionLoginLogout] in deployment descriptor [D:\Programming\Java\Tomcat\apache-tomcat-10.1.23\conf\Catalina\localhost\SessionLoginLogout.xml] has been ignored
02-Oct-2024 12:58:05.387 INFO [main] org.apache.catalina.startup.HostConfig.deployDescriptor Deployment of deployment descriptor [D:\Programming\Java\Tomcat\apache-tomcat-10.1.23\conf\Catalina\localhost\SessionLoginLogout.xml] has finished in [75] ms
02-Oct-2024 12:58:05.388 INFO [main] org.apache.catalina.startup.HostConfig.deployDescriptor Deploying deployment descriptor [D:\Programming\Java\Tomcat\apache-tomcat-10.1.23\conf\Catalina\localhost\SWP_OCMS.xml]
02-Oct-2024 12:58:05.389 WARNING [main] org.apache.catalina.startup.HostConfig.deployDescriptor The path attribute with value [/SWP_OCMS] in deployment descriptor [D:\Programming\Java\Tomcat\apache-tomcat-10.1.23\conf\Catalina\localhost\SWP_OCMS.xml] has been ignored
02-Oct-2024 12:58:07.928 INFO [main] org.apache.jasper.servlet.TldScanner.scanJars At least one JAR was scanned for TLDs yet contained no TLDs. Enable debug logging for this logger for a complete list of JARs that were scanned but no TLDs were found in them. Skipping unneeded JARs during scanning can improve startup time and JSP compilation time.
02-Oct-2024 12:58:07.946 INFO [main] org.apache.catalina.startup.HostConfig.deployDescriptor Deployment of deployment descriptor [D:\Programming\Java\Tomcat\apache-tomcat-10.1.23\conf\Catalina\localhost\SWP_OCMS.xml] has finished in [2,559] ms
02-Oct-2024 12:58:07.947 INFO [main] org.apache.catalina.startup.HostConfig.deployDescriptor Deploying deployment descriptor [D:\Programming\Java\Tomcat\apache-tomcat-10.1.23\conf\Catalina\localhost\WebApplication1.xml]
02-Oct-2024 12:58:07.948 WARNING [main] org.apache.catalina.startup.HostConfig.deployDescriptor The path attribute with value [/WebApplication1] in deployment descriptor [D:\Programming\Java\Tomcat\apache-tomcat-10.1.23\conf\Catalina\localhost\WebApplication1.xml] has been ignored
02-Oct-2024 12:58:08.285 INFO [main] org.apache.jasper.servlet.TldScanner.scanJars At least one JAR was scanned for TLDs yet contained no TLDs. Enable debug logging for this logger for a complete list of JARs that were scanned but no TLDs were found in them. Skipping unneeded JARs during scanning can improve startup time and JSP compilation time.
02-Oct-2024 12:58:08.288 INFO [main] org.apache.catalina.startup.HostConfig.deployDescriptor Deployment of deployment descriptor [D:\Programming\Java\Tomcat\apache-tomcat-10.1.23\conf\Catalina\localhost\WebApplication1.xml] has finished in [342] ms
02-Oct-2024 12:58:08.288 INFO [main] org.apache.catalina.startup.HostConfig.deployDescriptor Deploying deployment descriptor [D:\Programming\Java\Tomcat\apache-tomcat-10.1.23\conf\Catalina\localhost\Ws1_Cookie.xml]
02-Oct-2024 12:58:08.291 WARNING [main] org.apache.catalina.startup.HostConfig.deployDescriptor The path attribute with value [/Ws1_Cookie] in deployment descriptor [D:\Programming\Java\Tomcat\apache-tomcat-10.1.23\conf\Catalina\localhost\Ws1_Cookie.xml] has been ignored
02-Oct-2024 12:58:08.328 INFO [main] org.apache.catalina.startup.HostConfig.deployDescriptor Deployment of deployment descriptor [D:\Programming\Java\Tomcat\apache-tomcat-10.1.23\conf\Catalina\localhost\Ws1_Cookie.xml] has finished in [40] ms
02-Oct-2024 12:58:08.329 INFO [main] org.apache.catalina.startup.HostConfig.deployDirectory Deploying web application directory [D:\Programming\Java\Tomcat\apache-tomcat-10.1.23\webapps\docs]
02-Oct-2024 12:58:08.391 INFO [main] org.apache.catalina.startup.HostConfig.deployDirectory Deployment of web application directory [D:\Programming\Java\Tomcat\apache-tomcat-10.1.23\webapps\docs] has finished in [61] ms
02-Oct-2024 12:58:08.391 INFO [main] org.apache.catalina.startup.HostConfig.deployDirectory Deploying web application directory [D:\Programming\Java\Tomcat\apache-tomcat-10.1.23\webapps\examples]
02-Oct-2024 12:58:09.458 INFO [main] org.apache.catalina.startup.HostConfig.deployDirectory Deployment of web application directory [D:\Programming\Java\Tomcat\apache-tomcat-10.1.23\webapps\examples] has finished in [1,066] ms
02-Oct-2024 12:58:09.458 INFO [main] org.apache.catalina.startup.HostConfig.deployDirectory Deploying web application directory [D:\Programming\Java\Tomcat\apache-tomcat-10.1.23\webapps\host-manager]
02-Oct-2024 12:58:09.652 INFO [main] org.apache.catalina.startup.HostConfig.deployDirectory Deployment of web application directory [D:\Programming\Java\Tomcat\apache-tomcat-10.1.23\webapps\host-manager] has finished in [194] ms
02-Oct-2024 12:58:09.653 INFO [main] org.apache.catalina.startup.HostConfig.deployDirectory Deploying web application directory [D:\Programming\Java\Tomcat\apache-tomcat-10.1.23\webapps\manager]
02-Oct-2024 12:58:09.739 INFO [main] org.apache.catalina.startup.HostConfig.deployDirectory Deployment of web application directory [D:\Programming\Java\Tomcat\apache-tomcat-10.1.23\webapps\manager] has finished in [87] ms
02-Oct-2024 12:58:09.739 INFO [main] org.apache.catalina.startup.HostConfig.deployDirectory Deploying web application directory [D:\Programming\Java\Tomcat\apache-tomcat-10.1.23\webapps\ROOT]
02-Oct-2024 12:58:09.767 INFO [main] org.apache.catalina.startup.HostConfig.deployDirectory Deployment of web application directory [D:\Programming\Java\Tomcat\apache-tomcat-10.1.23\webapps\ROOT] has finished in [27] ms
02-Oct-2024 12:58:09.779 INFO [main] org.apache.coyote.AbstractProtocol.start Starting ProtocolHandler ["http-nio-9998"]
02-Oct-2024 12:58:09.895 INFO [main] org.apache.catalina.startup.Catalina.start Server startup in [16394] milliseconds
02-Oct-2024 12:59:35.582 INFO [http-nio-9998-exec-3] org.apache.catalina.startup.HostConfig.undeploy Undeploying context [/SWP_OCMS]
02-Oct-2024 12:59:35.654 INFO [http-nio-9998-exec-8] org.apache.catalina.startup.HostConfig.deployDescriptor Deploying deployment descriptor [D:\Programming\Java\Tomcat\apache-tomcat-10.1.23\conf\Catalina\localhost\SWP_OCMS.xml]
02-Oct-2024 12:59:35.657 WARNING [http-nio-9998-exec-8] org.apache.catalina.startup.HostConfig.deployDescriptor The path attribute with value [/SWP_OCMS] in deployment descriptor [D:\Programming\Java\Tomcat\apache-tomcat-10.1.23\conf\Catalina\localhost\SWP_OCMS.xml] has been ignored
02-Oct-2024 12:59:37.054 INFO [http-nio-9998-exec-8] org.apache.jasper.servlet.TldScanner.scanJars At least one JAR was scanned for TLDs yet contained no TLDs. Enable debug logging for this logger for a complete list of JARs that were scanned but no TLDs were found in them. Skipping unneeded JARs during scanning can improve startup time and JSP compilation time.
02-Oct-2024 12:59:37.072 INFO [http-nio-9998-exec-8] org.apache.catalina.startup.HostConfig.deployDescriptor Deployment of deployment descriptor [D:\Programming\Java\Tomcat\apache-tomcat-10.1.23\conf\Catalina\localhost\SWP_OCMS.xml] has finished in [1,418] ms
02-Oct-2024 12:59:37.164 INFO [http-nio-9998-exec-6] org.apache.catalina.util.LifecycleBase.start The start() method was called on component [StandardEngine[Catalina].StandardHost[localhost].StandardContext[/SWP_OCMS]] after start() had already been called. The second call will be ignored.
02-Oct-2024 13:10:24.150 INFO [http-nio-9998-exec-19] org.apache.catalina.core.StandardContext.reload Reloading Context with name [/SWP_OCMS] has started
02-Oct-2024 13:10:24.154 WARNING [http-nio-9998-exec-19] org.apache.catalina.loader.WebappClassLoaderBase.clearReferencesJdbc The web application [SWP_OCMS] registered the JDBC driver [com.microsoft.sqlserver.jdbc.SQLServerDriver] but failed to unregister it when the web application was stopped. To prevent a memory leak, the JDBC Driver has been forcibly unregistered.
02-Oct-2024 13:10:24.166 SEVERE [http-nio-9998-exec-19] org.apache.catalina.loader.WebappClassLoaderBase.checkThreadLocalMapForLeaks The web application [SWP_OCMS] created a ThreadLocal with key of type [com.microsoft.sqlserver.jdbc.ActivityCorrelator$1] (value [com.microsoft.sqlserver.jdbc.ActivityCorrelator$1@1239ebb4]) and a value of type [com.microsoft.sqlserver.jdbc.ActivityId] (value [a191e9b2-545c-47ba-bf6d-0a0473aaf818-1]) but failed to remove it when the web application was stopped. Threads are going to be renewed over time to try and avoid a probable memory leak.
02-Oct-2024 13:10:24.168 SEVERE [http-nio-9998-exec-19] org.apache.catalina.loader.WebappClassLoaderBase.checkThreadLocalMapForLeaks The web application [SWP_OCMS] created a ThreadLocal with key of type [com.microsoft.sqlserver.jdbc.ActivityCorrelator$1] (value [com.microsoft.sqlserver.jdbc.ActivityCorrelator$1@1239ebb4]) and a value of type [com.microsoft.sqlserver.jdbc.ActivityId] (value [23b916f2-8f64-4bd1-bb8c-de1a9a6c5b67-0]) but failed to remove it when the web application was stopped. Threads are going to be renewed over time to try and avoid a probable memory leak.
02-Oct-2024 13:10:24.169 SEVERE [http-nio-9998-exec-19] org.apache.catalina.loader.WebappClassLoaderBase.checkThreadLocalMapForLeaks The web application [SWP_OCMS] created a ThreadLocal with key of type [com.microsoft.sqlserver.jdbc.ActivityCorrelator$1] (value [com.microsoft.sqlserver.jdbc.ActivityCorrelator$1@1239ebb4]) and a value of type [com.microsoft.sqlserver.jdbc.ActivityId] (value [89d2d679-abb3-426d-b9c6-09fb1950034f-0]) but failed to remove it when the web application was stopped. Threads are going to be renewed over time to try and avoid a probable memory leak.
02-Oct-2024 13:10:24.169 SEVERE [http-nio-9998-exec-19] org.apache.catalina.loader.WebappClassLoaderBase.checkThreadLocalMapForLeaks The web application [SWP_OCMS] created a ThreadLocal with key of type [com.microsoft.sqlserver.jdbc.ActivityCorrelator$1] (value [com.microsoft.sqlserver.jdbc.ActivityCorrelator$1@1239ebb4]) and a value of type [com.microsoft.sqlserver.jdbc.ActivityId] (value [ea54b6d9-3833-4a85-97dd-9faffd2e2400-0]) but failed to remove it when the web application was stopped. Threads are going to be renewed over time to try and avoid a probable memory leak.
02-Oct-2024 13:10:24.173 SEVERE [http-nio-9998-exec-19] org.apache.catalina.loader.WebappClassLoaderBase.checkThreadLocalMapForLeaks The web application [SWP_OCMS] created a ThreadLocal with key of type [com.microsoft.sqlserver.jdbc.ActivityCorrelator$1] (value [com.microsoft.sqlserver.jdbc.ActivityCorrelator$1@1239ebb4]) and a value of type [com.microsoft.sqlserver.jdbc.ActivityId] (value [94747791-a313-4506-a101-b4e3e3ac9696-0]) but failed to remove it when the web application was stopped. Threads are going to be renewed over time to try and avoid a probable memory leak.
02-Oct-2024 13:10:24.173 SEVERE [http-nio-9998-exec-19] org.apache.catalina.loader.WebappClassLoaderBase.checkThreadLocalMapForLeaks The web application [SWP_OCMS] created a ThreadLocal with key of type [com.microsoft.sqlserver.jdbc.ActivityCorrelator$1] (value [com.microsoft.sqlserver.jdbc.ActivityCorrelator$1@1239ebb4]) and a value of type [com.microsoft.sqlserver.jdbc.ActivityId] (value [a75f52b0-3256-4d5f-b40a-aa16fb08b191-0]) but failed to remove it when the web application was stopped. Threads are going to be renewed over time to try and avoid a probable memory leak.
02-Oct-2024 13:10:24.174 SEVERE [http-nio-9998-exec-19] org.apache.catalina.loader.WebappClassLoaderBase.checkThreadLocalMapForLeaks The web application [SWP_OCMS] created a ThreadLocal with key of type [com.microsoft.sqlserver.jdbc.ActivityCorrelator$1] (value [com.microsoft.sqlserver.jdbc.ActivityCorrelator$1@1239ebb4]) and a value of type [com.microsoft.sqlserver.jdbc.ActivityId] (value [9a991b24-5109-42cf-ae13-73049e5f63f2-1]) but failed to remove it when the web application was stopped. Threads are going to be renewed over time to try and avoid a probable memory leak.
02-Oct-2024 13:10:25.551 INFO [http-nio-9998-exec-19] org.apache.jasper.servlet.TldScanner.scanJars At least one JAR was scanned for TLDs yet contained no TLDs. Enable debug logging for this logger for a complete list of JARs that were scanned but no TLDs were found in them. Skipping unneeded JARs during scanning can improve startup time and JSP compilation time.
02-Oct-2024 13:10:25.564 INFO [http-nio-9998-exec-19] org.apache.catalina.core.StandardContext.reload Reloading Context with name [/SWP_OCMS] is completed
02-Oct-2024 13:10:33.263 INFO [http-nio-9998-exec-15] org.apache.catalina.core.StandardContext.reload Reloading Context with name [/SWP_OCMS] has started
02-Oct-2024 13:10:34.026 INFO [http-nio-9998-exec-15] org.apache.jasper.servlet.TldScanner.scanJars At least one JAR was scanned for TLDs yet contained no TLDs. Enable debug logging for this logger for a complete list of JARs that were scanned but no TLDs were found in them. Skipping unneeded JARs during scanning can improve startup time and JSP compilation time.
02-Oct-2024 13:10:34.051 INFO [http-nio-9998-exec-15] org.apache.catalina.core.StandardContext.reload Reloading Context with name [/SWP_OCMS] is completed
02-Oct-2024 13:10:36.854 INFO [http-nio-9998-exec-13] org.apache.catalina.core.StandardContext.reload Reloading Context with name [/SWP_OCMS] has started
02-Oct-2024 13:10:38.097 INFO [http-nio-9998-exec-13] org.apache.jasper.servlet.TldScanner.scanJars At least one JAR was scanned for TLDs yet contained no TLDs. Enable debug logging for this logger for a complete list of JARs that were scanned but no TLDs were found in them. Skipping unneeded JARs during scanning can improve startup time and JSP compilation time.
02-Oct-2024 13:10:38.140 INFO [http-nio-9998-exec-13] org.apache.catalina.core.StandardContext.reload Reloading Context with name [/SWP_OCMS] is completed
02-Oct-2024 13:35:58.986 INFO [http-nio-9998-exec-27] org.apache.catalina.core.StandardContext.reload Reloading Context with name [/SWP_OCMS] has started
02-Oct-2024 13:35:58.989 WARNING [http-nio-9998-exec-27] org.apache.catalina.loader.WebappClassLoaderBase.clearReferencesJdbc The web application [SWP_OCMS] registered the JDBC driver [com.microsoft.sqlserver.jdbc.SQLServerDriver] but failed to unregister it when the web application was stopped. To prevent a memory leak, the JDBC Driver has been forcibly unregistered.
02-Oct-2024 13:35:58.991 SEVERE [http-nio-9998-exec-27] org.apache.catalina.loader.WebappClassLoaderBase.checkThreadLocalMapForLeaks The web application [SWP_OCMS] created a ThreadLocal with key of type [com.microsoft.sqlserver.jdbc.ActivityCorrelator$1] (value [com.microsoft.sqlserver.jdbc.ActivityCorrelator$1@7293a0c1]) and a value of type [com.microsoft.sqlserver.jdbc.ActivityId] (value [e31728dd-129c-4e9a-84ea-1bdd68ba3698-4]) but failed to remove it when the web application was stopped. Threads are going to be renewed over time to try and avoid a probable memory leak.
02-Oct-2024 13:35:58.991 SEVERE [http-nio-9998-exec-27] org.apache.catalina.loader.WebappClassLoaderBase.checkThreadLocalMapForLeaks The web application [SWP_OCMS] created a ThreadLocal with key of type [com.microsoft.sqlserver.jdbc.ActivityCorrelator$1] (value [com.microsoft.sqlserver.jdbc.ActivityCorrelator$1@7293a0c1]) and a value of type [com.microsoft.sqlserver.jdbc.ActivityId] (value [a35f06b4-9f0e-4fc1-8f1c-66be3675ef50-0]) but failed to remove it when the web application was stopped. Threads are going to be renewed over time to try and avoid a probable memory leak.
02-Oct-2024 13:35:58.991 SEVERE [http-nio-9998-exec-27] org.apache.catalina.loader.WebappClassLoaderBase.checkThreadLocalMapForLeaks The web application [SWP_OCMS] created a ThreadLocal with key of type [com.microsoft.sqlserver.jdbc.ActivityCorrelator$1] (value [com.microsoft.sqlserver.jdbc.ActivityCorrelator$1@7293a0c1]) and a value of type [com.microsoft.sqlserver.jdbc.ActivityId] (value [419fd7fb-cddc-4c32-a241-ef8bfec0270e-2]) but failed to remove it when the web application was stopped. Threads are going to be renewed over time to try and avoid a probable memory leak.
02-Oct-2024 13:35:58.994 SEVERE [http-nio-9998-exec-27] org.apache.catalina.loader.WebappClassLoaderBase.checkThreadLocalMapForLeaks The web application [SWP_OCMS] created a ThreadLocal with key of type [com.microsoft.sqlserver.jdbc.ActivityCorrelator$1] (value [com.microsoft.sqlserver.jdbc.ActivityCorrelator$1@7293a0c1]) and a value of type [com.microsoft.sqlserver.jdbc.ActivityId] (value [4595d201-fef7-4321-9b19-f77beda20636-4]) but failed to remove it when the web application was stopped. Threads are going to be renewed over time to try and avoid a probable memory leak.
02-Oct-2024 13:35:58.994 SEVERE [http-nio-9998-exec-27] org.apache.catalina.loader.WebappClassLoaderBase.checkThreadLocalMapForLeaks The web application [SWP_OCMS] created a ThreadLocal with key of type [com.microsoft.sqlserver.jdbc.ActivityCorrelator$1] (value [com.microsoft.sqlserver.jdbc.ActivityCorrelator$1@7293a0c1]) and a value of type [com.microsoft.sqlserver.jdbc.ActivityId] (value [9d90832c-447b-43f1-a134-554301f96eb9-2]) but failed to remove it when the web application was stopped. Threads are going to be renewed over time to try and avoid a probable memory leak.
02-Oct-2024 13:35:58.994 SEVERE [http-nio-9998-exec-27] org.apache.catalina.loader.WebappClassLoaderBase.checkThreadLocalMapForLeaks The web application [SWP_OCMS] created a ThreadLocal with key of type [com.microsoft.sqlserver.jdbc.ActivityCorrelator$1] (value [com.microsoft.sqlserver.jdbc.ActivityCorrelator$1@7293a0c1]) and a value of type [com.microsoft.sqlserver.jdbc.ActivityId] (value [02fccc6c-be58-4345-b06e-cf9da350ee9b-0]) but failed to remove it when the web application was stopped. Threads are going to be renewed over time to try and avoid a probable memory leak.
02-Oct-2024 13:35:58.995 SEVERE [http-nio-9998-exec-27] org.apache.catalina.loader.WebappClassLoaderBase.checkThreadLocalMapForLeaks The web application [SWP_OCMS] created a ThreadLocal with key of type [com.microsoft.sqlserver.jdbc.ActivityCorrelator$1] (value [com.microsoft.sqlserver.jdbc.ActivityCorrelator$1@7293a0c1]) and a value of type [com.microsoft.sqlserver.jdbc.ActivityId] (value [446dda34-422c-4c01-9ef2-d4a560fc924d-0]) but failed to remove it when the web application was stopped. Threads are going to be renewed over time to try and avoid a probable memory leak.
02-Oct-2024 13:35:59.257 SEVERE [http-nio-9998-exec-27] org.apache.catalina.loader.WebappClassLoaderBase.checkThreadLocalMapForLeaks The web application [SWP_OCMS] created a ThreadLocal with key of type [com.microsoft.sqlserver.jdbc.ActivityCorrelator$1] (value [com.microsoft.sqlserver.jdbc.ActivityCorrelator$1@7293a0c1]) and a value of type [com.microsoft.sqlserver.jdbc.ActivityId] (value [696ae357-ea7e-46c7-a4b0-9408e90156e3-1]) but failed to remove it when the web application was stopped. Threads are going to be renewed over time to try and avoid a probable memory leak.
02-Oct-2024 13:35:59.257 SEVERE [http-nio-9998-exec-27] org.apache.catalina.loader.WebappClassLoaderBase.checkThreadLocalMapForLeaks The web application [SWP_OCMS] created a ThreadLocal with key of type [com.microsoft.sqlserver.jdbc.ActivityCorrelator$1] (value [com.microsoft.sqlserver.jdbc.ActivityCorrelator$1@7293a0c1]) and a value of type [com.microsoft.sqlserver.jdbc.ActivityId] (value [4774bc59-43db-43b6-bdec-948500502ae5-4]) but failed to remove it when the web application was stopped. Threads are going to be renewed over time to try and avoid a probable memory leak.
02-Oct-2024 13:36:01.131 INFO [http-nio-9998-exec-27] org.apache.jasper.servlet.TldScanner.scanJars At least one JAR was scanned for TLDs yet contained no TLDs. Enable debug logging for this logger for a complete list of JARs that were scanned but no TLDs were found in them. Skipping unneeded JARs during scanning can improve startup time and JSP compilation time.
02-Oct-2024 13:36:01.158 INFO [http-nio-9998-exec-27] org.apache.catalina.core.StandardContext.reload Reloading Context with name [/SWP_OCMS] is completed
02-Oct-2024 13:47:50.427 INFO [http-nio-9998-exec-35] org.apache.catalina.core.StandardContext.reload Reloading Context with name [/SWP_OCMS] has started
02-Oct-2024 13:47:50.431 WARNING [http-nio-9998-exec-35] org.apache.catalina.loader.WebappClassLoaderBase.clearReferencesJdbc The web application [SWP_OCMS] registered the JDBC driver [com.microsoft.sqlserver.jdbc.SQLServerDriver] but failed to unregister it when the web application was stopped. To prevent a memory leak, the JDBC Driver has been forcibly unregistered.
02-Oct-2024 13:47:50.432 SEVERE [http-nio-9998-exec-35] org.apache.catalina.loader.WebappClassLoaderBase.checkThreadLocalMapForLeaks The web application [SWP_OCMS] created a ThreadLocal with key of type [com.microsoft.sqlserver.jdbc.ActivityCorrelator$1] (value [com.microsoft.sqlserver.jdbc.ActivityCorrelator$1@66fe7f81]) and a value of type [com.microsoft.sqlserver.jdbc.ActivityId] (value [bf7d76c6-992b-486b-82be-ee2af0ad3b67-1]) but failed to remove it when the web application was stopped. Threads are going to be renewed over time to try and avoid a probable memory leak.
02-Oct-2024 13:47:50.432 SEVERE [http-nio-9998-exec-35] org.apache.catalina.loader.WebappClassLoaderBase.checkThreadLocalMapForLeaks The web application [SWP_OCMS] created a ThreadLocal with key of type [com.microsoft.sqlserver.jdbc.ActivityCorrelator$1] (value [com.microsoft.sqlserver.jdbc.ActivityCorrelator$1@66fe7f81]) and a value of type [com.microsoft.sqlserver.jdbc.ActivityId] (value [595fd35c-db2e-4a6b-9a91-d188bdd77ac2-1]) but failed to remove it when the web application was stopped. Threads are going to be renewed over time to try and avoid a probable memory leak.
02-Oct-2024 13:47:50.433 SEVERE [http-nio-9998-exec-35] org.apache.catalina.loader.WebappClassLoaderBase.checkThreadLocalMapForLeaks The web application [SWP_OCMS] created a ThreadLocal with key of type [com.microsoft.sqlserver.jdbc.ActivityCorrelator$1] (value [com.microsoft.sqlserver.jdbc.ActivityCorrelator$1@66fe7f81]) and a value of type [com.microsoft.sqlserver.jdbc.ActivityId] (value [fb40411f-7948-490b-bf7f-b715ae001d4b-1]) but failed to remove it when the web application was stopped. Threads are going to be renewed over time to try and avoid a probable memory leak.
02-Oct-2024 13:47:50.433 SEVERE [http-nio-9998-exec-35] org.apache.catalina.loader.WebappClassLoaderBase.checkThreadLocalMapForLeaks The web application [SWP_OCMS] created a ThreadLocal with key of type [com.microsoft.sqlserver.jdbc.ActivityCorrelator$1] (value [com.microsoft.sqlserver.jdbc.ActivityCorrelator$1@66fe7f81]) and a value of type [com.microsoft.sqlserver.jdbc.ActivityId] (value [691b93c5-5d2f-4373-a41a-ae6f5cdfc286-1]) but failed to remove it when the web application was stopped. Threads are going to be renewed over time to try and avoid a probable memory leak.
02-Oct-2024 13:47:50.433 SEVERE [http-nio-9998-exec-35] org.apache.catalina.loader.WebappClassLoaderBase.checkThreadLocalMapForLeaks The web application [SWP_OCMS] created a ThreadLocal with key of type [com.microsoft.sqlserver.jdbc.ActivityCorrelator$1] (value [com.microsoft.sqlserver.jdbc.ActivityCorrelator$1@66fe7f81]) and a value of type [com.microsoft.sqlserver.jdbc.ActivityId] (value [d11d93a8-1fee-4f1c-9a8f-0a44d32ddc0b-1]) but failed to remove it when the web application was stopped. Threads are going to be renewed over time to try and avoid a probable memory leak.
02-Oct-2024 13:47:50.433 SEVERE [http-nio-9998-exec-35] org.apache.catalina.loader.WebappClassLoaderBase.checkThreadLocalMapForLeaks The web application [SWP_OCMS] created a ThreadLocal with key of type [com.microsoft.sqlserver.jdbc.ActivityCorrelator$1] (value [com.microsoft.sqlserver.jdbc.ActivityCorrelator$1@66fe7f81]) and a value of type [com.microsoft.sqlserver.jdbc.ActivityId] (value [8cc799d0-b673-4ba1-9656-a47e06549377-1]) but failed to remove it when the web application was stopped. Threads are going to be renewed over time to try and avoid a probable memory leak.
02-Oct-2024 13:47:50.434 SEVERE [http-nio-9998-exec-35] org.apache.catalina.loader.WebappClassLoaderBase.checkThreadLocalMapForLeaks The web application [SWP_OCMS] created a ThreadLocal with key of type [com.microsoft.sqlserver.jdbc.ActivityCorrelator$1] (value [com.microsoft.sqlserver.jdbc.ActivityCorrelator$1@66fe7f81]) and a value of type [com.microsoft.sqlserver.jdbc.ActivityId] (value [abff4eab-ba9b-4f79-a882-eebac071d696-1]) but failed to remove it when the web application was stopped. Threads are going to be renewed over time to try and avoid a probable memory leak.
02-Oct-2024 13:47:50.619 SEVERE [http-nio-9998-exec-35] org.apache.catalina.loader.WebappClassLoaderBase.checkThreadLocalMapForLeaks The web application [SWP_OCMS] created a ThreadLocal with key of type [com.microsoft.sqlserver.jdbc.ActivityCorrelator$1] (value [com.microsoft.sqlserver.jdbc.ActivityCorrelator$1@66fe7f81]) and a value of type [com.microsoft.sqlserver.jdbc.ActivityId] (value [4e6813e8-de28-4dfc-a76c-118ca2c9e74d-1]) but failed to remove it when the web application was stopped. Threads are going to be renewed over time to try and avoid a probable memory leak.
02-Oct-2024 13:47:51.196 INFO [http-nio-9998-exec-35] org.apache.jasper.servlet.TldScanner.scanJars At least one JAR was scanned for TLDs yet contained no TLDs. Enable debug logging for this logger for a complete list of JARs that were scanned but no TLDs were found in them. Skipping unneeded JARs during scanning can improve startup time and JSP compilation time.
02-Oct-2024 13:47:51.207 INFO [http-nio-9998-exec-35] org.apache.catalina.core.StandardContext.reload Reloading Context with name [/SWP_OCMS] is completed
02-Oct-2024 13:48:00.727 INFO [http-nio-9998-exec-42] org.apache.catalina.core.StandardContext.reload Reloading Context with name [/SWP_OCMS] has started
02-Oct-2024 13:48:01.580 INFO [http-nio-9998-exec-42] org.apache.jasper.servlet.TldScanner.scanJars At least one JAR was scanned for TLDs yet contained no TLDs. Enable debug logging for this logger for a complete list of JARs that were scanned but no TLDs were found in them. Skipping unneeded JARs during scanning can improve startup time and JSP compilation time.
02-Oct-2024 13:48:01.593 INFO [http-nio-9998-exec-42] org.apache.catalina.core.StandardContext.reload Reloading Context with name [/SWP_OCMS] is completed
02-Oct-2024 13:48:01.927 INFO [http-nio-9998-exec-38] org.apache.catalina.core.StandardContext.reload Reloading Context with name [/SWP_OCMS] has started
02-Oct-2024 13:48:02.922 INFO [http-nio-9998-exec-38] org.apache.jasper.servlet.TldScanner.scanJars At least one JAR was scanned for TLDs yet contained no TLDs. Enable debug logging for this logger for a complete list of JARs that were scanned but no TLDs were found in them. Skipping unneeded JARs during scanning can improve startup time and JSP compilation time.
02-Oct-2024 13:48:02.935 INFO [http-nio-9998-exec-38] org.apache.catalina.core.StandardContext.reload Reloading Context with name [/SWP_OCMS] is completed
02-Oct-2024 13:48:49.616 INFO [http-nio-9998-exec-39] org.apache.catalina.core.StandardContext.reload Reloading Context with name [/SWP_OCMS] has started
02-Oct-2024 13:48:50.391 INFO [http-nio-9998-exec-39] org.apache.jasper.servlet.TldScanner.scanJars At least one JAR was scanned for TLDs yet contained no TLDs. Enable debug logging for this logger for a complete list of JARs that were scanned but no TLDs were found in them. Skipping unneeded JARs during scanning can improve startup time and JSP compilation time.
02-Oct-2024 13:48:50.404 INFO [http-nio-9998-exec-39] org.apache.catalina.core.StandardContext.reload Reloading Context with name [/SWP_OCMS] is completed
02-Oct-2024 13:49:33.896 INFO [http-nio-9998-exec-46] org.apache.catalina.core.StandardContext.reload Reloading Context with name [/SWP_OCMS] has started
02-Oct-2024 13:49:34.608 INFO [http-nio-9998-exec-46] org.apache.jasper.servlet.TldScanner.scanJars At least one JAR was scanned for TLDs yet contained no TLDs. Enable debug logging for this logger for a complete list of JARs that were scanned but no TLDs were found in them. Skipping unneeded JARs during scanning can improve startup time and JSP compilation time.
02-Oct-2024 13:49:34.619 INFO [http-nio-9998-exec-46] org.apache.catalina.core.StandardContext.reload Reloading Context with name [/SWP_OCMS] is completed
02-Oct-2024 13:51:05.109 INFO [http-nio-9998-exec-47] org.apache.catalina.core.StandardContext.reload Reloading Context with name [/SWP_OCMS] has started
02-Oct-2024 13:51:05.637 INFO [http-nio-9998-exec-47] org.apache.jasper.servlet.TldScanner.scanJars At least one JAR was scanned for TLDs yet contained no TLDs. Enable debug logging for this logger for a complete list of JARs that were scanned but no TLDs were found in them. Skipping unneeded JARs during scanning can improve startup time and JSP compilation time.
02-Oct-2024 13:51:05.649 INFO [http-nio-9998-exec-47] org.apache.catalina.core.StandardContext.reload Reloading Context with name [/SWP_OCMS] is completed
02-Oct-2024 13:58:01.019 INFO [http-nio-9998-exec-58] org.apache.catalina.core.StandardContext.reload Reloading Context with name [/SWP_OCMS] has started
02-Oct-2024 13:58:01.022 WARNING [http-nio-9998-exec-58] org.apache.catalina.loader.WebappClassLoaderBase.clearReferencesJdbc The web application [SWP_OCMS] registered the JDBC driver [com.microsoft.sqlserver.jdbc.SQLServerDriver] but failed to unregister it when the web application was stopped. To prevent a memory leak, the JDBC Driver has been forcibly unregistered.
02-Oct-2024 13:58:01.023 SEVERE [http-nio-9998-exec-58] org.apache.catalina.loader.WebappClassLoaderBase.checkThreadLocalMapForLeaks The web application [SWP_OCMS] created a ThreadLocal with key of type [com.microsoft.sqlserver.jdbc.ActivityCorrelator$1] (value [com.microsoft.sqlserver.jdbc.ActivityCorrelator$1@7a2bc797]) and a value of type [com.microsoft.sqlserver.jdbc.ActivityId] (value [8a0ef182-9b01-48e5-b216-2d5a14467aa0-0]) but failed to remove it when the web application was stopped. Threads are going to be renewed over time to try and avoid a probable memory leak.
02-Oct-2024 13:58:01.893 INFO [http-nio-9998-exec-58] org.apache.jasper.servlet.TldScanner.scanJars At least one JAR was scanned for TLDs yet contained no TLDs. Enable debug logging for this logger for a complete list of JARs that were scanned but no TLDs were found in them. Skipping unneeded JARs during scanning can improve startup time and JSP compilation time.
02-Oct-2024 13:58:01.904 INFO [http-nio-9998-exec-58] org.apache.catalina.core.StandardContext.reload Reloading Context with name [/SWP_OCMS] is completed
02-Oct-2024 14:09:45.387 INFO [http-nio-9998-exec-65] org.apache.catalina.core.StandardContext.reload Reloading Context with name [/SWP_OCMS] has started
02-Oct-2024 14:09:45.389 WARNING [http-nio-9998-exec-65] org.apache.catalina.loader.WebappClassLoaderBase.clearReferencesJdbc The web application [SWP_OCMS] registered the JDBC driver [com.microsoft.sqlserver.jdbc.SQLServerDriver] but failed to unregister it when the web application was stopped. To prevent a memory leak, the JDBC Driver has been forcibly unregistered.
02-Oct-2024 14:09:46.381 INFO [http-nio-9998-exec-65] org.apache.jasper.servlet.TldScanner.scanJars At least one JAR was scanned for TLDs yet contained no TLDs. Enable debug logging for this logger for a complete list of JARs that were scanned but no TLDs were found in them. Skipping unneeded JARs during scanning can improve startup time and JSP compilation time.
02-Oct-2024 14:09:46.419 INFO [http-nio-9998-exec-65] org.apache.catalina.core.StandardContext.reload Reloading Context with name [/SWP_OCMS] is completed
02-Oct-2024 14:10:35.653 INFO [http-nio-9998-exec-70] org.apache.catalina.core.StandardContext.reload Reloading Context with name [/SWP_OCMS] has started
02-Oct-2024 14:10:36.563 INFO [http-nio-9998-exec-70] org.apache.jasper.servlet.TldScanner.scanJars At least one JAR was scanned for TLDs yet contained no TLDs. Enable debug logging for this logger for a complete list of JARs that were scanned but no TLDs were found in them. Skipping unneeded JARs during scanning can improve startup time and JSP compilation time.
02-Oct-2024 14:10:36.573 INFO [http-nio-9998-exec-70] org.apache.catalina.core.StandardContext.reload Reloading Context with name [/SWP_OCMS] is completed
02-Oct-2024 14:11:02.829 INFO [http-nio-9998-exec-73] org.apache.catalina.core.StandardContext.reload Reloading Context with name [/SWP_OCMS] has started
02-Oct-2024 14:11:03.480 INFO [http-nio-9998-exec-73] org.apache.jasper.servlet.TldScanner.scanJars At least one JAR was scanned for TLDs yet contained no TLDs. Enable debug logging for this logger for a complete list of JARs that were scanned but no TLDs were found in them. Skipping unneeded JARs during scanning can improve startup time and JSP compilation time.
02-Oct-2024 14:11:03.522 INFO [http-nio-9998-exec-73] org.apache.catalina.core.StandardContext.reload Reloading Context with name [/SWP_OCMS] is completed
02-Oct-2024 14:11:10.027 INFO [http-nio-9998-exec-74] org.apache.catalina.core.StandardContext.reload Reloading Context with name [/SWP_OCMS] has started
02-Oct-2024 14:11:10.729 INFO [http-nio-9998-exec-74] org.apache.jasper.servlet.TldScanner.scanJars At least one JAR was scanned for TLDs yet contained no TLDs. Enable debug logging for this logger for a complete list of JARs that were scanned but no TLDs were found in them. Skipping unneeded JARs during scanning can improve startup time and JSP compilation time.
02-Oct-2024 14:11:10.737 INFO [http-nio-9998-exec-74] org.apache.catalina.core.StandardContext.reload Reloading Context with name [/SWP_OCMS] is completed
02-Oct-2024 14:11:20.767 INFO [http-nio-9998-exec-70] org.apache.catalina.core.StandardContext.reload Reloading Context with name [/SWP_OCMS] has started
02-Oct-2024 14:11:21.477 INFO [http-nio-9998-exec-70] org.apache.jasper.servlet.TldScanner.scanJars At least one JAR was scanned for TLDs yet contained no TLDs. Enable debug logging for this logger for a complete list of JARs that were scanned but no TLDs were found in them. Skipping unneeded JARs during scanning can improve startup time and JSP compilation time.
02-Oct-2024 14:11:21.508 INFO [http-nio-9998-exec-70] org.apache.catalina.core.StandardContext.reload Reloading Context with name [/SWP_OCMS] is completed
02-Oct-2024 14:25:36.526 INFO [http-nio-9998-exec-82] org.apache.catalina.core.StandardContext.reload Reloading Context with name [/SWP_OCMS] has started
02-Oct-2024 14:25:36.530 WARNING [http-nio-9998-exec-82] org.apache.catalina.loader.WebappClassLoaderBase.clearReferencesJdbc The web application [SWP_OCMS] registered the JDBC driver [com.microsoft.sqlserver.jdbc.SQLServerDriver] but failed to unregister it when the web application was stopped. To prevent a memory leak, the JDBC Driver has been forcibly unregistered.
02-Oct-2024 14:25:36.530 SEVERE [http-nio-9998-exec-82] org.apache.catalina.loader.WebappClassLoaderBase.checkThreadLocalMapForLeaks The web application [SWP_OCMS] created a ThreadLocal with key of type [com.microsoft.sqlserver.jdbc.ActivityCorrelator$1] (value [com.microsoft.sqlserver.jdbc.ActivityCorrelator$1@43e984f4]) and a value of type [com.microsoft.sqlserver.jdbc.ActivityId] (value [812108af-7e55-40c9-845e-1ad9c8e5e60f-0]) but failed to remove it when the web application was stopped. Threads are going to be renewed over time to try and avoid a probable memory leak.
02-Oct-2024 14:25:37.806 INFO [http-nio-9998-exec-82] org.apache.jasper.servlet.TldScanner.scanJars At least one JAR was scanned for TLDs yet contained no TLDs. Enable debug logging for this logger for a complete list of JARs that were scanned but no TLDs were found in them. Skipping unneeded JARs during scanning can improve startup time and JSP compilation time.
02-Oct-2024 14:25:37.825 INFO [http-nio-9998-exec-82] org.apache.catalina.core.StandardContext.reload Reloading Context with name [/SWP_OCMS] is completed
02-Oct-2024 14:54:36.927 INFO [http-nio-9998-exec-89] org.apache.catalina.startup.HostConfig.undeploy Undeploying context [/Assignment]
02-Oct-2024 14:54:37.189 INFO [http-nio-9998-exec-91] org.apache.catalina.startup.HostConfig.deployDescriptor Deploying deployment descriptor [D:\Programming\Java\Tomcat\apache-tomcat-10.1.23\conf\Catalina\localhost\Assignment.xml]
02-Oct-2024 14:54:37.246 WARNING [http-nio-9998-exec-91] org.apache.catalina.startup.HostConfig.deployDescriptor The path attribute with value [/Assignment] in deployment descriptor [D:\Programming\Java\Tomcat\apache-tomcat-10.1.23\conf\Catalina\localhost\Assignment.xml] has been ignored
02-Oct-2024 14:54:38.784 INFO [http-nio-9998-exec-91] org.apache.jasper.servlet.TldScanner.scanJars At least one JAR was scanned for TLDs yet contained no TLDs. Enable debug logging for this logger for a complete list of JARs that were scanned but no TLDs were found in them. Skipping unneeded JARs during scanning can improve startup time and JSP compilation time.
02-Oct-2024 14:54:38.834 INFO [http-nio-9998-exec-91] org.apache.catalina.startup.HostConfig.deployDescriptor Deployment of deployment descriptor [D:\Programming\Java\Tomcat\apache-tomcat-10.1.23\conf\Catalina\localhost\Assignment.xml] has finished in [1,624] ms
02-Oct-2024 14:54:38.840 INFO [http-nio-9998-exec-90] org.apache.catalina.util.LifecycleBase.start The start() method was called on component [StandardEngine[Catalina].StandardHost[localhost].StandardContext[/Assignment]] after start() had already been called. The second call will be ignored.
