13-Jul-2024 09:27:43.688 INFO [main] org.apache.catalina.core.ApplicationContext.log MyFilter:Initializing filter
13-Jul-2024 09:27:43.773 INFO [main] org.apache.catalina.core.ApplicationContext.log MyFilter:Initializing filter
13-Jul-2024 09:27:50.197 INFO [main] org.apache.catalina.core.ApplicationContext.log ContextListener: contextInitialized()
13-Jul-2024 09:27:50.198 INFO [main] org.apache.catalina.core.ApplicationContext.log SessionListener: contextInitialized()
13-Jul-2024 09:27:50.200 INFO [main] org.apache.catalina.core.ApplicationContext.log ContextListener: attributeAdded('StockTicker', 'async.Stockticker@5bd585a5')
13-Jul-2024 10:31:43.464 INFO [main] org.apache.catalina.core.ApplicationContext.log SessionListener: contextDestroyed()
13-Jul-2024 10:31:43.465 INFO [main] org.apache.catalina.core.ApplicationContext.log ContextListener: contextDestroyed()
13-Jul-2024 10:52:58.036 INFO [main] org.apache.catalina.core.ApplicationContext.log MyFilter:Initializing filter
13-Jul-2024 10:52:58.117 INFO [main] org.apache.catalina.core.ApplicationContext.log MyFilter:Initializing filter
13-Jul-2024 10:53:02.062 INFO [main] org.apache.catalina.core.ApplicationContext.log ContextListener: contextInitialized()
13-Jul-2024 10:53:02.062 INFO [main] org.apache.catalina.core.ApplicationContext.log SessionListener: contextInitialized()
13-Jul-2024 10:53:02.064 INFO [main] org.apache.catalina.core.ApplicationContext.log ContextListener: attributeAdded('StockTicker', 'async.Stockticker@3d0c88f4')
13-Jul-2024 11:20:20.685 SEVERE [http-nio-8080-exec-78] org.apache.catalina.core.StandardWrapperValve.invoke Servlet.service() for servlet [SumServlet] in context with path [/Q1_HE172481] threw exception
	java.lang.RuntimeException: Uncompilable code - variable valid might not have been initialized
		at controller.SumServlet.doPost(SumServlet.java:1)
		at jakarta.servlet.http.HttpServlet.service(HttpServlet.java:590)
		at jakarta.servlet.http.HttpServlet.service(HttpServlet.java:658)
		at org.apache.catalina.core.ApplicationFilterChain.internalDoFilter(ApplicationFilterChain.java:196)
		at org.apache.catalina.core.ApplicationFilterChain.doFilter(ApplicationFilterChain.java:140)
		at org.apache.tomcat.websocket.server.WsFilter.doFilter(WsFilter.java:51)
		at org.apache.catalina.core.ApplicationFilterChain.internalDoFilter(ApplicationFilterChain.java:165)
		at org.apache.catalina.core.ApplicationFilterChain.doFilter(ApplicationFilterChain.java:140)
		at org.apache.catalina.core.StandardWrapperValve.invoke(StandardWrapperValve.java:167)
		at org.apache.catalina.core.StandardContextValve.invoke(StandardContextValve.java:90)
		at org.apache.catalina.authenticator.AuthenticatorBase.invoke(AuthenticatorBase.java:482)
		at org.apache.catalina.core.StandardHostValve.invoke(StandardHostValve.java:115)
		at org.apache.catalina.valves.ErrorReportValve.invoke(ErrorReportValve.java:93)
		at org.apache.catalina.valves.AbstractAccessLogValve.invoke(AbstractAccessLogValve.java:673)
		at org.apache.catalina.core.StandardEngineValve.invoke(StandardEngineValve.java:74)
		at org.apache.catalina.connector.CoyoteAdapter.service(CoyoteAdapter.java:344)
		at org.apache.coyote.http11.Http11Processor.service(Http11Processor.java:391)
		at org.apache.coyote.AbstractProcessorLight.process(AbstractProcessorLight.java:63)
		at org.apache.coyote.AbstractProtocol$ConnectionHandler.process(AbstractProtocol.java:896)
		at org.apache.tomcat.util.net.NioEndpoint$SocketProcessor.doRun(NioEndpoint.java:1736)
		at org.apache.tomcat.util.net.SocketProcessorBase.run(SocketProcessorBase.java:52)
		at org.apache.tomcat.util.threads.ThreadPoolExecutor.runWorker(ThreadPoolExecutor.java:1191)
		at org.apache.tomcat.util.threads.ThreadPoolExecutor$Worker.run(ThreadPoolExecutor.java:659)
		at org.apache.tomcat.util.threads.TaskThread$WrappingRunnable.run(TaskThread.java:63)
		at java.base/java.lang.Thread.run(Thread.java:842)
13-Jul-2024 11:44:30.795 SEVERE [http-nio-8080-exec-161] org.apache.catalina.core.StandardWrapperValve.invoke Servlet.service() for servlet [SumServlet] in context with path [/Q2_HE172481] threw exception
	java.lang.NullPointerException: Cannot invoke "String.trim()" because the return value of "jakarta.servlet.http.HttpServletRequest.getParameter(String)" is null
		at controller.SumServlet.doPost(SumServlet.java:77)
		at jakarta.servlet.http.HttpServlet.service(HttpServlet.java:590)
		at jakarta.servlet.http.HttpServlet.service(HttpServlet.java:658)
		at org.apache.catalina.core.ApplicationFilterChain.internalDoFilter(ApplicationFilterChain.java:196)
		at org.apache.catalina.core.ApplicationFilterChain.doFilter(ApplicationFilterChain.java:140)
		at org.apache.tomcat.websocket.server.WsFilter.doFilter(WsFilter.java:51)
		at org.apache.catalina.core.ApplicationFilterChain.internalDoFilter(ApplicationFilterChain.java:165)
		at org.apache.catalina.core.ApplicationFilterChain.doFilter(ApplicationFilterChain.java:140)
		at org.apache.catalina.core.StandardWrapperValve.invoke(StandardWrapperValve.java:167)
		at org.apache.catalina.core.StandardContextValve.invoke(StandardContextValve.java:90)
		at org.apache.catalina.authenticator.AuthenticatorBase.invoke(AuthenticatorBase.java:482)
		at org.apache.catalina.core.StandardHostValve.invoke(StandardHostValve.java:115)
		at org.apache.catalina.valves.ErrorReportValve.invoke(ErrorReportValve.java:93)
		at org.apache.catalina.valves.AbstractAccessLogValve.invoke(AbstractAccessLogValve.java:673)
		at org.apache.catalina.core.StandardEngineValve.invoke(StandardEngineValve.java:74)
		at org.apache.catalina.connector.CoyoteAdapter.service(CoyoteAdapter.java:344)
		at org.apache.coyote.http11.Http11Processor.service(Http11Processor.java:391)
		at org.apache.coyote.AbstractProcessorLight.process(AbstractProcessorLight.java:63)
		at org.apache.coyote.AbstractProtocol$ConnectionHandler.process(AbstractProtocol.java:896)
		at org.apache.tomcat.util.net.NioEndpoint$SocketProcessor.doRun(NioEndpoint.java:1736)
		at org.apache.tomcat.util.net.SocketProcessorBase.run(SocketProcessorBase.java:52)
		at org.apache.tomcat.util.threads.ThreadPoolExecutor.runWorker(ThreadPoolExecutor.java:1191)
		at org.apache.tomcat.util.threads.ThreadPoolExecutor$Worker.run(ThreadPoolExecutor.java:659)
		at org.apache.tomcat.util.threads.TaskThread$WrappingRunnable.run(TaskThread.java:63)
		at java.base/java.lang.Thread.run(Thread.java:842)
13-Jul-2024 11:54:42.195 SEVERE [http-nio-8080-exec-198] org.apache.catalina.core.StandardWrapperValve.invoke Servlet.service() for servlet [jsp] in context with path [/Q2_HE172481] threw exception [An exception occurred processing [/MyExecution.jsp] at line [59]

56:             </tr>
57:             <c:forEach items="list" var="e">
58:                 <tr>
59:                     <td>${e.array}</td>
60:                     <td>${e.option}</td>
61:                     <td>${e.result}</td>
62:                 </tr>


Stacktrace:] with root cause
	jakarta.el.PropertyNotFoundException: Property [array] not found on type [java.lang.String]
		at jakarta.el.BeanELResolver$BeanProperties.get(BeanELResolver.java:261)
		at jakarta.el.BeanELResolver.property(BeanELResolver.java:330)
		at jakarta.el.BeanELResolver.getValue(BeanELResolver.java:99)
		at org.apache.jasper.el.JasperELResolver.getValue(JasperELResolver.java:130)
		at org.apache.el.parser.AstValue.getValue(AstValue.java:169)
		at org.apache.el.ValueExpressionImpl.getValue(ValueExpressionImpl.java:190)
		at org.apache.jasper.runtime.PageContextImpl.proprietaryEvaluate(PageContextImpl.java:701)
		at org.apache.jsp.MyExecution_jsp._jspx_meth_c_005fforEach_005f0(MyExecution_jsp.java:239)
		at org.apache.jsp.MyExecution_jsp._jspService(MyExecution_jsp.java:192)
		at org.apache.jasper.runtime.HttpJspBase.service(HttpJspBase.java:70)
		at jakarta.servlet.http.HttpServlet.service(HttpServlet.java:658)
		at org.apache.jasper.servlet.JspServletWrapper.service(JspServletWrapper.java:456)
		at org.apache.jasper.servlet.JspServlet.serviceJspFile(JspServlet.java:380)
		at org.apache.jasper.servlet.JspServlet.service(JspServlet.java:328)
		at jakarta.servlet.http.HttpServlet.service(HttpServlet.java:658)
		at org.apache.catalina.core.ApplicationFilterChain.internalDoFilter(ApplicationFilterChain.java:196)
		at org.apache.catalina.core.ApplicationFilterChain.doFilter(ApplicationFilterChain.java:140)
		at org.apache.tomcat.websocket.server.WsFilter.doFilter(WsFilter.java:51)
		at org.apache.catalina.core.ApplicationFilterChain.internalDoFilter(ApplicationFilterChain.java:165)
		at org.apache.catalina.core.ApplicationFilterChain.doFilter(ApplicationFilterChain.java:140)
		at org.apache.catalina.core.StandardWrapperValve.invoke(StandardWrapperValve.java:167)
		at org.apache.catalina.core.StandardContextValve.invoke(StandardContextValve.java:90)
		at org.apache.catalina.authenticator.AuthenticatorBase.invoke(AuthenticatorBase.java:482)
		at org.apache.catalina.core.StandardHostValve.invoke(StandardHostValve.java:115)
		at org.apache.catalina.valves.ErrorReportValve.invoke(ErrorReportValve.java:93)
		at org.apache.catalina.valves.AbstractAccessLogValve.invoke(AbstractAccessLogValve.java:673)
		at org.apache.catalina.core.StandardEngineValve.invoke(StandardEngineValve.java:74)
		at org.apache.catalina.connector.CoyoteAdapter.service(CoyoteAdapter.java:344)
		at org.apache.coyote.http11.Http11Processor.service(Http11Processor.java:391)
		at org.apache.coyote.AbstractProcessorLight.process(AbstractProcessorLight.java:63)
		at org.apache.coyote.AbstractProtocol$ConnectionHandler.process(AbstractProtocol.java:896)
		at org.apache.tomcat.util.net.NioEndpoint$SocketProcessor.doRun(NioEndpoint.java:1736)
		at org.apache.tomcat.util.net.SocketProcessorBase.run(SocketProcessorBase.java:52)
		at org.apache.tomcat.util.threads.ThreadPoolExecutor.runWorker(ThreadPoolExecutor.java:1191)
		at org.apache.tomcat.util.threads.ThreadPoolExecutor$Worker.run(ThreadPoolExecutor.java:659)
		at org.apache.tomcat.util.threads.TaskThread$WrappingRunnable.run(TaskThread.java:63)
		at java.base/java.lang.Thread.run(Thread.java:842)
13-Jul-2024 12:06:35.553 INFO [main] org.apache.catalina.core.ApplicationContext.log SessionListener: contextDestroyed()
13-Jul-2024 12:06:35.553 INFO [main] org.apache.catalina.core.ApplicationContext.log ContextListener: contextDestroyed()
