02-Oct-2024 12:59:34.147 INFO [http-nio-9998-exec-10] org.apache.catalina.core.ApplicationContext.log Manager: init: Associated with Deployer 'Catalina:type=Deployer,host=localhost'
02-Oct-2024 12:59:34.147 INFO [http-nio-9998-exec-10] org.apache.catalina.core.ApplicationContext.log Manager: init: Global resources are available
02-Oct-2024 12:59:34.492 INFO [http-nio-9998-exec-7] org.apache.catalina.core.ApplicationContext.log Manager: list: Listing contexts for virtual host 'localhost'
02-Oct-2024 12:59:34.506 INFO [http-nio-9998-exec-4] org.apache.catalina.core.ApplicationContext.log Manager: list: Listing contexts for virtual host 'localhost'
02-Oct-2024 12:59:35.034 INFO [http-nio-9998-exec-3] org.apache.catalina.core.ApplicationContext.log Manager: undeploy: Undeploying web application at '/SWP_OCMS'
02-Oct-2024 12:59:35.631 INFO [http-nio-9998-exec-8] org.apache.catalina.core.ApplicationContext.log Manager: install: Installing context configuration at 'file:/C:/Users/MANHPT~1/AppData/Local/Temp/context13130588614096886798.xml'
02-Oct-2024 12:59:37.164 INFO [http-nio-9998-exec-6] org.apache.catalina.core.ApplicationContext.log Manager: start: Starting web application '/SWP_OCMS'
02-Oct-2024 13:01:32.111 INFO [http-nio-9998-exec-15] org.apache.catalina.core.ApplicationContext.log Manager: list: Listing contexts for virtual host 'localhost'
02-Oct-2024 13:01:45.238 INFO [http-nio-9998-exec-17] org.apache.catalina.core.ApplicationContext.log Manager: list: Listing contexts for virtual host 'localhost'
02-Oct-2024 13:10:24.140 INFO [http-nio-9998-exec-19] org.apache.catalina.core.ApplicationContext.log Manager: list: Listing contexts for virtual host 'localhost'
02-Oct-2024 13:10:24.150 INFO [http-nio-9998-exec-19] org.apache.catalina.core.ApplicationContext.log Manager: restart: Reloading web application '/SWP_OCMS'
02-Oct-2024 13:10:33.258 INFO [http-nio-9998-exec-17] org.apache.catalina.core.ApplicationContext.log Manager: list: Listing contexts for virtual host 'localhost'
02-Oct-2024 13:10:33.263 INFO [http-nio-9998-exec-15] org.apache.catalina.core.ApplicationContext.log Manager: restart: Reloading web application '/SWP_OCMS'
02-Oct-2024 13:10:36.847 INFO [http-nio-9998-exec-22] org.apache.catalina.core.ApplicationContext.log Manager: list: Listing contexts for virtual host 'localhost'
02-Oct-2024 13:10:36.854 INFO [http-nio-9998-exec-13] org.apache.catalina.core.ApplicationContext.log Manager: restart: Reloading web application '/SWP_OCMS'
02-Oct-2024 13:35:58.974 INFO [http-nio-9998-exec-26] org.apache.catalina.core.ApplicationContext.log Manager: list: Listing contexts for virtual host 'localhost'
02-Oct-2024 13:35:58.986 INFO [http-nio-9998-exec-27] org.apache.catalina.core.ApplicationContext.log Manager: restart: Reloading web application '/SWP_OCMS'
02-Oct-2024 13:47:50.418 INFO [http-nio-9998-exec-36] org.apache.catalina.core.ApplicationContext.log Manager: list: Listing contexts for virtual host 'localhost'
02-Oct-2024 13:47:50.427 INFO [http-nio-9998-exec-35] org.apache.catalina.core.ApplicationContext.log Manager: restart: Reloading web application '/SWP_OCMS'
02-Oct-2024 13:48:00.721 INFO [http-nio-9998-exec-38] org.apache.catalina.core.ApplicationContext.log Manager: list: Listing contexts for virtual host 'localhost'
02-Oct-2024 13:48:00.727 INFO [http-nio-9998-exec-42] org.apache.catalina.core.ApplicationContext.log Manager: restart: Reloading web application '/SWP_OCMS'
02-Oct-2024 13:48:01.918 INFO [http-nio-9998-exec-36] org.apache.catalina.core.ApplicationContext.log Manager: list: Listing contexts for virtual host 'localhost'
02-Oct-2024 13:48:01.927 INFO [http-nio-9998-exec-38] org.apache.catalina.core.ApplicationContext.log Manager: restart: Reloading web application '/SWP_OCMS'
02-Oct-2024 13:48:49.605 INFO [http-nio-9998-exec-39] org.apache.catalina.core.ApplicationContext.log Manager: list: Listing contexts for virtual host 'localhost'
02-Oct-2024 13:48:49.615 INFO [http-nio-9998-exec-39] org.apache.catalina.core.ApplicationContext.log Manager: restart: Reloading web application '/SWP_OCMS'
02-Oct-2024 13:49:33.871 INFO [http-nio-9998-exec-45] org.apache.catalina.core.ApplicationContext.log Manager: list: Listing contexts for virtual host 'localhost'
02-Oct-2024 13:49:33.896 INFO [http-nio-9998-exec-46] org.apache.catalina.core.ApplicationContext.log Manager: restart: Reloading web application '/SWP_OCMS'
02-Oct-2024 13:51:05.105 INFO [http-nio-9998-exec-39] org.apache.catalina.core.ApplicationContext.log Manager: list: Listing contexts for virtual host 'localhost'
02-Oct-2024 13:51:05.109 INFO [http-nio-9998-exec-47] org.apache.catalina.core.ApplicationContext.log Manager: restart: Reloading web application '/SWP_OCMS'
02-Oct-2024 13:58:01.006 INFO [http-nio-9998-exec-53] org.apache.catalina.core.ApplicationContext.log Manager: list: Listing contexts for virtual host 'localhost'
02-Oct-2024 13:58:01.018 INFO [http-nio-9998-exec-58] org.apache.catalina.core.ApplicationContext.log Manager: restart: Reloading web application '/SWP_OCMS'
02-Oct-2024 14:09:45.383 INFO [http-nio-9998-exec-64] org.apache.catalina.core.ApplicationContext.log Manager: list: Listing contexts for virtual host 'localhost'
02-Oct-2024 14:09:45.387 INFO [http-nio-9998-exec-65] org.apache.catalina.core.ApplicationContext.log Manager: restart: Reloading web application '/SWP_OCMS'
02-Oct-2024 14:10:35.649 INFO [http-nio-9998-exec-64] org.apache.catalina.core.ApplicationContext.log Manager: list: Listing contexts for virtual host 'localhost'
02-Oct-2024 14:10:35.653 INFO [http-nio-9998-exec-70] org.apache.catalina.core.ApplicationContext.log Manager: restart: Reloading web application '/SWP_OCMS'
02-Oct-2024 14:11:02.825 INFO [http-nio-9998-exec-62] org.apache.catalina.core.ApplicationContext.log Manager: list: Listing contexts for virtual host 'localhost'
02-Oct-2024 14:11:02.829 INFO [http-nio-9998-exec-73] org.apache.catalina.core.ApplicationContext.log Manager: restart: Reloading web application '/SWP_OCMS'
02-Oct-2024 14:11:10.018 INFO [http-nio-9998-exec-62] org.apache.catalina.core.ApplicationContext.log Manager: list: Listing contexts for virtual host 'localhost'
02-Oct-2024 14:11:10.027 INFO [http-nio-9998-exec-74] org.apache.catalina.core.ApplicationContext.log Manager: restart: Reloading web application '/SWP_OCMS'
02-Oct-2024 14:11:20.757 INFO [http-nio-9998-exec-70] org.apache.catalina.core.ApplicationContext.log Manager: list: Listing contexts for virtual host 'localhost'
02-Oct-2024 14:11:20.766 INFO [http-nio-9998-exec-70] org.apache.catalina.core.ApplicationContext.log Manager: restart: Reloading web application '/SWP_OCMS'
02-Oct-2024 14:16:15.159 INFO [http-nio-9998-exec-77] org.apache.catalina.core.ApplicationContext.log Manager: list: Listing contexts for virtual host 'localhost'
02-Oct-2024 14:25:36.520 INFO [http-nio-9998-exec-81] org.apache.catalina.core.ApplicationContext.log Manager: list: Listing contexts for virtual host 'localhost'
02-Oct-2024 14:25:36.526 INFO [http-nio-9998-exec-82] org.apache.catalina.core.ApplicationContext.log Manager: restart: Reloading web application '/SWP_OCMS'
02-Oct-2024 14:54:34.909 INFO [http-nio-9998-exec-88] org.apache.catalina.core.ApplicationContext.log Manager: list: Listing contexts for virtual host 'localhost'
02-Oct-2024 14:54:34.917 INFO [http-nio-9998-exec-91] org.apache.catalina.core.ApplicationContext.log Manager: list: Listing contexts for virtual host 'localhost'
02-Oct-2024 14:54:35.288 INFO [http-nio-9998-exec-89] org.apache.catalina.core.ApplicationContext.log Manager: undeploy: Undeploying web application at '/Assignment'
02-Oct-2024 14:54:37.159 INFO [http-nio-9998-exec-91] org.apache.catalina.core.ApplicationContext.log Manager: install: Installing context configuration at 'file:/C:/Users/MANHPT~1/AppData/Local/Temp/context10647888645218634346.xml'
02-Oct-2024 14:54:38.840 INFO [http-nio-9998-exec-90] org.apache.catalina.core.ApplicationContext.log Manager: start: Starting web application '/Assignment'
