30-Sep-2024 12:09:09.797 INFO [http-nio-9998-exec-6] org.apache.catalina.core.ApplicationContext.log Manager: init: Associated with Deployer 'Catalina:type=Deployer,host=localhost'
30-Sep-2024 12:09:09.797 INFO [http-nio-9998-exec-6] org.apache.catalina.core.ApplicationContext.log Manager: init: Global resources are available
30-Sep-2024 12:09:09.884 INFO [http-nio-9998-exec-10] org.apache.catalina.core.ApplicationContext.log Manager: list: Listing contexts for virtual host 'localhost'
30-Sep-2024 12:09:09.914 INFO [http-nio-9998-exec-4] org.apache.catalina.core.ApplicationContext.log Manager: list: Listing contexts for virtual host 'localhost'
30-Sep-2024 12:09:10.343 INFO [http-nio-9998-exec-2] org.apache.catalina.core.ApplicationContext.log Manager: undeploy: Undeploying web application at '/SWP_OCMS'
30-Sep-2024 12:09:10.939 INFO [http-nio-9998-exec-3] org.apache.catalina.core.ApplicationContext.log Manager: install: Installing context configuration at 'file:/C:/Users/MANHPT~1/AppData/Local/Temp/context14877851269359963938.xml'
30-Sep-2024 12:09:11.637 INFO [http-nio-9998-exec-7] org.apache.catalina.core.ApplicationContext.log Manager: start: Starting web application '/SWP_OCMS'
30-Sep-2024 12:17:08.867 INFO [http-nio-9998-exec-20] org.apache.catalina.core.ApplicationContext.log Manager: list: Listing contexts for virtual host 'localhost'
30-Sep-2024 12:17:08.889 INFO [http-nio-9998-exec-12] org.apache.catalina.core.ApplicationContext.log Manager: restart: Reloading web application '/SWP_OCMS'
30-Sep-2024 12:22:01.496 INFO [http-nio-9998-exec-30] org.apache.catalina.core.ApplicationContext.log Manager: list: Listing contexts for virtual host 'localhost'
30-Sep-2024 12:25:54.051 INFO [http-nio-9998-exec-27] org.apache.catalina.core.ApplicationContext.log Manager: list: Listing contexts for virtual host 'localhost'
30-Sep-2024 12:25:54.077 INFO [http-nio-9998-exec-28] org.apache.catalina.core.ApplicationContext.log Manager: stop: Stopping web application '/SWP_OCMS'
30-Sep-2024 12:25:54.110 INFO [http-nio-9998-exec-28] org.apache.catalina.core.ApplicationContext.log Manager: start: Starting web application '/SWP_OCMS'
30-Sep-2024 12:25:56.098 INFO [http-nio-9998-exec-30] org.apache.catalina.core.ApplicationContext.log Manager: list: Listing contexts for virtual host 'localhost'
30-Sep-2024 12:25:56.132 INFO [http-nio-9998-exec-26] org.apache.catalina.core.ApplicationContext.log Manager: restart: Reloading web application '/SWP_OCMS'
30-Sep-2024 12:29:48.198 INFO [http-nio-9998-exec-33] org.apache.catalina.core.ApplicationContext.log Manager: list: Listing contexts for virtual host 'localhost'
30-Sep-2024 12:29:48.206 INFO [http-nio-9998-exec-34] org.apache.catalina.core.ApplicationContext.log Manager: restart: Reloading web application '/SWP_OCMS'
30-Sep-2024 12:30:31.808 INFO [http-nio-9998-exec-21] org.apache.catalina.core.ApplicationContext.log Manager: list: Listing contexts for virtual host 'localhost'
30-Sep-2024 12:30:31.813 INFO [http-nio-9998-exec-29] org.apache.catalina.core.ApplicationContext.log Manager: restart: Reloading web application '/SWP_OCMS'
30-Sep-2024 12:31:40.687 INFO [http-nio-9998-exec-33] org.apache.catalina.core.ApplicationContext.log Manager: list: Listing contexts for virtual host 'localhost'
30-Sep-2024 12:31:40.693 INFO [http-nio-9998-exec-25] org.apache.catalina.core.ApplicationContext.log Manager: restart: Reloading web application '/SWP_OCMS'
30-Sep-2024 12:42:02.679 INFO [http-nio-9998-exec-41] org.apache.catalina.core.ApplicationContext.log Manager: list: Listing contexts for virtual host 'localhost'
30-Sep-2024 12:42:02.685 INFO [http-nio-9998-exec-40] org.apache.catalina.core.ApplicationContext.log Manager: restart: Reloading web application '/SWP_OCMS'
30-Sep-2024 14:16:04.445 INFO [http-nio-9998-exec-53] org.apache.catalina.core.ApplicationContext.log Manager: list: Listing contexts for virtual host 'localhost'
30-Sep-2024 14:16:04.456 INFO [http-nio-9998-exec-54] org.apache.catalina.core.ApplicationContext.log Manager: restart: Reloading web application '/SWP_OCMS'
30-Sep-2024 14:16:37.640 INFO [http-nio-9998-exec-51] org.apache.catalina.core.ApplicationContext.log Manager: list: Listing contexts for virtual host 'localhost'
30-Sep-2024 14:16:37.648 INFO [http-nio-9998-exec-59] org.apache.catalina.core.ApplicationContext.log Manager: restart: Reloading web application '/SWP_OCMS'
30-Sep-2024 14:16:46.158 INFO [http-nio-9998-exec-58] org.apache.catalina.core.ApplicationContext.log Manager: list: Listing contexts for virtual host 'localhost'
30-Sep-2024 14:16:46.165 INFO [http-nio-9998-exec-56] org.apache.catalina.core.ApplicationContext.log Manager: restart: Reloading web application '/SWP_OCMS'
30-Sep-2024 14:19:37.766 INFO [http-nio-9998-exec-65] org.apache.catalina.core.ApplicationContext.log Manager: list: Listing contexts for virtual host 'localhost'
30-Sep-2024 14:19:37.777 INFO [http-nio-9998-exec-66] org.apache.catalina.core.ApplicationContext.log Manager: restart: Reloading web application '/SWP_OCMS'
30-Sep-2024 14:22:06.800 INFO [http-nio-9998-exec-77] org.apache.catalina.core.ApplicationContext.log Manager: list: Listing contexts for virtual host 'localhost'
30-Sep-2024 14:22:06.813 INFO [http-nio-9998-exec-78] org.apache.catalina.core.ApplicationContext.log Manager: restart: Reloading web application '/SWP_OCMS'
30-Sep-2024 14:23:14.365 INFO [http-nio-9998-exec-90] org.apache.catalina.core.ApplicationContext.log Manager: list: Listing contexts for virtual host 'localhost'
30-Sep-2024 14:23:14.371 INFO [http-nio-9998-exec-86] org.apache.catalina.core.ApplicationContext.log Manager: restart: Reloading web application '/SWP_OCMS'
30-Sep-2024 14:25:51.746 INFO [http-nio-9998-exec-96] org.apache.catalina.core.ApplicationContext.log Manager: list: Listing contexts for virtual host 'localhost'
30-Sep-2024 14:25:51.752 INFO [http-nio-9998-exec-84] org.apache.catalina.core.ApplicationContext.log Manager: restart: Reloading web application '/SWP_OCMS'
30-Sep-2024 14:25:53.213 INFO [http-nio-9998-exec-84] org.apache.catalina.core.ApplicationContext.log Manager: list: Listing contexts for virtual host 'localhost'
30-Sep-2024 14:25:53.219 INFO [http-nio-9998-exec-91] org.apache.catalina.core.ApplicationContext.log Manager: restart: Reloading web application '/SWP_OCMS'
30-Sep-2024 14:27:38.918 INFO [http-nio-9998-exec-99] org.apache.catalina.core.ApplicationContext.log Manager: list: Listing contexts for virtual host 'localhost'
30-Sep-2024 14:27:38.927 INFO [http-nio-9998-exec-95] org.apache.catalina.core.ApplicationContext.log Manager: restart: Reloading web application '/SWP_OCMS'
30-Sep-2024 15:19:53.897 INFO [http-nio-9998-exec-104] org.apache.catalina.core.ApplicationContext.log Manager: list: Listing contexts for virtual host 'localhost'
30-Sep-2024 15:19:53.997 INFO [http-nio-9998-exec-107] org.apache.catalina.core.ApplicationContext.log Manager: restart: Reloading web application '/SWP_OCMS'
30-Sep-2024 15:19:56.994 INFO [http-nio-9998-exec-105] org.apache.catalina.core.ApplicationContext.log Manager: list: Listing contexts for virtual host 'localhost'
30-Sep-2024 15:19:57.000 INFO [http-nio-9998-exec-111] org.apache.catalina.core.ApplicationContext.log Manager: restart: Reloading web application '/SWP_OCMS'
30-Sep-2024 15:20:35.626 INFO [http-nio-9998-exec-112] org.apache.catalina.core.ApplicationContext.log Manager: list: Listing contexts for virtual host 'localhost'
30-Sep-2024 15:20:35.633 INFO [http-nio-9998-exec-103] org.apache.catalina.core.ApplicationContext.log Manager: restart: Reloading web application '/SWP_OCMS'
30-Sep-2024 15:32:51.557 INFO [http-nio-9998-exec-122] org.apache.catalina.core.ApplicationContext.log Manager: list: Listing contexts for virtual host 'localhost'
30-Sep-2024 15:32:51.562 INFO [http-nio-9998-exec-125] org.apache.catalina.core.ApplicationContext.log Manager: stop: Stopping web application '/SWP_OCMS'
30-Sep-2024 15:32:51.568 INFO [http-nio-9998-exec-120] org.apache.catalina.core.ApplicationContext.log Manager: start: Starting web application '/SWP_OCMS'
30-Sep-2024 15:33:49.861 INFO [http-nio-9998-exec-127] org.apache.catalina.core.ApplicationContext.log Manager: list: Listing contexts for virtual host 'localhost'
30-Sep-2024 15:33:49.874 INFO [http-nio-9998-exec-119] org.apache.catalina.core.ApplicationContext.log Manager: stop: Stopping web application '/SWP_OCMS'
30-Sep-2024 15:33:49.916 INFO [http-nio-9998-exec-124] org.apache.catalina.core.ApplicationContext.log Manager: start: Starting web application '/SWP_OCMS'
30-Sep-2024 15:34:36.863 INFO [http-nio-9998-exec-116] org.apache.catalina.core.ApplicationContext.log Manager: list: Listing contexts for virtual host 'localhost'
30-Sep-2024 15:34:36.868 INFO [http-nio-9998-exec-123] org.apache.catalina.core.ApplicationContext.log Manager: restart: Reloading web application '/SWP_OCMS'
30-Sep-2024 15:36:00.947 INFO [http-nio-9998-exec-136] org.apache.catalina.core.ApplicationContext.log Manager: list: Listing contexts for virtual host 'localhost'
30-Sep-2024 15:36:00.951 INFO [http-nio-9998-exec-134] org.apache.catalina.core.ApplicationContext.log Manager: restart: Reloading web application '/SWP_OCMS'
30-Sep-2024 15:37:48.033 INFO [http-nio-9998-exec-146] org.apache.catalina.core.ApplicationContext.log Manager: list: Listing contexts for virtual host 'localhost'
30-Sep-2024 15:37:48.038 INFO [http-nio-9998-exec-147] org.apache.catalina.core.ApplicationContext.log Manager: restart: Reloading web application '/SWP_OCMS'
30-Sep-2024 15:39:49.508 INFO [http-nio-9998-exec-144] org.apache.catalina.core.ApplicationContext.log Manager: list: Listing contexts for virtual host 'localhost'
30-Sep-2024 15:39:49.517 INFO [http-nio-9998-exec-150] org.apache.catalina.core.ApplicationContext.log Manager: restart: Reloading web application '/SWP_OCMS'
30-Sep-2024 15:43:38.100 INFO [http-nio-9998-exec-153] org.apache.catalina.core.ApplicationContext.log Manager: list: Listing contexts for virtual host 'localhost'
30-Sep-2024 15:43:38.104 INFO [http-nio-9998-exec-160] org.apache.catalina.core.ApplicationContext.log Manager: restart: Reloading web application '/SWP_OCMS'
30-Sep-2024 15:46:38.422 INFO [http-nio-9998-exec-171] org.apache.catalina.core.ApplicationContext.log Manager: list: Listing contexts for virtual host 'localhost'
30-Sep-2024 15:46:38.427 INFO [http-nio-9998-exec-168] org.apache.catalina.core.ApplicationContext.log Manager: restart: Reloading web application '/SWP_OCMS'
30-Sep-2024 15:46:43.477 INFO [http-nio-9998-exec-165] org.apache.catalina.core.ApplicationContext.log Manager: list: Listing contexts for virtual host 'localhost'
30-Sep-2024 15:46:43.486 INFO [http-nio-9998-exec-165] org.apache.catalina.core.ApplicationContext.log Manager: restart: Reloading web application '/SWP_OCMS'
30-Sep-2024 15:50:26.781 INFO [http-nio-9998-exec-184] org.apache.catalina.core.ApplicationContext.log Manager: list: Listing contexts for virtual host 'localhost'
30-Sep-2024 15:50:26.786 INFO [http-nio-9998-exec-178] org.apache.catalina.core.ApplicationContext.log Manager: restart: Reloading web application '/SWP_OCMS'
30-Sep-2024 15:50:44.246 INFO [http-nio-9998-exec-182] org.apache.catalina.core.ApplicationContext.log Manager: list: Listing contexts for virtual host 'localhost'
30-Sep-2024 15:50:44.252 INFO [http-nio-9998-exec-176] org.apache.catalina.core.ApplicationContext.log Manager: restart: Reloading web application '/SWP_OCMS'
30-Sep-2024 15:50:48.981 INFO [http-nio-9998-exec-180] org.apache.catalina.core.ApplicationContext.log Manager: list: Listing contexts for virtual host 'localhost'
30-Sep-2024 15:50:48.987 INFO [http-nio-9998-exec-186] org.apache.catalina.core.ApplicationContext.log Manager: restart: Reloading web application '/SWP_OCMS'
30-Sep-2024 15:51:05.211 INFO [http-nio-9998-exec-183] org.apache.catalina.core.ApplicationContext.log Manager: list: Listing contexts for virtual host 'localhost'
30-Sep-2024 15:51:05.273 INFO [http-nio-9998-exec-187] org.apache.catalina.core.ApplicationContext.log Manager: restart: Reloading web application '/SWP_OCMS'
30-Sep-2024 15:51:10.956 INFO [http-nio-9998-exec-183] org.apache.catalina.core.ApplicationContext.log Manager: list: Listing contexts for virtual host 'localhost'
30-Sep-2024 15:51:10.964 INFO [http-nio-9998-exec-183] org.apache.catalina.core.ApplicationContext.log Manager: restart: Reloading web application '/SWP_OCMS'
30-Sep-2024 15:51:43.866 INFO [http-nio-9998-exec-183] org.apache.catalina.core.ApplicationContext.log Manager: list: Listing contexts for virtual host 'localhost'
30-Sep-2024 15:51:43.872 INFO [http-nio-9998-exec-176] org.apache.catalina.core.ApplicationContext.log Manager: restart: Reloading web application '/SWP_OCMS'
30-Sep-2024 15:51:50.412 INFO [http-nio-9998-exec-187] org.apache.catalina.core.ApplicationContext.log Manager: list: Listing contexts for virtual host 'localhost'
30-Sep-2024 15:51:50.416 INFO [http-nio-9998-exec-187] org.apache.catalina.core.ApplicationContext.log Manager: restart: Reloading web application '/SWP_OCMS'
30-Sep-2024 15:53:49.776 INFO [http-nio-9998-exec-194] org.apache.catalina.core.ApplicationContext.log Manager: list: Listing contexts for virtual host 'localhost'
30-Sep-2024 15:53:49.780 INFO [http-nio-9998-exec-195] org.apache.catalina.core.ApplicationContext.log Manager: restart: Reloading web application '/SWP_OCMS'
30-Sep-2024 15:54:15.448 INFO [http-nio-9998-exec-198] org.apache.catalina.core.ApplicationContext.log Manager: list: Listing contexts for virtual host 'localhost'
30-Sep-2024 15:54:15.454 INFO [http-nio-9998-exec-192] org.apache.catalina.core.ApplicationContext.log Manager: restart: Reloading web application '/SWP_OCMS'
30-Sep-2024 16:07:11.509 INFO [http-nio-9998-exec-206] org.apache.catalina.core.ApplicationContext.log Manager: list: Listing contexts for virtual host 'localhost'
30-Sep-2024 16:07:11.557 INFO [http-nio-9998-exec-208] org.apache.catalina.core.ApplicationContext.log Manager: restart: Reloading web application '/SWP_OCMS'
30-Sep-2024 16:07:34.484 INFO [http-nio-9998-exec-212] org.apache.catalina.core.ApplicationContext.log Manager: list: Listing contexts for virtual host 'localhost'
30-Sep-2024 16:07:34.499 INFO [http-nio-9998-exec-202] org.apache.catalina.core.ApplicationContext.log Manager: restart: Reloading web application '/SWP_OCMS'
30-Sep-2024 16:07:37.158 INFO [http-nio-9998-exec-211] org.apache.catalina.core.ApplicationContext.log Manager: list: Listing contexts for virtual host 'localhost'
30-Sep-2024 16:07:37.164 INFO [http-nio-9998-exec-203] org.apache.catalina.core.ApplicationContext.log Manager: restart: Reloading web application '/SWP_OCMS'
30-Sep-2024 16:07:46.009 INFO [http-nio-9998-exec-202] org.apache.catalina.core.ApplicationContext.log Manager: list: Listing contexts for virtual host 'localhost'
30-Sep-2024 16:07:46.014 INFO [http-nio-9998-exec-203] org.apache.catalina.core.ApplicationContext.log Manager: restart: Reloading web application '/SWP_OCMS'
30-Sep-2024 16:20:09.322 INFO [http-nio-9998-exec-221] org.apache.catalina.core.ApplicationContext.log Manager: list: Listing contexts for virtual host 'localhost'
30-Sep-2024 16:20:09.328 INFO [http-nio-9998-exec-222] org.apache.catalina.core.ApplicationContext.log Manager: stop: Stopping web application '/SWP_OCMS'
30-Sep-2024 16:20:09.521 INFO [http-nio-9998-exec-217] org.apache.catalina.core.ApplicationContext.log Manager: start: Starting web application '/SWP_OCMS'
30-Sep-2024 16:36:58.679 INFO [http-nio-9998-exec-234] org.apache.catalina.core.ApplicationContext.log Manager: list: Listing contexts for virtual host 'localhost'
30-Sep-2024 16:36:58.687 INFO [http-nio-9998-exec-232] org.apache.catalina.core.ApplicationContext.log Manager: list: Listing contexts for virtual host 'localhost'
30-Sep-2024 16:36:59.176 INFO [http-nio-9998-exec-235] org.apache.catalina.core.ApplicationContext.log Manager: undeploy: Undeploying web application at '/SWP_OCMS'
30-Sep-2024 16:36:59.956 INFO [http-nio-9998-exec-238] org.apache.catalina.core.ApplicationContext.log Manager: install: Installing context configuration at 'file:/C:/Users/MANHPT~1/AppData/Local/Temp/context14337659251362321656.xml'
30-Sep-2024 16:37:01.270 INFO [http-nio-9998-exec-236] org.apache.catalina.core.ApplicationContext.log Manager: start: Starting web application '/SWP_OCMS'
30-Sep-2024 16:37:57.228 INFO [http-nio-9998-exec-233] org.apache.catalina.core.ApplicationContext.log Manager: list: Listing contexts for virtual host 'localhost'
30-Sep-2024 16:37:57.233 INFO [http-nio-9998-exec-239] org.apache.catalina.core.ApplicationContext.log Manager: restart: Reloading web application '/SWP_OCMS'
30-Sep-2024 16:38:16.611 INFO [http-nio-9998-exec-242] org.apache.catalina.core.ApplicationContext.log Manager: list: Listing contexts for virtual host 'localhost'
30-Sep-2024 16:38:16.628 INFO [http-nio-9998-exec-246] org.apache.catalina.core.ApplicationContext.log Manager: restart: Reloading web application '/SWP_OCMS'
30-Sep-2024 16:38:42.685 INFO [http-nio-9998-exec-244] org.apache.catalina.core.ApplicationContext.log Manager: list: Listing contexts for virtual host 'localhost'
30-Sep-2024 16:54:05.612 INFO [http-nio-9998-exec-253] org.apache.catalina.core.ApplicationContext.log Manager: list: Listing contexts for virtual host 'localhost'
30-Sep-2024 16:54:05.625 INFO [http-nio-9998-exec-252] org.apache.catalina.core.ApplicationContext.log Manager: restart: Reloading web application '/SWP_OCMS'
30-Sep-2024 16:56:36.101 INFO [http-nio-9998-exec-262] org.apache.catalina.core.ApplicationContext.log Manager: list: Listing contexts for virtual host 'localhost'
30-Sep-2024 16:56:36.113 INFO [http-nio-9998-exec-254] org.apache.catalina.core.ApplicationContext.log Manager: restart: Reloading web application '/SWP_OCMS'
30-Sep-2024 16:59:31.856 INFO [http-nio-9998-exec-259] org.apache.catalina.core.ApplicationContext.log Manager: list: Listing contexts for virtual host 'localhost'
30-Sep-2024 16:59:31.861 INFO [http-nio-9998-exec-261] org.apache.catalina.core.ApplicationContext.log Manager: restart: Reloading web application '/SWP_OCMS'
30-Sep-2024 17:08:42.817 INFO [http-nio-9998-exec-277] org.apache.catalina.core.ApplicationContext.log Manager: list: Listing contexts for virtual host 'localhost'
30-Sep-2024 17:08:42.987 INFO [http-nio-9998-exec-278] org.apache.catalina.core.ApplicationContext.log Manager: restart: Reloading web application '/SWP_OCMS'
30-Sep-2024 17:09:06.291 INFO [http-nio-9998-exec-272] org.apache.catalina.core.ApplicationContext.log Manager: list: Listing contexts for virtual host 'localhost'
30-Sep-2024 17:09:06.309 INFO [http-nio-9998-exec-273] org.apache.catalina.core.ApplicationContext.log Manager: restart: Reloading web application '/SWP_OCMS'
30-Sep-2024 17:09:14.540 INFO [http-nio-9998-exec-272] org.apache.catalina.core.ApplicationContext.log Manager: list: Listing contexts for virtual host 'localhost'
30-Sep-2024 17:09:14.544 INFO [http-nio-9998-exec-274] org.apache.catalina.core.ApplicationContext.log Manager: restart: Reloading web application '/SWP_OCMS'
30-Sep-2024 17:10:59.747 INFO [http-nio-9998-exec-284] org.apache.catalina.core.ApplicationContext.log Manager: list: Listing contexts for virtual host 'localhost'
30-Sep-2024 17:10:59.754 INFO [http-nio-9998-exec-287] org.apache.catalina.core.ApplicationContext.log Manager: restart: Reloading web application '/SWP_OCMS'
30-Sep-2024 17:13:05.302 INFO [http-nio-9998-exec-293] org.apache.catalina.core.ApplicationContext.log Manager: list: Listing contexts for virtual host 'localhost'
