28-Sep-2024 00:00:16.291 INFO [http-nio-9998-exec-17] org.apache.catalina.core.ApplicationContext.log Manager: list: Listing contexts for virtual host 'localhost'
28-Sep-2024 00:00:16.818 INFO [http-nio-9998-exec-19] org.apache.catalina.core.ApplicationContext.log Manager: list: Listing contexts for virtual host 'localhost'
28-Sep-2024 00:00:29.198 INFO [http-nio-9998-exec-19] org.apache.catalina.core.ApplicationContext.log Manager: list: Listing contexts for virtual host 'localhost'
28-Sep-2024 00:13:22.137 INFO [http-nio-9998-exec-20] org.apache.catalina.core.ApplicationContext.log Manager: list: Listing contexts for virtual host 'localhost'
28-Sep-2024 00:13:23.591 INFO [http-nio-9998-exec-17] org.apache.catalina.core.ApplicationContext.log Manager: list: Listing contexts for virtual host 'localhost'
28-Sep-2024 00:14:27.750 INFO [http-nio-9998-exec-16] org.apache.catalina.core.ApplicationContext.log Manager: list: Listing contexts for virtual host 'localhost'
28-Sep-2024 00:14:28.881 INFO [http-nio-9998-exec-17] org.apache.catalina.core.ApplicationContext.log Manager: list: Listing contexts for virtual host 'localhost'
28-Sep-2024 00:15:23.936 INFO [http-nio-9998-exec-16] org.apache.catalina.core.ApplicationContext.log Manager: list: Listing contexts for virtual host 'localhost'
28-Sep-2024 00:15:37.905 INFO [http-nio-9998-exec-12] org.apache.catalina.core.ApplicationContext.log Manager: list: Listing contexts for virtual host 'localhost'
28-Sep-2024 00:15:38.264 INFO [http-nio-9998-exec-15] org.apache.catalina.core.ApplicationContext.log Manager: list: Listing contexts for virtual host 'localhost'
28-Sep-2024 00:15:40.718 INFO [http-nio-9998-exec-16] org.apache.catalina.core.ApplicationContext.log Manager: list: Listing contexts for virtual host 'localhost'
28-Sep-2024 00:15:41.096 INFO [http-nio-9998-exec-13] org.apache.catalina.core.ApplicationContext.log Manager: list: Listing contexts for virtual host 'localhost'
28-Sep-2024 00:15:43.402 INFO [http-nio-9998-exec-16] org.apache.catalina.core.ApplicationContext.log Manager: list: Listing contexts for virtual host 'localhost'
28-Sep-2024 00:17:14.288 INFO [http-nio-9998-exec-12] org.apache.catalina.core.ApplicationContext.log Manager: list: Listing contexts for virtual host 'localhost'
28-Sep-2024 00:19:36.900 INFO [http-nio-9998-exec-11] org.apache.catalina.core.ApplicationContext.log Manager: list: Listing contexts for virtual host 'localhost'
28-Sep-2024 00:19:56.054 INFO [http-nio-9998-exec-20] org.apache.catalina.core.ApplicationContext.log Manager: list: Listing contexts for virtual host 'localhost'
28-Sep-2024 00:21:49.537 INFO [http-nio-9998-exec-19] org.apache.catalina.core.ApplicationContext.log Manager: list: Listing contexts for virtual host 'localhost'
28-Sep-2024 00:22:00.812 INFO [http-nio-9998-exec-13] org.apache.catalina.core.ApplicationContext.log Manager: list: Listing contexts for virtual host 'localhost'
28-Sep-2024 00:22:00.817 INFO [http-nio-9998-exec-12] org.apache.catalina.core.ApplicationContext.log Manager: list: Listing contexts for virtual host 'localhost'
28-Sep-2024 00:22:00.992 INFO [http-nio-9998-exec-13] org.apache.catalina.core.ApplicationContext.log Manager: undeploy: Undeploying web application at '/SWP_OCMS'
28-Sep-2024 00:22:02.026 INFO [http-nio-9998-exec-15] org.apache.catalina.core.ApplicationContext.log Manager: install: Installing context configuration at 'file:/C:/Users/MANHPT~1/AppData/Local/Temp/context13147597177976372116.xml'
28-Sep-2024 00:22:03.563 INFO [http-nio-9998-exec-12] org.apache.catalina.core.ApplicationContext.log Manager: start: Starting web application '/SWP_OCMS'
28-Sep-2024 00:22:48.351 INFO [http-nio-9998-exec-26] org.apache.catalina.core.ApplicationContext.log Manager: list: Listing contexts for virtual host 'localhost'
28-Sep-2024 00:22:48.362 INFO [http-nio-9998-exec-24] org.apache.catalina.core.ApplicationContext.log Manager: list: Listing contexts for virtual host 'localhost'
28-Sep-2024 00:22:48.506 INFO [http-nio-9998-exec-25] org.apache.catalina.core.ApplicationContext.log Manager: undeploy: Undeploying web application at '/SWP_OCMS'
28-Sep-2024 00:22:49.052 INFO [http-nio-9998-exec-16] org.apache.catalina.core.ApplicationContext.log Manager: install: Installing context configuration at 'file:/C:/Users/MANHPT~1/AppData/Local/Temp/context5293806687826747970.xml'
28-Sep-2024 00:22:49.962 INFO [http-nio-9998-exec-24] org.apache.catalina.core.ApplicationContext.log Manager: start: Starting web application '/SWP_OCMS'
28-Sep-2024 00:23:34.565 INFO [http-nio-9998-exec-23] org.apache.catalina.core.ApplicationContext.log Manager: list: Listing contexts for virtual host 'localhost'
28-Sep-2024 00:23:34.572 INFO [http-nio-9998-exec-19] org.apache.catalina.core.ApplicationContext.log Manager: list: Listing contexts for virtual host 'localhost'
28-Sep-2024 00:23:34.665 INFO [http-nio-9998-exec-29] org.apache.catalina.core.ApplicationContext.log Manager: undeploy: Undeploying web application at '/SWP_OCMS'
28-Sep-2024 00:23:35.212 INFO [http-nio-9998-exec-24] org.apache.catalina.core.ApplicationContext.log Manager: install: Installing context configuration at 'file:/C:/Users/MANHPT~1/AppData/Local/Temp/context8815619704791493903.xml'
28-Sep-2024 00:23:36.054 INFO [http-nio-9998-exec-19] org.apache.catalina.core.ApplicationContext.log Manager: start: Starting web application '/SWP_OCMS'
28-Sep-2024 00:30:25.673 INFO [http-nio-9998-exec-41] org.apache.catalina.core.ApplicationContext.log Manager: list: Listing contexts for virtual host 'localhost'
28-Sep-2024 00:30:25.688 INFO [http-nio-9998-exec-37] org.apache.catalina.core.ApplicationContext.log Manager: list: Listing contexts for virtual host 'localhost'
28-Sep-2024 00:30:26.479 INFO [http-nio-9998-exec-39] org.apache.catalina.core.ApplicationContext.log Manager: undeploy: Undeploying web application at '/SWP_OCMS'
28-Sep-2024 00:30:27.079 INFO [http-nio-9998-exec-38] org.apache.catalina.core.ApplicationContext.log Manager: install: Installing context configuration at 'file:/C:/Users/MANHPT~1/AppData/Local/Temp/context18037821590655541565.xml'
28-Sep-2024 00:30:28.696 INFO [http-nio-9998-exec-37] org.apache.catalina.core.ApplicationContext.log Manager: start: Starting web application '/SWP_OCMS'
28-Sep-2024 00:31:48.730 INFO [http-nio-9998-exec-51] org.apache.catalina.core.ApplicationContext.log Manager: list: Listing contexts for virtual host 'localhost'
28-Sep-2024 00:32:24.328 INFO [http-nio-9998-exec-51] org.apache.catalina.core.ApplicationContext.log Manager: list: Listing contexts for virtual host 'localhost'
28-Sep-2024 00:32:24.335 INFO [http-nio-9998-exec-50] org.apache.catalina.core.ApplicationContext.log Manager: restart: Reloading web application '/SWP_OCMS'
28-Sep-2024 00:37:11.172 INFO [http-nio-9998-exec-54] org.apache.catalina.core.ApplicationContext.log Manager: list: Listing contexts for virtual host 'localhost'
28-Sep-2024 00:37:11.176 INFO [http-nio-9998-exec-55] org.apache.catalina.core.ApplicationContext.log Manager: restart: Reloading web application '/SWP_OCMS'
28-Sep-2024 00:37:13.105 INFO [http-nio-9998-exec-52] org.apache.catalina.core.ApplicationContext.log Manager: list: Listing contexts for virtual host 'localhost'
28-Sep-2024 00:37:13.115 INFO [http-nio-9998-exec-62] org.apache.catalina.core.ApplicationContext.log Manager: restart: Reloading web application '/SWP_OCMS'
28-Sep-2024 00:38:41.176 INFO [http-nio-9998-exec-53] org.apache.catalina.core.ApplicationContext.log Manager: list: Listing contexts for virtual host 'localhost'
28-Sep-2024 00:38:41.182 INFO [http-nio-9998-exec-58] org.apache.catalina.core.ApplicationContext.log Manager: restart: Reloading web application '/SWP_OCMS'
28-Sep-2024 00:38:42.708 INFO [http-nio-9998-exec-56] org.apache.catalina.core.ApplicationContext.log Manager: list: Listing contexts for virtual host 'localhost'
28-Sep-2024 00:38:42.714 INFO [http-nio-9998-exec-54] org.apache.catalina.core.ApplicationContext.log Manager: restart: Reloading web application '/SWP_OCMS'
28-Sep-2024 00:45:41.972 INFO [http-nio-9998-exec-69] org.apache.catalina.core.ApplicationContext.log Manager: list: Listing contexts for virtual host 'localhost'
28-Sep-2024 00:45:41.977 INFO [http-nio-9998-exec-70] org.apache.catalina.core.ApplicationContext.log Manager: restart: Reloading web application '/SWP_OCMS'
28-Sep-2024 00:45:44.733 INFO [http-nio-9998-exec-61] org.apache.catalina.core.ApplicationContext.log Manager: list: Listing contexts for virtual host 'localhost'
28-Sep-2024 00:45:44.737 INFO [http-nio-9998-exec-54] org.apache.catalina.core.ApplicationContext.log Manager: restart: Reloading web application '/SWP_OCMS'
28-Sep-2024 00:45:46.182 INFO [http-nio-9998-exec-67] org.apache.catalina.core.ApplicationContext.log Manager: list: Listing contexts for virtual host 'localhost'
28-Sep-2024 00:45:46.188 INFO [http-nio-9998-exec-70] org.apache.catalina.core.ApplicationContext.log Manager: restart: Reloading web application '/SWP_OCMS'
28-Sep-2024 00:50:59.297 INFO [http-nio-9998-exec-61] org.apache.catalina.core.ApplicationContext.log Manager: list: Listing contexts for virtual host 'localhost'
28-Sep-2024 00:50:59.307 INFO [http-nio-9998-exec-77] org.apache.catalina.core.ApplicationContext.log Manager: restart: Reloading web application '/SWP_OCMS'
28-Sep-2024 00:51:01.314 INFO [http-nio-9998-exec-67] org.apache.catalina.core.ApplicationContext.log Manager: list: Listing contexts for virtual host 'localhost'
28-Sep-2024 00:51:01.329 INFO [http-nio-9998-exec-76] org.apache.catalina.core.ApplicationContext.log Manager: restart: Reloading web application '/SWP_OCMS'
28-Sep-2024 00:51:25.018 INFO [http-nio-9998-exec-80] org.apache.catalina.core.ApplicationContext.log Manager: list: Listing contexts for virtual host 'localhost'
28-Sep-2024 00:51:25.023 INFO [http-nio-9998-exec-84] org.apache.catalina.core.ApplicationContext.log Manager: restart: Reloading web application '/SWP_OCMS'
28-Sep-2024 00:51:26.453 INFO [http-nio-9998-exec-65] org.apache.catalina.core.ApplicationContext.log Manager: list: Listing contexts for virtual host 'localhost'
28-Sep-2024 00:51:26.469 INFO [http-nio-9998-exec-86] org.apache.catalina.core.ApplicationContext.log Manager: restart: Reloading web application '/SWP_OCMS'
28-Sep-2024 00:53:12.210 INFO [http-nio-9998-exec-78] org.apache.catalina.core.ApplicationContext.log Manager: list: Listing contexts for virtual host 'localhost'
28-Sep-2024 00:53:12.213 INFO [http-nio-9998-exec-87] org.apache.catalina.core.ApplicationContext.log Manager: restart: Reloading web application '/SWP_OCMS'
28-Sep-2024 00:53:13.478 INFO [http-nio-9998-exec-89] org.apache.catalina.core.ApplicationContext.log Manager: list: Listing contexts for virtual host 'localhost'
28-Sep-2024 00:53:13.482 INFO [http-nio-9998-exec-65] org.apache.catalina.core.ApplicationContext.log Manager: restart: Reloading web application '/SWP_OCMS'
28-Sep-2024 00:53:53.536 INFO [http-nio-9998-exec-80] org.apache.catalina.core.ApplicationContext.log Manager: list: Listing contexts for virtual host 'localhost'
28-Sep-2024 00:53:53.539 INFO [http-nio-9998-exec-78] org.apache.catalina.core.ApplicationContext.log Manager: restart: Reloading web application '/SWP_OCMS'
28-Sep-2024 00:53:54.857 INFO [http-nio-9998-exec-79] org.apache.catalina.core.ApplicationContext.log Manager: list: Listing contexts for virtual host 'localhost'
28-Sep-2024 00:53:54.865 INFO [http-nio-9998-exec-85] org.apache.catalina.core.ApplicationContext.log Manager: restart: Reloading web application '/SWP_OCMS'
28-Sep-2024 08:59:54.946 INFO [http-nio-9998-exec-94] org.apache.catalina.core.ApplicationContext.log Manager: list: Listing contexts for virtual host 'localhost'
28-Sep-2024 08:59:54.980 INFO [http-nio-9998-exec-95] org.apache.catalina.core.ApplicationContext.log Manager: list: Listing contexts for virtual host 'localhost'
28-Sep-2024 08:59:55.421 INFO [http-nio-9998-exec-99] org.apache.catalina.core.ApplicationContext.log Manager: undeploy: Undeploying web application at '/SWP_OCMS'
28-Sep-2024 08:59:56.391 INFO [http-nio-9998-exec-101] org.apache.catalina.core.ApplicationContext.log Manager: install: Installing context configuration at 'file:/C:/Users/MANHPT~1/AppData/Local/Temp/context4312673714829789828.xml'
28-Sep-2024 08:59:59.164 INFO [http-nio-9998-exec-101] org.apache.catalina.core.ApplicationContext.log Manager: start: Starting web application '/SWP_OCMS'
28-Sep-2024 09:00:05.637 INFO [http-nio-9998-exec-94] org.apache.catalina.core.ApplicationContext.log Manager: list: Listing contexts for virtual host 'localhost'
28-Sep-2024 09:00:05.688 INFO [http-nio-9998-exec-103] org.apache.catalina.core.ApplicationContext.log Manager: list: Listing contexts for virtual host 'localhost'
28-Sep-2024 09:00:05.755 INFO [http-nio-9998-exec-97] org.apache.catalina.core.ApplicationContext.log Manager: list: Listing contexts for virtual host 'localhost'
28-Sep-2024 09:00:10.479 INFO [http-nio-9998-exec-93] org.apache.catalina.core.ApplicationContext.log Manager: list: Listing contexts for virtual host 'localhost'
28-Sep-2024 09:00:11.033 INFO [http-nio-9998-exec-96] org.apache.catalina.core.ApplicationContext.log Manager: list: Listing contexts for virtual host 'localhost'
28-Sep-2024 09:00:12.348 INFO [http-nio-9998-exec-103] org.apache.catalina.core.ApplicationContext.log Manager: list: Listing contexts for virtual host 'localhost'
28-Sep-2024 09:00:12.355 INFO [http-nio-9998-exec-105] org.apache.catalina.core.ApplicationContext.log Manager: restart: Reloading web application '/SWP_OCMS'
28-Sep-2024 09:00:19.661 INFO [http-nio-9998-exec-94] org.apache.catalina.core.ApplicationContext.log Manager: list: Listing contexts for virtual host 'localhost'
28-Sep-2024 09:00:19.665 INFO [http-nio-9998-exec-106] org.apache.catalina.core.ApplicationContext.log Manager: restart: Reloading web application '/SWP_OCMS'
28-Sep-2024 09:01:12.463 INFO [http-nio-9998-exec-111] org.apache.catalina.core.ApplicationContext.log Manager: list: Listing contexts for virtual host 'localhost'
28-Sep-2024 09:02:06.309 INFO [http-nio-9998-exec-115] org.apache.catalina.core.ApplicationContext.log Manager: list: Listing contexts for virtual host 'localhost'
28-Sep-2024 09:02:06.316 INFO [http-nio-9998-exec-110] org.apache.catalina.core.ApplicationContext.log Manager: restart: Reloading web application '/SWP_OCMS'
28-Sep-2024 09:02:35.341 INFO [http-nio-9998-exec-116] org.apache.catalina.core.ApplicationContext.log Manager: list: Listing contexts for virtual host 'localhost'
28-Sep-2024 09:02:35.347 INFO [http-nio-9998-exec-94] org.apache.catalina.core.ApplicationContext.log Manager: restart: Reloading web application '/SWP_OCMS'
28-Sep-2024 09:02:36.378 INFO [http-nio-9998-exec-110] org.apache.catalina.core.ApplicationContext.log Manager: list: Listing contexts for virtual host 'localhost'
28-Sep-2024 09:02:36.382 INFO [http-nio-9998-exec-111] org.apache.catalina.core.ApplicationContext.log Manager: restart: Reloading web application '/SWP_OCMS'
28-Sep-2024 09:02:57.717 INFO [http-nio-9998-exec-118] org.apache.catalina.core.ApplicationContext.log Manager: list: Listing contexts for virtual host 'localhost'
28-Sep-2024 09:02:57.725 INFO [http-nio-9998-exec-115] org.apache.catalina.core.ApplicationContext.log Manager: restart: Reloading web application '/SWP_OCMS'
28-Sep-2024 09:02:58.743 INFO [http-nio-9998-exec-115] org.apache.catalina.core.ApplicationContext.log Manager: list: Listing contexts for virtual host 'localhost'
28-Sep-2024 09:02:58.747 INFO [http-nio-9998-exec-111] org.apache.catalina.core.ApplicationContext.log Manager: restart: Reloading web application '/SWP_OCMS'
28-Sep-2024 09:04:05.946 INFO [http-nio-9998-exec-110] org.apache.catalina.core.ApplicationContext.log Manager: list: Listing contexts for virtual host 'localhost'
28-Sep-2024 09:04:05.948 INFO [http-nio-9998-exec-110] org.apache.catalina.core.ApplicationContext.log Manager: restart: Reloading web application '/SWP_OCMS'
28-Sep-2024 09:04:07.229 INFO [http-nio-9998-exec-118] org.apache.catalina.core.ApplicationContext.log Manager: list: Listing contexts for virtual host 'localhost'
28-Sep-2024 09:04:07.232 INFO [http-nio-9998-exec-111] org.apache.catalina.core.ApplicationContext.log Manager: restart: Reloading web application '/SWP_OCMS'
28-Sep-2024 09:04:14.073 INFO [http-nio-9998-exec-110] org.apache.catalina.core.ApplicationContext.log Manager: list: Listing contexts for virtual host 'localhost'
28-Sep-2024 09:04:14.077 INFO [http-nio-9998-exec-125] org.apache.catalina.core.ApplicationContext.log Manager: restart: Reloading web application '/SWP_OCMS'
28-Sep-2024 09:04:15.551 INFO [http-nio-9998-exec-111] org.apache.catalina.core.ApplicationContext.log Manager: list: Listing contexts for virtual host 'localhost'
28-Sep-2024 09:04:15.563 INFO [http-nio-9998-exec-119] org.apache.catalina.core.ApplicationContext.log Manager: restart: Reloading web application '/SWP_OCMS'
28-Sep-2024 09:04:44.408 INFO [http-nio-9998-exec-117] org.apache.catalina.core.ApplicationContext.log Manager: list: Listing contexts for virtual host 'localhost'
28-Sep-2024 09:04:44.416 INFO [http-nio-9998-exec-122] org.apache.catalina.core.ApplicationContext.log Manager: restart: Reloading web application '/SWP_OCMS'
28-Sep-2024 09:04:45.983 INFO [http-nio-9998-exec-128] org.apache.catalina.core.ApplicationContext.log Manager: list: Listing contexts for virtual host 'localhost'
28-Sep-2024 09:04:45.984 INFO [http-nio-9998-exec-110] org.apache.catalina.core.ApplicationContext.log Manager: restart: Reloading web application '/SWP_OCMS'
28-Sep-2024 09:04:47.088 INFO [http-nio-9998-exec-127] org.apache.catalina.core.ApplicationContext.log Manager: list: Listing contexts for virtual host 'localhost'
28-Sep-2024 09:04:47.092 INFO [http-nio-9998-exec-128] org.apache.catalina.core.ApplicationContext.log Manager: restart: Reloading web application '/SWP_OCMS'
28-Sep-2024 09:05:55.698 INFO [http-nio-9998-exec-127] org.apache.catalina.core.ApplicationContext.log Manager: list: Listing contexts for virtual host 'localhost'
28-Sep-2024 09:05:55.703 INFO [http-nio-9998-exec-118] org.apache.catalina.core.ApplicationContext.log Manager: undeploy: Undeploying web application at '/SWP_OCMS'
28-Sep-2024 09:06:14.497 INFO [http-nio-9998-exec-133] org.apache.catalina.core.ApplicationContext.log Manager: list: Listing contexts for virtual host 'localhost'
28-Sep-2024 09:06:14.501 INFO [http-nio-9998-exec-118] org.apache.catalina.core.ApplicationContext.log Manager: list: Listing contexts for virtual host 'localhost'
28-Sep-2024 09:06:14.572 INFO [http-nio-9998-exec-134] org.apache.catalina.core.ApplicationContext.log Manager: install: Installing context configuration at 'file:/C:/Users/MANHPT~1/AppData/Local/Temp/context6065395700885392251.xml'
28-Sep-2024 09:06:15.374 INFO [http-nio-9998-exec-135] org.apache.catalina.core.ApplicationContext.log Manager: start: Starting web application '/SWP_OCMS'
28-Sep-2024 09:07:12.922 INFO [http-nio-9998-exec-138] org.apache.catalina.core.ApplicationContext.log Manager: list: Listing contexts for virtual host 'localhost'
28-Sep-2024 09:07:46.238 INFO [http-nio-9998-exec-139] org.apache.catalina.core.ApplicationContext.log Manager: list: Listing contexts for virtual host 'localhost'
28-Sep-2024 09:10:40.117 INFO [http-nio-9998-exec-138] org.apache.catalina.core.ApplicationContext.log Manager: list: Listing contexts for virtual host 'localhost'
28-Sep-2024 09:10:40.120 INFO [http-nio-9998-exec-139] org.apache.catalina.core.ApplicationContext.log Manager: list: Listing contexts for virtual host 'localhost'
28-Sep-2024 09:10:40.190 INFO [http-nio-9998-exec-141] org.apache.catalina.core.ApplicationContext.log Manager: undeploy: Undeploying web application at '/SWP_OCMS'
28-Sep-2024 09:10:40.748 INFO [http-nio-9998-exec-136] org.apache.catalina.core.ApplicationContext.log Manager: install: Installing context configuration at 'file:/C:/Users/MANHPT~1/AppData/Local/Temp/context3152066469124437446.xml'
28-Sep-2024 09:10:41.509 INFO [http-nio-9998-exec-142] org.apache.catalina.core.ApplicationContext.log Manager: start: Starting web application '/SWP_OCMS'
28-Sep-2024 09:17:53.963 INFO [http-nio-9998-exec-152] org.apache.catalina.core.ApplicationContext.log Manager: list: Listing contexts for virtual host 'localhost'
28-Sep-2024 09:24:14.624 INFO [http-nio-9998-exec-149] org.apache.catalina.core.ApplicationContext.log Manager: list: Listing contexts for virtual host 'localhost'
28-Sep-2024 09:24:14.708 INFO [http-nio-9998-exec-151] org.apache.catalina.core.ApplicationContext.log Manager: restart: Reloading web application '/SWP_OCMS'
28-Sep-2024 09:24:24.914 INFO [http-nio-9998-exec-146] org.apache.catalina.core.ApplicationContext.log Manager: list: Listing contexts for virtual host 'localhost'
28-Sep-2024 09:24:24.921 INFO [http-nio-9998-exec-150] org.apache.catalina.core.ApplicationContext.log Manager: restart: Reloading web application '/SWP_OCMS'
28-Sep-2024 09:24:32.587 INFO [http-nio-9998-exec-149] org.apache.catalina.core.ApplicationContext.log Manager: list: Listing contexts for virtual host 'localhost'
28-Sep-2024 09:24:32.591 INFO [http-nio-9998-exec-148] org.apache.catalina.core.ApplicationContext.log Manager: restart: Reloading web application '/SWP_OCMS'
28-Sep-2024 09:26:49.148 INFO [http-nio-9998-exec-159] org.apache.catalina.core.ApplicationContext.log Manager: list: Listing contexts for virtual host 'localhost'
28-Sep-2024 09:26:49.153 INFO [http-nio-9998-exec-160] org.apache.catalina.core.ApplicationContext.log Manager: restart: Reloading web application '/SWP_OCMS'
28-Sep-2024 09:26:50.475 INFO [http-nio-9998-exec-149] org.apache.catalina.core.ApplicationContext.log Manager: list: Listing contexts for virtual host 'localhost'
28-Sep-2024 09:26:50.565 INFO [http-nio-9998-exec-159] org.apache.catalina.core.ApplicationContext.log Manager: restart: Reloading web application '/SWP_OCMS'
28-Sep-2024 09:26:56.162 INFO [http-nio-9998-exec-163] org.apache.catalina.core.ApplicationContext.log Manager: list: Listing contexts for virtual host 'localhost'
28-Sep-2024 09:26:56.169 INFO [http-nio-9998-exec-162] org.apache.catalina.core.ApplicationContext.log Manager: restart: Reloading web application '/SWP_OCMS'
28-Sep-2024 09:26:57.180 INFO [http-nio-9998-exec-149] org.apache.catalina.core.ApplicationContext.log Manager: list: Listing contexts for virtual host 'localhost'
28-Sep-2024 09:26:57.198 INFO [http-nio-9998-exec-165] org.apache.catalina.core.ApplicationContext.log Manager: restart: Reloading web application '/SWP_OCMS'
28-Sep-2024 09:27:38.572 INFO [http-nio-9998-exec-158] org.apache.catalina.core.ApplicationContext.log Manager: list: Listing contexts for virtual host 'localhost'
28-Sep-2024 09:27:38.577 INFO [http-nio-9998-exec-163] org.apache.catalina.core.ApplicationContext.log Manager: restart: Reloading web application '/SWP_OCMS'
28-Sep-2024 09:30:33.913 INFO [http-nio-9998-exec-171] org.apache.catalina.core.ApplicationContext.log Manager: list: Listing contexts for virtual host 'localhost'
28-Sep-2024 09:30:33.918 INFO [http-nio-9998-exec-165] org.apache.catalina.core.ApplicationContext.log Manager: restart: Reloading web application '/SWP_OCMS'
28-Sep-2024 09:35:58.617 INFO [http-nio-9998-exec-173] org.apache.catalina.core.ApplicationContext.log Manager: list: Listing contexts for virtual host 'localhost'
28-Sep-2024 09:35:58.621 INFO [http-nio-9998-exec-175] org.apache.catalina.core.ApplicationContext.log Manager: restart: Reloading web application '/SWP_OCMS'
28-Sep-2024 10:12:02.832 INFO [http-nio-9998-exec-185] org.apache.catalina.core.ApplicationContext.log Manager: list: Listing contexts for virtual host 'localhost'
28-Sep-2024 10:12:02.949 INFO [http-nio-9998-exec-187] org.apache.catalina.core.ApplicationContext.log Manager: restart: Reloading web application '/SWP_OCMS'
28-Sep-2024 10:14:38.692 INFO [http-nio-9998-exec-184] org.apache.catalina.core.ApplicationContext.log Manager: list: Listing contexts for virtual host 'localhost'
28-Sep-2024 10:14:38.820 INFO [http-nio-9998-exec-181] org.apache.catalina.core.ApplicationContext.log Manager: restart: Reloading web application '/SWP_OCMS'
28-Sep-2024 10:22:18.651 INFO [http-nio-9998-exec-198] org.apache.catalina.core.ApplicationContext.log Manager: list: Listing contexts for virtual host 'localhost'
28-Sep-2024 10:22:18.728 INFO [http-nio-9998-exec-201] org.apache.catalina.core.ApplicationContext.log Manager: restart: Reloading web application '/SWP_OCMS'
28-Sep-2024 10:22:27.380 INFO [http-nio-9998-exec-205] org.apache.catalina.core.ApplicationContext.log Manager: list: Listing contexts for virtual host 'localhost'
28-Sep-2024 10:22:27.385 INFO [http-nio-9998-exec-202] org.apache.catalina.core.ApplicationContext.log Manager: restart: Reloading web application '/SWP_OCMS'
28-Sep-2024 11:11:47.465 INFO [http-nio-9998-exec-209] org.apache.catalina.core.ApplicationContext.log Manager: list: Listing contexts for virtual host 'localhost'
28-Sep-2024 12:50:58.268 INFO [http-nio-9998-exec-220] org.apache.catalina.core.ApplicationContext.log Manager: list: Listing contexts for virtual host 'localhost'
28-Sep-2024 12:50:58.446 INFO [http-nio-9998-exec-223] org.apache.catalina.core.ApplicationContext.log Manager: restart: Reloading web application '/SWP_OCMS'
28-Sep-2024 12:50:59.116 SEVERE [http-nio-9998-exec-223] org.apache.catalina.core.ApplicationContext.log Manager: Error reloading [/SWP_OCMS]
	java.lang.IllegalStateException: Context with name [/SWP_OCMS] has not yet been started
		at org.apache.catalina.core.StandardContext.reload(StandardContext.java:3560)
		at org.apache.catalina.manager.ManagerServlet.reload(ManagerServlet.java:1061)
		at org.apache.catalina.manager.ManagerServlet.doGet(ManagerServlet.java:343)
		at jakarta.servlet.http.HttpServlet.service(HttpServlet.java:564)
		at jakarta.servlet.http.HttpServlet.service(HttpServlet.java:658)
		at org.apache.catalina.core.ApplicationFilterChain.internalDoFilter(ApplicationFilterChain.java:196)
		at org.apache.catalina.core.ApplicationFilterChain.doFilter(ApplicationFilterChain.java:140)
		at org.apache.tomcat.websocket.server.WsFilter.doFilter(WsFilter.java:51)
		at org.apache.catalina.core.ApplicationFilterChain.internalDoFilter(ApplicationFilterChain.java:165)
		at org.apache.catalina.core.ApplicationFilterChain.doFilter(ApplicationFilterChain.java:140)
		at org.apache.catalina.filters.HttpHeaderSecurityFilter.doFilter(HttpHeaderSecurityFilter.java:129)
		at org.apache.catalina.core.ApplicationFilterChain.internalDoFilter(ApplicationFilterChain.java:165)
		at org.apache.catalina.core.ApplicationFilterChain.doFilter(ApplicationFilterChain.java:140)
		at org.apache.catalina.core.StandardWrapperValve.invoke(StandardWrapperValve.java:167)
		at org.apache.catalina.core.StandardContextValve.invoke(StandardContextValve.java:90)
		at org.apache.catalina.authenticator.AuthenticatorBase.invoke(AuthenticatorBase.java:597)
		at org.apache.catalina.valves.RequestFilterValve.process(RequestFilterValve.java:355)
		at org.apache.catalina.valves.RemoteAddrValve.invoke(RemoteAddrValve.java:54)
		at org.apache.catalina.core.StandardHostValve.invoke(StandardHostValve.java:115)
		at org.apache.catalina.valves.ErrorReportValve.invoke(ErrorReportValve.java:93)
		at org.apache.catalina.valves.AbstractAccessLogValve.invoke(AbstractAccessLogValve.java:673)
		at org.apache.catalina.core.StandardEngineValve.invoke(StandardEngineValve.java:74)
		at org.apache.catalina.connector.CoyoteAdapter.service(CoyoteAdapter.java:344)
		at org.apache.coyote.http11.Http11Processor.service(Http11Processor.java:391)
		at org.apache.coyote.AbstractProcessorLight.process(AbstractProcessorLight.java:63)
		at org.apache.coyote.AbstractProtocol$ConnectionHandler.process(AbstractProtocol.java:896)
		at org.apache.tomcat.util.net.NioEndpoint$SocketProcessor.doRun(NioEndpoint.java:1736)
		at org.apache.tomcat.util.net.SocketProcessorBase.run(SocketProcessorBase.java:52)
		at org.apache.tomcat.util.threads.ThreadPoolExecutor.runWorker(ThreadPoolExecutor.java:1191)
		at org.apache.tomcat.util.threads.ThreadPoolExecutor$Worker.run(ThreadPoolExecutor.java:659)
		at org.apache.tomcat.util.threads.TaskThread$WrappingRunnable.run(TaskThread.java:63)
		at java.base/java.lang.Thread.run(Thread.java:842)
28-Sep-2024 12:51:18.057 INFO [http-nio-9998-exec-220] org.apache.catalina.core.ApplicationContext.log Manager: list: Listing contexts for virtual host 'localhost'
28-Sep-2024 12:51:18.071 INFO [http-nio-9998-exec-224] org.apache.catalina.core.ApplicationContext.log Manager: list: Listing contexts for virtual host 'localhost'
28-Sep-2024 12:51:18.440 INFO [http-nio-9998-exec-225] org.apache.catalina.core.ApplicationContext.log Manager: undeploy: Undeploying web application at '/SWP_OCMS'
28-Sep-2024 12:51:19.339 INFO [http-nio-9998-exec-226] org.apache.catalina.core.ApplicationContext.log Manager: install: Installing context configuration at 'file:/C:/Users/MANHPT~1/AppData/Local/Temp/context12347769052359252759.xml'
28-Sep-2024 12:51:24.164 INFO [http-nio-9998-exec-228] org.apache.catalina.core.ApplicationContext.log Manager: start: Starting web application '/SWP_OCMS'
28-Sep-2024 12:52:55.294 INFO [http-nio-9998-exec-232] org.apache.catalina.core.ApplicationContext.log Manager: list: Listing contexts for virtual host 'localhost'
28-Sep-2024 12:52:55.306 INFO [http-nio-9998-exec-229] org.apache.catalina.core.ApplicationContext.log Manager: list: Listing contexts for virtual host 'localhost'
28-Sep-2024 12:52:55.404 INFO [http-nio-9998-exec-235] org.apache.catalina.core.ApplicationContext.log Manager: undeploy: Undeploying web application at '/SWP_OCMS'
28-Sep-2024 12:52:56.701 INFO [http-nio-9998-exec-233] org.apache.catalina.core.ApplicationContext.log Manager: install: Installing context configuration at 'file:/C:/Users/MANHPT~1/AppData/Local/Temp/context6825328608079650313.xml'
28-Sep-2024 12:52:58.563 INFO [http-nio-9998-exec-229] org.apache.catalina.core.ApplicationContext.log Manager: start: Starting web application '/SWP_OCMS'
28-Sep-2024 13:01:27.493 INFO [http-nio-9998-exec-248] org.apache.catalina.core.ApplicationContext.log Manager: list: Listing contexts for virtual host 'localhost'
28-Sep-2024 13:01:27.509 INFO [http-nio-9998-exec-240] org.apache.catalina.core.ApplicationContext.log Manager: list: Listing contexts for virtual host 'localhost'
28-Sep-2024 13:01:27.664 INFO [http-nio-9998-exec-242] org.apache.catalina.core.ApplicationContext.log Manager: undeploy: Undeploying web application at '/SWP_OCMS'
28-Sep-2024 13:01:28.406 INFO [http-nio-9998-exec-245] org.apache.catalina.core.ApplicationContext.log Manager: install: Installing context configuration at 'file:/C:/Users/MANHPT~1/AppData/Local/Temp/context16108284642737606118.xml'
28-Sep-2024 13:01:29.960 INFO [http-nio-9998-exec-241] org.apache.catalina.core.ApplicationContext.log Manager: start: Starting web application '/SWP_OCMS'
28-Sep-2024 15:13:59.766 INFO [http-nio-9998-exec-257] org.apache.catalina.core.ApplicationContext.log Manager: list: Listing contexts for virtual host 'localhost'
28-Sep-2024 15:13:59.944 INFO [http-nio-9998-exec-253] org.apache.catalina.core.ApplicationContext.log Manager: restart: Reloading web application '/SWP_OCMS'
28-Sep-2024 15:14:48.309 INFO [http-nio-9998-exec-249] org.apache.catalina.core.ApplicationContext.log Manager: list: Listing contexts for virtual host 'localhost'
28-Sep-2024 15:14:48.317 INFO [http-nio-9998-exec-255] org.apache.catalina.core.ApplicationContext.log Manager: restart: Reloading web application '/SWP_OCMS'
28-Sep-2024 16:04:56.601 INFO [http-nio-9998-exec-266] org.apache.catalina.core.ApplicationContext.log Manager: list: Listing contexts for virtual host 'localhost'
28-Sep-2024 16:38:34.027 INFO [http-nio-9998-exec-267] org.apache.catalina.core.ApplicationContext.log Manager: list: Listing contexts for virtual host 'localhost'
28-Sep-2024 16:38:34.140 INFO [http-nio-9998-exec-264] org.apache.catalina.core.ApplicationContext.log Manager: restart: Reloading web application '/SWP_OCMS'
28-Sep-2024 17:02:07.641 INFO [http-nio-9998-exec-273] org.apache.catalina.core.ApplicationContext.log Manager: list: Listing contexts for virtual host 'localhost'
28-Sep-2024 17:02:07.658 INFO [http-nio-9998-exec-274] org.apache.catalina.core.ApplicationContext.log Manager: restart: Reloading web application '/SWP_OCMS'
