27-Sep-2024 13:46:17.235 INFO [http-nio-8080-exec-6] org.apache.catalina.core.ApplicationContext.log Manager: init: Associated with Deployer 'Catalina:type=Deployer,host=localhost'
27-Sep-2024 13:46:17.235 INFO [http-nio-8080-exec-6] org.apache.catalina.core.ApplicationContext.log Manager: init: Global resources are available
27-Sep-2024 13:46:17.295 INFO [http-nio-8080-exec-6] org.apache.catalina.core.ApplicationContext.log Manager: list: Listing contexts for virtual host 'localhost'
27-Sep-2024 13:46:18.084 INFO [http-nio-8080-exec-9] org.apache.catalina.core.ApplicationContext.log Manager: undeploy: Undeploying web application at '/SWP_OCMS'
27-Sep-2024 13:46:18.650 INFO [http-nio-8080-exec-4] org.apache.catalina.core.ApplicationContext.log Manager: install: Installing context configuration at 'file:/C:/Users/MANHPT~1/AppData/Local/Temp/context13930952363587973300.xml'
27-Sep-2024 13:46:19.904 INFO [http-nio-8080-exec-4] org.apache.catalina.core.ApplicationContext.log Manager: start: Starting web application '/SWP_OCMS'
27-Sep-2024 16:16:41.897 INFO [http-nio-8080-exec-18] org.apache.catalina.core.ApplicationContext.log Manager: list: Listing contexts for virtual host 'localhost'
27-Sep-2024 16:16:42.002 INFO [http-nio-8080-exec-19] org.apache.catalina.core.ApplicationContext.log Manager: restart: Reloading web application '/SWP_OCMS'
27-Sep-2024 22:51:12.844 INFO [http-nio-8080-exec-9] org.apache.catalina.core.ApplicationContext.log Manager: init: Associated with Deployer 'Catalina:type=Deployer,host=localhost'
27-Sep-2024 22:51:12.844 INFO [http-nio-8080-exec-9] org.apache.catalina.core.ApplicationContext.log Manager: init: Global resources are available
27-Sep-2024 22:51:12.914 INFO [http-nio-8080-exec-10] org.apache.catalina.core.ApplicationContext.log Manager: list: Listing contexts for virtual host 'localhost'
27-Sep-2024 22:51:14.208 INFO [http-nio-8080-exec-3] org.apache.catalina.core.ApplicationContext.log Manager: undeploy: Undeploying web application at '/SWP_OCMS'
27-Sep-2024 22:51:14.844 INFO [http-nio-8080-exec-5] org.apache.catalina.core.ApplicationContext.log Manager: install: Installing context configuration at 'file:/C:/Users/MANHPT~1/AppData/Local/Temp/context17282741840409766263.xml'
27-Sep-2024 22:51:16.359 INFO [http-nio-8080-exec-7] org.apache.catalina.core.ApplicationContext.log Manager: start: Starting web application '/SWP_OCMS'
27-Sep-2024 23:04:50.712 INFO [http-nio-8080-exec-14] org.apache.catalina.core.ApplicationContext.log Manager: list: Listing contexts for virtual host 'localhost'
27-Sep-2024 23:04:50.719 INFO [http-nio-8080-exec-17] org.apache.catalina.core.ApplicationContext.log Manager: list: Listing contexts for virtual host 'localhost'
27-Sep-2024 23:04:50.876 INFO [http-nio-8080-exec-19] org.apache.catalina.core.ApplicationContext.log Manager: undeploy: Undeploying web application at '/SWP_OCMS'
27-Sep-2024 23:04:51.433 INFO [http-nio-8080-exec-18] org.apache.catalina.core.ApplicationContext.log Manager: install: Installing context configuration at 'file:/C:/Users/MANHPT~1/AppData/Local/Temp/context1672996279137758007.xml'
27-Sep-2024 23:04:52.807 INFO [http-nio-8080-exec-18] org.apache.catalina.core.ApplicationContext.log Manager: start: Starting web application '/SWP_OCMS'
27-Sep-2024 23:07:01.137 INFO [http-nio-9998-exec-7] org.apache.catalina.core.ApplicationContext.log Manager: init: Associated with Deployer 'Catalina:type=Deployer,host=localhost'
27-Sep-2024 23:07:01.137 INFO [http-nio-9998-exec-7] org.apache.catalina.core.ApplicationContext.log Manager: init: Global resources are available
27-Sep-2024 23:07:01.213 INFO [http-nio-9998-exec-9] org.apache.catalina.core.ApplicationContext.log Manager: list: Listing contexts for virtual host 'localhost'
27-Sep-2024 23:07:01.247 INFO [http-nio-9998-exec-9] org.apache.catalina.core.ApplicationContext.log Manager: list: Listing contexts for virtual host 'localhost'
27-Sep-2024 23:07:01.326 INFO [http-nio-9998-exec-4] org.apache.catalina.core.ApplicationContext.log Manager: undeploy: Undeploying web application at '/SWP_OCMS'
27-Sep-2024 23:07:01.929 INFO [http-nio-9998-exec-6] org.apache.catalina.core.ApplicationContext.log Manager: install: Installing context configuration at 'file:/C:/Users/MANHPT~1/AppData/Local/Temp/context9620858476781921784.xml'
27-Sep-2024 23:07:04.666 INFO [http-nio-9998-exec-6] org.apache.catalina.core.ApplicationContext.log Manager: start: Starting web application '/SWP_OCMS'
27-Sep-2024 23:08:01.533 INFO [http-nio-9998-exec-17] org.apache.catalina.core.ApplicationContext.log Manager: list: Listing contexts for virtual host 'localhost'
27-Sep-2024 23:08:01.548 INFO [http-nio-9998-exec-18] org.apache.catalina.core.ApplicationContext.log Manager: undeploy: Undeploying web application at '/SWP_OCMS'
27-Sep-2024 23:08:14.973 INFO [http-nio-9998-exec-18] org.apache.catalina.core.ApplicationContext.log Manager: list: Listing contexts for virtual host 'localhost'
27-Sep-2024 23:08:14.988 INFO [http-nio-9998-exec-14] org.apache.catalina.core.ApplicationContext.log Manager: list: Listing contexts for virtual host 'localhost'
27-Sep-2024 23:08:15.120 INFO [http-nio-9998-exec-16] org.apache.catalina.core.ApplicationContext.log Manager: install: Installing context configuration at 'file:/C:/Users/MANHPT~1/AppData/Local/Temp/context12474395209629798075.xml'
27-Sep-2024 23:08:16.456 INFO [http-nio-9998-exec-12] org.apache.catalina.core.ApplicationContext.log Manager: start: Starting web application '/SWP_OCMS'
27-Sep-2024 23:09:39.007 INFO [http-nio-9998-exec-23] org.apache.catalina.core.ApplicationContext.log Manager: list: Listing contexts for virtual host 'localhost'
27-Sep-2024 23:09:39.025 INFO [http-nio-9998-exec-25] org.apache.catalina.core.ApplicationContext.log Manager: list: Listing contexts for virtual host 'localhost'
27-Sep-2024 23:14:45.197 INFO [http-nio-9998-exec-30] org.apache.catalina.core.ApplicationContext.log Manager: list: Listing contexts for virtual host 'localhost'
27-Sep-2024 23:14:45.236 INFO [http-nio-9998-exec-28] org.apache.catalina.core.ApplicationContext.log Manager: restart: Reloading web application '/SWP_OCMS'
27-Sep-2024 23:29:44.266 INFO [http-nio-9998-exec-7] org.apache.catalina.core.ApplicationContext.log Manager: init: Associated with Deployer 'Catalina:type=Deployer,host=localhost'
27-Sep-2024 23:29:44.266 INFO [http-nio-9998-exec-7] org.apache.catalina.core.ApplicationContext.log Manager: init: Global resources are available
27-Sep-2024 23:29:44.335 INFO [http-nio-9998-exec-3] org.apache.catalina.core.ApplicationContext.log Manager: list: Listing contexts for virtual host 'localhost'
27-Sep-2024 23:29:44.358 INFO [http-nio-9998-exec-4] org.apache.catalina.core.ApplicationContext.log Manager: list: Listing contexts for virtual host 'localhost'
27-Sep-2024 23:29:44.572 INFO [http-nio-9998-exec-2] org.apache.catalina.core.ApplicationContext.log Manager: restart: Reloading web application '/SWP_OCMS'
27-Sep-2024 23:30:53.527 INFO [http-nio-9998-exec-14] org.apache.catalina.core.ApplicationContext.log Manager: list: Listing contexts for virtual host 'localhost'
27-Sep-2024 23:30:53.534 INFO [http-nio-9998-exec-8] org.apache.catalina.core.ApplicationContext.log Manager: list: Listing contexts for virtual host 'localhost'
27-Sep-2024 23:55:14.473 INFO [http-nio-9998-exec-18] org.apache.catalina.core.ApplicationContext.log Manager: list: Listing contexts for virtual host 'localhost'
27-Sep-2024 23:55:16.335 INFO [http-nio-9998-exec-19] org.apache.catalina.core.ApplicationContext.log Manager: list: Listing contexts for virtual host 'localhost'
27-Sep-2024 23:58:48.998 INFO [http-nio-9998-exec-18] org.apache.catalina.core.ApplicationContext.log Manager: list: Listing contexts for virtual host 'localhost'
27-Sep-2024 23:59:41.369 INFO [http-nio-9998-exec-20] org.apache.catalina.core.ApplicationContext.log Manager: list: Listing contexts for virtual host 'localhost'
27-Sep-2024 23:59:44.521 INFO [http-nio-9998-exec-20] org.apache.catalina.core.ApplicationContext.log Manager: list: Listing contexts for virtual host 'localhost'
27-Sep-2024 23:59:45.556 INFO [http-nio-9998-exec-18] org.apache.catalina.core.ApplicationContext.log Manager: list: Listing contexts for virtual host 'localhost'
